#
# There is insufficient memory for the Java Runtime Environment to continue.
# Native memory allocation (malloc) failed to allocate 1070416 bytes for Chunk::new
# Possible reasons:
#   The system is out of physical RAM or swap space
#   The process is running with CompressedOops enabled, and the Java Heap may be blocking the growth of the native heap
# Possible solutions:
#   Reduce memory load on the system
#   Increase physical memory or swap space
#   Check if swap backing store is full
#   Decrease Java heap size (-Xmx/-Xms)
#   Decrease number of Java threads
#   Decrease Java thread stack sizes (-Xss)
#   Set larger code cache with -XX:ReservedCodeCacheSize=
#   JVM is running with Unscaled Compressed Oops mode in which the Java heap is
#     placed in the first 4GB address space. The Java Heap base address is the
#     maximum limit for the native heap growth. Please use -XX:HeapBaseMinAddress
#     to set the Java Heap base and to place the Java Heap above 4GB virtual address.
# This output file may be truncated or incomplete.
#
#  Out of Memory Error (arena.cpp:184), pid=14948, tid=10332
#
# JRE version: Java(TM) SE Runtime Environment (18.0.2.1+1) (build 18.0.2.1+1-1)
# Java VM: Java HotSpot(TM) 64-Bit Server VM (18.0.2.1+1-1, mixed mode, sharing, tiered, compressed oops, compressed class ptrs, g1 gc, windows-amd64)
# No core dump will be written. Minidumps are not enabled by default on client versions of Windows
#

---------------  S U M M A R Y ------------

Command Line: -javaagent:E:\IntelliJ IDEA Community Edition 2021.3.2\lib\idea_rt.jar=58345:E:\IntelliJ IDEA Community Edition 2021.3.2\bin -Dfile.encoding=UTF-8 --module-path=D:\CodeCamp\elementarium\target\classes;C:\Users\DELL\.m2\repository\org\openjfx\javafx-controls\17.0.6\javafx-controls-17.0.6-win.jar;C:\Users\DELL\.m2\repository\org\openjfx\javafx-fxml\17.0.6\javafx-fxml-17.0.6-win.jar;C:\Users\DELL\.m2\repository\org\openjfx\javafx-media\18.0.1\javafx-media-18.0.1-win.jar;C:\Users\DELL\.m2\repository\org\controlsfx\controlsfx\11.1.2\controlsfx-11.1.2.jar;C:\Users\DELL\.m2\repository\org\kordamp\bootstrapfx\bootstrapfx-core\0.4.0\bootstrapfx-core-0.4.0.jar;C:\Users\DELL\.m2\repository\com\dlsc\formsfx\formsfx-core\11.6.0\formsfx-core-11.6.0.jar;C:\Users\DELL\.m2\repository\org\openjfx\javafx-graphics\17.0.6\javafx-graphics-17.0.6-win.jar;C:\Users\DELL\.m2\repository\org\openjfx\javafx-base\17.0.6\javafx-base-17.0.6-win.jar -Djdk.module.main=elementarium elementarium/play.Main

Host: Intel(R) Core(TM) i5-7200U CPU @ 2.50GHz, 4 cores, 7G,  Windows 10 , 64 bit Build 19041 (10.0.19041.2251)
Time: Sat Aug  5 19:27:37 2023 SE Asia Standard Time elapsed time: 7.902257 seconds (0d 0h 0m 7s)

---------------  T H R E A D  ---------------

Current thread (0x00000205d2eca110):  JavaThread "C2 CompilerThread0" daemon [_thread_in_native, id=10332, stack(0x0000009581b00000,0x0000009581c00000)]


Current CompileTask:
C2:   7902 2301       4       java.lang.invoke.MethodType::makeImpl (109 bytes)

Stack: [0x0000009581b00000,0x0000009581c00000]
Native frames: (J=compiled Java code, j=interpreted, Vv=VM code, C=native code)
V  [jvm.dll+0x6993aa]
V  [jvm.dll+0x7f46dd]
V  [jvm.dll+0x7f5fee]
V  [jvm.dll+0x7f66a3]
V  [jvm.dll+0x25cf1f]
V  [jvm.dll+0xb8c2f]
V  [jvm.dll+0xb8fa5]
V  [jvm.dll+0x386091]
V  [jvm.dll+0x34fe71]
V  [jvm.dll+0x34f30a]
V  [jvm.dll+0x230101]
V  [jvm.dll+0x22f4d1]
V  [jvm.dll+0x1ba01c]
V  [jvm.dll+0x23ee0a]
V  [jvm.dll+0x23d0f5]
V  [jvm.dll+0x7a6dd1]
V  [jvm.dll+0x7a120a]
V  [jvm.dll+0x698255]
C  [ucrtbase.dll+0x21bb2]
C  [KERNEL32.DLL+0x174b4]
C  [ntdll.dll+0x526a1]


---------------  P R O C E S S  ---------------

Threads class SMR info:
_java_thread_list=0x00000205d7b054b0, length=20, elements={
0x00000205b5640c00, 0x00000205d2ea8860, 0x00000205d2ea94c0, 0x00000205d2ec5e70,
0x00000205d2ec7820, 0x00000205d2ec8960, 0x00000205d2ec9440, 0x00000205d2eca110,
0x00000205d2ecf070, 0x00000205d2ed3c30, 0x00000205d7119470, 0x00000205d76b17f0,
0x00000205d7aff870, 0x00000205d7727130, 0x00000205d7c6ac10, 0x00000205d7c41670,
0x00000205d7f9c8a0, 0x00000205d804d2d0, 0x00000205d80a2110, 0x00000205d80a1c40
}

Java Threads: ( => current thread )
  0x00000205b5640c00 JavaThread "main" [_thread_blocked, id=9356, stack(0x0000009580e00000,0x0000009580f00000)]
  0x00000205d2ea8860 JavaThread "Reference Handler" daemon [_thread_blocked, id=12016, stack(0x0000009581500000,0x0000009581600000)]
  0x00000205d2ea94c0 JavaThread "Finalizer" daemon [_thread_blocked, id=15144, stack(0x0000009581600000,0x0000009581700000)]
  0x00000205d2ec5e70 JavaThread "Signal Dispatcher" daemon [_thread_blocked, id=17228, stack(0x0000009581700000,0x0000009581800000)]
  0x00000205d2ec7820 JavaThread "Attach Listener" daemon [_thread_blocked, id=15684, stack(0x0000009581800000,0x0000009581900000)]
  0x00000205d2ec8960 JavaThread "Service Thread" daemon [_thread_blocked, id=16780, stack(0x0000009581900000,0x0000009581a00000)]
  0x00000205d2ec9440 JavaThread "Monitor Deflation Thread" daemon [_thread_blocked, id=13216, stack(0x0000009581a00000,0x0000009581b00000)]
=>0x00000205d2eca110 JavaThread "C2 CompilerThread0" daemon [_thread_in_native, id=10332, stack(0x0000009581b00000,0x0000009581c00000)]
  0x00000205d2ecf070 JavaThread "C1 CompilerThread0" daemon [_thread_blocked, id=5536, stack(0x0000009581c00000,0x0000009581d00000)]
  0x00000205d2ed3c30 JavaThread "Sweeper thread" daemon [_thread_blocked, id=2664, stack(0x0000009581d00000,0x0000009581e00000)]
  0x00000205d7119470 JavaThread "Common-Cleaner" daemon [_thread_blocked, id=8284, stack(0x0000009581e00000,0x0000009581f00000)]
  0x00000205d76b17f0 JavaThread "Monitor Ctrl-Break" daemon [_thread_in_native, id=2684, stack(0x0000009582000000,0x0000009582100000)]
  0x00000205d7aff870 JavaThread "Notification Thread" daemon [_thread_blocked, id=9444, stack(0x0000009582100000,0x0000009582200000)]
  0x00000205d7727130 JavaThread "QuantumRenderer-0" daemon [_thread_blocked, id=5480, stack(0x0000009582600000,0x0000009582700000)]
  0x00000205d7c6ac10 JavaThread "InvokeLaterDispatcher" daemon [_thread_blocked, id=15372, stack(0x0000009582800000,0x0000009582900000)]
  0x00000205d7c41670 JavaThread "JavaFX Application Thread" [_thread_in_native, id=10052, stack(0x0000009582900000,0x0000009582a00000)]
  0x00000205d7f9c8a0 JavaThread "Thread-1" daemon [_thread_in_native, id=11184, stack(0x0000009582d00000,0x0000009582e00000)]
  0x00000205d804d2d0 JavaThread "JavaFX-Launcher" [_thread_blocked, id=12736, stack(0x0000009582e00000,0x0000009582f00000)]
  0x00000205d80a2110 JavaThread "mysql-cj-abandoned-connection-cleanup" daemon [_thread_blocked, id=10088, stack(0x0000009582f00000,0x0000009583000000)]
  0x00000205d80a1c40 JavaThread "Prism Font Disposer" daemon [_thread_blocked, id=15564, stack(0x0000009583200000,0x0000009583300000)]

Other Threads:
  0x00000205b570ecc0 VMThread "VM Thread" [stack: 0x0000009581400000,0x0000009581500000] [id=14244]
  0x00000205d7673510 WatcherThread "VM Periodic Task Thread" [stack: 0x0000009582200000,0x0000009582300000] [id=8668]
  0x00000205b56a07a0 WorkerThread "GC Thread#0" [stack: 0x0000009580f00000,0x0000009581000000] [id=12740]
  0x00000205d7612710 WorkerThread "GC Thread#1" [stack: 0x0000009582300000,0x0000009582400000] [id=13236]
  0x00000205d7c86450 WorkerThread "GC Thread#2" [stack: 0x0000009582400000,0x0000009582500000] [id=17188]
  0x00000205d7a15120 WorkerThread "GC Thread#3" [stack: 0x0000009582500000,0x0000009582600000] [id=7628]
  0x00000205b56b12d0 ConcurrentGCThread "G1 Main Marker" [stack: 0x0000009581000000,0x0000009581100000] [id=5720]
  0x00000205b56b1cc0 WorkerThread "G1 Conc#0" [stack: 0x0000009581100000,0x0000009581200000] [id=10440]
  0x00000205b56ef7f0 ConcurrentGCThread "G1 Refine#0" [stack: 0x0000009581200000,0x0000009581300000] [id=16864]
  0x00000205b56f0100 ConcurrentGCThread "G1 Service" [stack: 0x0000009581300000,0x0000009581400000] [id=1768]

Threads with active compile tasks:
C2 CompilerThread0     7954 2301       4       java.lang.invoke.MethodType::makeImpl (109 bytes)

VM state: not at safepoint (normal execution)

VM Mutex/Monitor currently owned by a thread: None

Heap address: 0x0000000082000000, size: 2016 MB, Compressed Oops mode: 32-bit

CDS archive(s) mapped at: [0x0000000800000000-0x0000000800ba0000-0x0000000800ba0000), size 12189696, SharedBaseAddress: 0x0000000800000000, ArchiveRelocationMode: 0.
Compressed class space mapped at: 0x0000000800c00000-0x0000000840c00000, reserved size: 1073741824
Narrow klass base: 0x0000000800000000, Narrow klass shift: 0, Narrow klass range: 0x100000000

GC Precious Log:
 CardTable entry size: 512
 Card Set container configuration: InlinePtr #cards 5 size 8 Array Of Cards #cards 12 size 40 Howl #buckets 4 coarsen threshold 1843 Howl Bitmap #cards 512 size 80 coarsen threshold 460 Card regions per heap region 1 cards per card region 2048
 CPUs: 4 total, 4 available
 Memory: 8057M
 Large Page Support: Disabled
 NUMA Support: Disabled
 Compressed Oops: Enabled (32-bit)
 Heap Region Size: 1M
 Heap Min Capacity: 8M
 Heap Initial Capacity: 126M
 Heap Max Capacity: 2016M
 Pre-touch: Disabled
 Parallel Workers: 4
 Concurrent Workers: 1
 Concurrent Refinement Workers: 4
 Periodic GC: Disabled

Heap:
 garbage-first heap   total 129024K, used 67365K [0x0000000082000000, 0x0000000100000000)
  region size 1024K, 37 young (37888K), 3 survivors (3072K)
 Metaspace       used 20703K, committed 20992K, reserved 1114112K
  class space    used 2575K, committed 2688K, reserved 1048576K

Heap Regions: E=young(eden), S=young(survivor), O=old, HS=humongous(starts), HC=humongous(continues), CS=collection set, F=free, OA=open archive, CA=closed archive, TAMS=top-at-mark-start (previous, next)
|   0|0x0000000082000000, 0x0000000082100000, 0x0000000082100000|100%|HS|  |TAMS 0x0000000082000000, 0x0000000082000000| Complete 
|   1|0x0000000082100000, 0x0000000082200000, 0x0000000082200000|100%|HC|  |TAMS 0x0000000082100000, 0x0000000082100000| Complete 
|   2|0x0000000082200000, 0x0000000082300000, 0x0000000082300000|100%|HC|  |TAMS 0x0000000082200000, 0x0000000082200000| Complete 
|   3|0x0000000082300000, 0x0000000082400000, 0x0000000082400000|100%|HC|  |TAMS 0x0000000082300000, 0x0000000082300000| Complete 
|   4|0x0000000082400000, 0x0000000082500000, 0x0000000082500000|100%|HC|  |TAMS 0x0000000082400000, 0x0000000082400000| Complete 
|   5|0x0000000082500000, 0x0000000082600000, 0x0000000082600000|100%|HC|  |TAMS 0x0000000082500000, 0x0000000082500000| Complete 
|   6|0x0000000082600000, 0x0000000082700000, 0x0000000082700000|100%| O|  |TAMS 0x0000000082600000, 0x0000000082600000| Untracked 
|   7|0x0000000082700000, 0x00000000827da000, 0x0000000082800000| 85%| O|  |TAMS 0x0000000082700000, 0x0000000082700000| Untracked 
|   8|0x0000000082800000, 0x0000000082900000, 0x0000000082900000|100%|HS|  |TAMS 0x0000000082800000, 0x0000000082800000| Complete 
|   9|0x0000000082900000, 0x0000000082a00000, 0x0000000082a00000|100%|HC|  |TAMS 0x0000000082900000, 0x0000000082900000| Complete 
|  10|0x0000000082a00000, 0x0000000082b00000, 0x0000000082b00000|100%|HS|  |TAMS 0x0000000082a00000, 0x0000000082a00000| Complete 
|  11|0x0000000082b00000, 0x0000000082c00000, 0x0000000082c00000|100%|HC|  |TAMS 0x0000000082b00000, 0x0000000082b00000| Complete 
|  12|0x0000000082c00000, 0x0000000082d00000, 0x0000000082d00000|100%|HC|  |TAMS 0x0000000082c00000, 0x0000000082c00000| Complete 
|  13|0x0000000082d00000, 0x0000000082e00000, 0x0000000082e00000|100%|HC|  |TAMS 0x0000000082d00000, 0x0000000082d00000| Complete 
|  14|0x0000000082e00000, 0x0000000082f00000, 0x0000000082f00000|100%|HC|  |TAMS 0x0000000082e00000, 0x0000000082e00000| Complete 
|  15|0x0000000082f00000, 0x0000000083000000, 0x0000000083000000|100%|HC|  |TAMS 0x0000000082f00000, 0x0000000082f00000| Complete 
|  16|0x0000000083000000, 0x0000000083100000, 0x0000000083100000|100%|HS|  |TAMS 0x0000000083000000, 0x0000000083000000| Complete 
|  17|0x0000000083100000, 0x0000000083200000, 0x0000000083200000|100%|HC|  |TAMS 0x0000000083100000, 0x0000000083100000| Complete 
|  18|0x0000000083200000, 0x0000000083300000, 0x0000000083300000|100%|HS|  |TAMS 0x0000000083200000, 0x0000000083200000| Complete 
|  19|0x0000000083300000, 0x0000000083400000, 0x0000000083400000|100%|HC|  |TAMS 0x0000000083300000, 0x0000000083300000| Complete 
|  20|0x0000000083400000, 0x0000000083500000, 0x0000000083500000|100%|HC|  |TAMS 0x0000000083400000, 0x0000000083400000| Complete 
|  21|0x0000000083500000, 0x0000000083600000, 0x0000000083600000|100%|HS|  |TAMS 0x0000000083500000, 0x0000000083500000| Complete 
|  22|0x0000000083600000, 0x0000000083700000, 0x0000000083700000|100%|HC|  |TAMS 0x0000000083600000, 0x0000000083600000| Complete 
|  23|0x0000000083700000, 0x0000000083800000, 0x0000000083800000|100%|HS|  |TAMS 0x0000000083700000, 0x0000000083700000| Complete 
|  24|0x0000000083800000, 0x0000000083900000, 0x0000000083900000|100%|HC|  |TAMS 0x0000000083800000, 0x0000000083800000| Complete 
|  25|0x0000000083900000, 0x0000000083a00000, 0x0000000083a00000|100%|HS|  |TAMS 0x0000000083900000, 0x0000000083900000| Complete 
|  26|0x0000000083a00000, 0x0000000083b00000, 0x0000000083b00000|100%|HC|  |TAMS 0x0000000083a00000, 0x0000000083a00000| Complete 
|  27|0x0000000083b00000, 0x0000000083c00000, 0x0000000083c00000|100%|HC|  |TAMS 0x0000000083b00000, 0x0000000083b00000| Complete 
|  28|0x0000000083c00000, 0x0000000083d00000, 0x0000000083d00000|100%|HC|  |TAMS 0x0000000083c00000, 0x0000000083c00000| Complete 
|  29|0x0000000083d00000, 0x0000000083e00000, 0x0000000083e00000|100%|HS|  |TAMS 0x0000000083d00000, 0x0000000083d00000| Complete 
|  30|0x0000000083e00000, 0x0000000083f00000, 0x0000000083f00000|100%|HC|  |TAMS 0x0000000083e00000, 0x0000000083e00000| Complete 
|  31|0x0000000083f00000, 0x0000000083f00000, 0x0000000084000000|  0%| F|  |TAMS 0x0000000083f00000, 0x0000000083f00000| Untracked 
|  32|0x0000000084000000, 0x0000000084000000, 0x0000000084100000|  0%| F|  |TAMS 0x0000000084000000, 0x0000000084000000| Untracked 
|  33|0x0000000084100000, 0x0000000084100000, 0x0000000084200000|  0%| F|  |TAMS 0x0000000084100000, 0x0000000084100000| Untracked 
|  34|0x0000000084200000, 0x0000000084200000, 0x0000000084300000|  0%| F|  |TAMS 0x0000000084200000, 0x0000000084200000| Untracked 
|  35|0x0000000084300000, 0x0000000084300000, 0x0000000084400000|  0%| F|  |TAMS 0x0000000084300000, 0x0000000084300000| Untracked 
|  36|0x0000000084400000, 0x0000000084400000, 0x0000000084500000|  0%| F|  |TAMS 0x0000000084400000, 0x0000000084400000| Untracked 
|  37|0x0000000084500000, 0x0000000084500000, 0x0000000084600000|  0%| F|  |TAMS 0x0000000084500000, 0x0000000084500000| Untracked 
|  38|0x0000000084600000, 0x0000000084600000, 0x0000000084700000|  0%| F|  |TAMS 0x0000000084600000, 0x0000000084600000| Untracked 
|  39|0x0000000084700000, 0x0000000084700000, 0x0000000084800000|  0%| F|  |TAMS 0x0000000084700000, 0x0000000084700000| Untracked 
|  40|0x0000000084800000, 0x0000000084800000, 0x0000000084900000|  0%| F|  |TAMS 0x0000000084800000, 0x0000000084800000| Untracked 
|  41|0x0000000084900000, 0x0000000084900000, 0x0000000084a00000|  0%| F|  |TAMS 0x0000000084900000, 0x0000000084900000| Untracked 
|  42|0x0000000084a00000, 0x0000000084a00000, 0x0000000084b00000|  0%| F|  |TAMS 0x0000000084a00000, 0x0000000084a00000| Untracked 
|  43|0x0000000084b00000, 0x0000000084b00000, 0x0000000084c00000|  0%| F|  |TAMS 0x0000000084b00000, 0x0000000084b00000| Untracked 
|  44|0x0000000084c00000, 0x0000000084c00000, 0x0000000084d00000|  0%| F|  |TAMS 0x0000000084c00000, 0x0000000084c00000| Untracked 
|  45|0x0000000084d00000, 0x0000000084d00000, 0x0000000084e00000|  0%| F|  |TAMS 0x0000000084d00000, 0x0000000084d00000| Untracked 
|  46|0x0000000084e00000, 0x0000000084e00000, 0x0000000084f00000|  0%| F|  |TAMS 0x0000000084e00000, 0x0000000084e00000| Untracked 
|  47|0x0000000084f00000, 0x0000000084f00000, 0x0000000085000000|  0%| F|  |TAMS 0x0000000084f00000, 0x0000000084f00000| Untracked 
|  48|0x0000000085000000, 0x0000000085000000, 0x0000000085100000|  0%| F|  |TAMS 0x0000000085000000, 0x0000000085000000| Untracked 
|  49|0x0000000085100000, 0x0000000085100000, 0x0000000085200000|  0%| F|  |TAMS 0x0000000085100000, 0x0000000085100000| Untracked 
|  50|0x0000000085200000, 0x0000000085200000, 0x0000000085300000|  0%| F|  |TAMS 0x0000000085200000, 0x0000000085200000| Untracked 
|  51|0x0000000085300000, 0x0000000085300000, 0x0000000085400000|  0%| F|  |TAMS 0x0000000085300000, 0x0000000085300000| Untracked 
|  52|0x0000000085400000, 0x0000000085400000, 0x0000000085500000|  0%| F|  |TAMS 0x0000000085400000, 0x0000000085400000| Untracked 
|  53|0x0000000085500000, 0x0000000085500000, 0x0000000085600000|  0%| F|  |TAMS 0x0000000085500000, 0x0000000085500000| Untracked 
|  54|0x0000000085600000, 0x0000000085600000, 0x0000000085700000|  0%| F|  |TAMS 0x0000000085600000, 0x0000000085600000| Untracked 
|  55|0x0000000085700000, 0x0000000085700000, 0x0000000085800000|  0%| F|  |TAMS 0x0000000085700000, 0x0000000085700000| Untracked 
|  56|0x0000000085800000, 0x0000000085800000, 0x0000000085900000|  0%| F|  |TAMS 0x0000000085800000, 0x0000000085800000| Untracked 
|  57|0x0000000085900000, 0x0000000085900000, 0x0000000085a00000|  0%| F|  |TAMS 0x0000000085900000, 0x0000000085900000| Untracked 
|  58|0x0000000085a00000, 0x0000000085a00000, 0x0000000085b00000|  0%| F|  |TAMS 0x0000000085a00000, 0x0000000085a00000| Untracked 
|  59|0x0000000085b00000, 0x0000000085b00000, 0x0000000085c00000|  0%| F|  |TAMS 0x0000000085b00000, 0x0000000085b00000| Untracked 
|  60|0x0000000085c00000, 0x0000000085c00000, 0x0000000085d00000|  0%| F|  |TAMS 0x0000000085c00000, 0x0000000085c00000| Untracked 
|  61|0x0000000085d00000, 0x0000000085d00000, 0x0000000085e00000|  0%| F|  |TAMS 0x0000000085d00000, 0x0000000085d00000| Untracked 
|  62|0x0000000085e00000, 0x0000000085e00000, 0x0000000085f00000|  0%| F|  |TAMS 0x0000000085e00000, 0x0000000085e00000| Untracked 
|  63|0x0000000085f00000, 0x0000000085f00000, 0x0000000086000000|  0%| F|  |TAMS 0x0000000085f00000, 0x0000000085f00000| Untracked 
|  64|0x0000000086000000, 0x0000000086000000, 0x0000000086100000|  0%| F|  |TAMS 0x0000000086000000, 0x0000000086000000| Untracked 
|  65|0x0000000086100000, 0x0000000086100000, 0x0000000086200000|  0%| F|  |TAMS 0x0000000086100000, 0x0000000086100000| Untracked 
|  66|0x0000000086200000, 0x0000000086200000, 0x0000000086300000|  0%| F|  |TAMS 0x0000000086200000, 0x0000000086200000| Untracked 
|  67|0x0000000086300000, 0x0000000086300000, 0x0000000086400000|  0%| F|  |TAMS 0x0000000086300000, 0x0000000086300000| Untracked 
|  68|0x0000000086400000, 0x0000000086400000, 0x0000000086500000|  0%| F|  |TAMS 0x0000000086400000, 0x0000000086400000| Untracked 
|  69|0x0000000086500000, 0x0000000086500000, 0x0000000086600000|  0%| F|  |TAMS 0x0000000086500000, 0x0000000086500000| Untracked 
|  70|0x0000000086600000, 0x0000000086600000, 0x0000000086700000|  0%| F|  |TAMS 0x0000000086600000, 0x0000000086600000| Untracked 
|  71|0x0000000086700000, 0x0000000086700000, 0x0000000086800000|  0%| F|  |TAMS 0x0000000086700000, 0x0000000086700000| Untracked 
|  72|0x0000000086800000, 0x0000000086800000, 0x0000000086900000|  0%| F|  |TAMS 0x0000000086800000, 0x0000000086800000| Untracked 
|  73|0x0000000086900000, 0x0000000086900000, 0x0000000086a00000|  0%| F|  |TAMS 0x0000000086900000, 0x0000000086900000| Untracked 
|  74|0x0000000086a00000, 0x0000000086a00000, 0x0000000086b00000|  0%| F|  |TAMS 0x0000000086a00000, 0x0000000086a00000| Untracked 
|  75|0x0000000086b00000, 0x0000000086b00000, 0x0000000086c00000|  0%| F|  |TAMS 0x0000000086b00000, 0x0000000086b00000| Untracked 
|  76|0x0000000086c00000, 0x0000000086c00000, 0x0000000086d00000|  0%| F|  |TAMS 0x0000000086c00000, 0x0000000086c00000| Untracked 
|  77|0x0000000086d00000, 0x0000000086d00000, 0x0000000086e00000|  0%| F|  |TAMS 0x0000000086d00000, 0x0000000086d00000| Untracked 
|  78|0x0000000086e00000, 0x0000000086e00000, 0x0000000086f00000|  0%| F|  |TAMS 0x0000000086e00000, 0x0000000086e00000| Untracked 
|  79|0x0000000086f00000, 0x0000000086f00000, 0x0000000087000000|  0%| F|  |TAMS 0x0000000086f00000, 0x0000000086f00000| Untracked 
|  80|0x0000000087000000, 0x0000000087000000, 0x0000000087100000|  0%| F|  |TAMS 0x0000000087000000, 0x0000000087000000| Untracked 
|  81|0x0000000087100000, 0x0000000087100000, 0x0000000087200000|  0%| F|  |TAMS 0x0000000087100000, 0x0000000087100000| Untracked 
|  82|0x0000000087200000, 0x0000000087200000, 0x0000000087300000|  0%| F|  |TAMS 0x0000000087200000, 0x0000000087200000| Untracked 
|  83|0x0000000087300000, 0x0000000087300000, 0x0000000087400000|  0%| F|  |TAMS 0x0000000087300000, 0x0000000087300000| Untracked 
|  84|0x0000000087400000, 0x0000000087400000, 0x0000000087500000|  0%| F|  |TAMS 0x0000000087400000, 0x0000000087400000| Untracked 
|  85|0x0000000087500000, 0x0000000087500000, 0x0000000087600000|  0%| F|  |TAMS 0x0000000087500000, 0x0000000087500000| Untracked 
|  86|0x0000000087600000, 0x0000000087600000, 0x0000000087700000|  0%| F|  |TAMS 0x0000000087600000, 0x0000000087600000| Untracked 
|  87|0x0000000087700000, 0x0000000087700000, 0x0000000087800000|  0%| F|  |TAMS 0x0000000087700000, 0x0000000087700000| Untracked 
|  88|0x0000000087800000, 0x0000000087800000, 0x0000000087900000|  0%| F|  |TAMS 0x0000000087800000, 0x0000000087800000| Untracked 
|  89|0x0000000087900000, 0x0000000087914ff0, 0x0000000087a00000|  8%| E|  |TAMS 0x0000000087900000, 0x0000000087900000| Complete 
|  90|0x0000000087a00000, 0x0000000087b00000, 0x0000000087b00000|100%| E|CS|TAMS 0x0000000087a00000, 0x0000000087a00000| Complete 
|  91|0x0000000087b00000, 0x0000000087c00000, 0x0000000087c00000|100%| E|CS|TAMS 0x0000000087b00000, 0x0000000087b00000| Complete 
|  92|0x0000000087c00000, 0x0000000087d00000, 0x0000000087d00000|100%| E|CS|TAMS 0x0000000087c00000, 0x0000000087c00000| Complete 
|  93|0x0000000087d00000, 0x0000000087e00000, 0x0000000087e00000|100%| E|CS|TAMS 0x0000000087d00000, 0x0000000087d00000| Complete 
|  94|0x0000000087e00000, 0x0000000087f00000, 0x0000000087f00000|100%| E|CS|TAMS 0x0000000087e00000, 0x0000000087e00000| Complete 
|  95|0x0000000087f00000, 0x0000000088000000, 0x0000000088000000|100%| E|CS|TAMS 0x0000000087f00000, 0x0000000087f00000| Complete 
|  96|0x0000000088000000, 0x0000000088100000, 0x0000000088100000|100%| E|CS|TAMS 0x0000000088000000, 0x0000000088000000| Complete 
|  97|0x0000000088100000, 0x0000000088200000, 0x0000000088200000|100%| E|CS|TAMS 0x0000000088100000, 0x0000000088100000| Complete 
|  98|0x0000000088200000, 0x0000000088300000, 0x0000000088300000|100%| E|CS|TAMS 0x0000000088200000, 0x0000000088200000| Complete 
|  99|0x0000000088300000, 0x0000000088400000, 0x0000000088400000|100%| E|CS|TAMS 0x0000000088300000, 0x0000000088300000| Complete 
| 100|0x0000000088400000, 0x0000000088500000, 0x0000000088500000|100%| E|CS|TAMS 0x0000000088400000, 0x0000000088400000| Complete 
| 101|0x0000000088500000, 0x0000000088600000, 0x0000000088600000|100%| E|CS|TAMS 0x0000000088500000, 0x0000000088500000| Complete 
| 102|0x0000000088600000, 0x0000000088700000, 0x0000000088700000|100%| E|CS|TAMS 0x0000000088600000, 0x0000000088600000| Complete 
| 103|0x0000000088700000, 0x0000000088800000, 0x0000000088800000|100%| E|CS|TAMS 0x0000000088700000, 0x0000000088700000| Complete 
| 104|0x0000000088800000, 0x00000000888ef690, 0x0000000088900000| 93%| S|CS|TAMS 0x0000000088800000, 0x0000000088800000| Complete 
| 105|0x0000000088900000, 0x0000000088a00000, 0x0000000088a00000|100%| S|CS|TAMS 0x0000000088900000, 0x0000000088900000| Complete 
| 106|0x0000000088a00000, 0x0000000088b00000, 0x0000000088b00000|100%| S|CS|TAMS 0x0000000088a00000, 0x0000000088a00000| Complete 
| 107|0x0000000088b00000, 0x0000000088c00000, 0x0000000088c00000|100%| E|CS|TAMS 0x0000000088b00000, 0x0000000088b00000| Complete 
| 108|0x0000000088c00000, 0x0000000088d00000, 0x0000000088d00000|100%| E|CS|TAMS 0x0000000088c00000, 0x0000000088c00000| Complete 
| 109|0x0000000088d00000, 0x0000000088e00000, 0x0000000088e00000|100%| E|CS|TAMS 0x0000000088d00000, 0x0000000088d00000| Complete 
| 110|0x0000000088e00000, 0x0000000088f00000, 0x0000000088f00000|100%| E|CS|TAMS 0x0000000088e00000, 0x0000000088e00000| Complete 
| 111|0x0000000088f00000, 0x0000000089000000, 0x0000000089000000|100%| E|  |TAMS 0x0000000088f00000, 0x0000000088f00000| Complete 
| 112|0x0000000089000000, 0x0000000089100000, 0x0000000089100000|100%| E|CS|TAMS 0x0000000089000000, 0x0000000089000000| Complete 
| 113|0x0000000089100000, 0x0000000089200000, 0x0000000089200000|100%| E|CS|TAMS 0x0000000089100000, 0x0000000089100000| Complete 
| 114|0x0000000089200000, 0x0000000089300000, 0x0000000089300000|100%| E|CS|TAMS 0x0000000089200000, 0x0000000089200000| Complete 
| 115|0x0000000089300000, 0x0000000089400000, 0x0000000089400000|100%| E|CS|TAMS 0x0000000089300000, 0x0000000089300000| Complete 
| 116|0x0000000089400000, 0x0000000089500000, 0x0000000089500000|100%| E|CS|TAMS 0x0000000089400000, 0x0000000089400000| Complete 
| 117|0x0000000089500000, 0x0000000089600000, 0x0000000089600000|100%| E|CS|TAMS 0x0000000089500000, 0x0000000089500000| Complete 
| 118|0x0000000089600000, 0x0000000089700000, 0x0000000089700000|100%| E|CS|TAMS 0x0000000089600000, 0x0000000089600000| Complete 
| 119|0x0000000089700000, 0x0000000089800000, 0x0000000089800000|100%| E|CS|TAMS 0x0000000089700000, 0x0000000089700000| Complete 
| 120|0x0000000089800000, 0x0000000089900000, 0x0000000089900000|100%| E|CS|TAMS 0x0000000089800000, 0x0000000089800000| Complete 
| 121|0x0000000089900000, 0x0000000089a00000, 0x0000000089a00000|100%| E|CS|TAMS 0x0000000089900000, 0x0000000089900000| Complete 
| 122|0x0000000089a00000, 0x0000000089b00000, 0x0000000089b00000|100%| E|CS|TAMS 0x0000000089a00000, 0x0000000089a00000| Complete 
| 123|0x0000000089b00000, 0x0000000089c00000, 0x0000000089c00000|100%| E|CS|TAMS 0x0000000089b00000, 0x0000000089b00000| Complete 
| 124|0x0000000089c00000, 0x0000000089d00000, 0x0000000089d00000|100%| E|CS|TAMS 0x0000000089c00000, 0x0000000089c00000| Complete 
| 125|0x0000000089d00000, 0x0000000089e00000, 0x0000000089e00000|100%| E|CS|TAMS 0x0000000089d00000, 0x0000000089d00000| Complete 

Card table byte_map: [0x00000205cc370000,0x00000205cc760000] _byte_map_base: 0x00000205cbf60000

Marking Bits (Prev, Next): (CMBitMap*) 0x00000205b56a0da0, (CMBitMap*) 0x00000205b56a0de0
 Prev Bits: [0x00000205ccb50000, 0x00000205cead0000)
 Next Bits: [0x00000205cead0000, 0x00000205d0a50000)

Polling page: 0x00000205b33c0000

Metaspace:

Usage:
  Non-class:     17.70 MB used.
      Class:      2.52 MB used.
       Both:     20.22 MB used.

Virtual space:
  Non-class space:       64.00 MB reserved,      17.88 MB ( 28%) committed,  1 nodes.
      Class space:        1.00 GB reserved,       2.62 MB ( <1%) committed,  1 nodes.
             Both:        1.06 GB reserved,      20.50 MB (  2%) committed. 

Chunk freelists:
   Non-Class:  1.85 MB
       Class:  1.39 MB
        Both:  3.24 MB

MaxMetaspaceSize: unlimited
CompressedClassSpaceSize: 1.00 GB
Initial GC threshold: 21.00 MB
Current GC threshold: 21.00 MB
CDS: on
MetaspaceReclaimPolicy: balanced
 - commit_granule_bytes: 65536.
 - commit_granule_words: 8192.
 - virtual_space_node_default_size: 8388608.
 - enlarge_chunks_in_place: 1.
 - new_chunks_are_fully_committed: 0.
 - uncommit_free_chunks: 1.
 - use_allocation_guard: 0.


Internal statistics:

num_allocs_failed_limit: 0.
num_arena_births: 288.
num_arena_deaths: 0.
num_vsnodes_births: 2.
num_vsnodes_deaths: 0.
num_space_committed: 328.
num_space_uncommitted: 0.
num_chunks_returned_to_freelist: 0.
num_chunks_taken_from_freelist: 800.
num_chunk_merges: 0.
num_chunk_splits: 555.
num_chunks_enlarged: 426.
num_inconsistent_stats: 0.

CodeHeap 'non-profiled nmethods': size=120000Kb used=861Kb max_used=861Kb free=119139Kb
 bounds [0x00000205c4a50000, 0x00000205c4cc0000, 0x00000205cbf80000]
CodeHeap 'profiled nmethods': size=120000Kb used=4545Kb max_used=4545Kb free=115454Kb
 bounds [0x00000205bd520000, 0x00000205bd9a0000, 0x00000205c4a50000]
CodeHeap 'non-nmethods': size=5760Kb used=1466Kb max_used=1478Kb free=4293Kb
 bounds [0x00000205bcf80000, 0x00000205bd1f0000, 0x00000205bd520000]
 total_blobs=3134 nmethods=2310 adapters=736
 compilation: enabled
              stopped_count=0, restarted_count=0
 full_count=0

Compilation events (20 events):
Event: 7.842 Thread 0x00000205d2ecf070 2304       3       java.lang.Module::isExported (18 bytes)
Event: 7.842 Thread 0x00000205d2ecf070 nmethod 2304 0x00000205bd98d410 code [0x00000205bd98d5e0, 0x00000205bd98d9e8]
Event: 7.843 Thread 0x00000205d2ecf070 2305       3       java.lang.invoke.LambdaFormEditor$TransformKey::of (49 bytes)
Event: 7.844 Thread 0x00000205d2ecf070 nmethod 2305 0x00000205bd98db90 code [0x00000205bd98dd80, 0x00000205bd98e3b8]
Event: 7.844 Thread 0x00000205d2ecf070 2306       3       java.lang.invoke.LambdaFormEditor$TransformKey::packedBytes (32 bytes)
Event: 7.844 Thread 0x00000205d2ecf070 nmethod 2306 0x00000205bd98e610 code [0x00000205bd98e7a0, 0x00000205bd98e8b8]
Event: 7.845 Thread 0x00000205d2ecf070 2307       3       com.sun.javafx.geom.BaseBounds::<init> (5 bytes)
Event: 7.845 Thread 0x00000205d2ecf070 nmethod 2307 0x00000205bd98e990 code [0x00000205bd98eb20, 0x00000205bd98ec78]
Event: 7.849 Thread 0x00000205d2ecf070 2308       3       java.lang.invoke.DelegatingMethodHandle::<init> (10 bytes)
Event: 7.850 Thread 0x00000205d2ecf070 nmethod 2308 0x00000205bd98ed10 code [0x00000205bd98eee0, 0x00000205bd98f2b8]
Event: 7.850 Thread 0x00000205d2ecf070 2309       3       java.lang.invoke.DelegatingMethodHandle::chooseDelegatingForm (24 bytes)
Event: 7.850 Thread 0x00000205d2ecf070 nmethod 2309 0x00000205bd98f410 code [0x00000205bd98f5c0, 0x00000205bd98f908]
Event: 7.868 Thread 0x00000205d2ecf070 2310       1       java.lang.Class::getClassLoader0 (5 bytes)
Event: 7.868 Thread 0x00000205d2ecf070 nmethod 2310 0x00000205c4b27110 code [0x00000205c4b272a0, 0x00000205c4b27378]
Event: 7.868 Thread 0x00000205d2ecf070 2311       3       jdk.internal.misc.VM::isModuleSystemInited (13 bytes)
Event: 7.868 Thread 0x00000205d2ecf070 nmethod 2311 0x00000205bd98fa10 code [0x00000205bd98fba0, 0x00000205bd98fcf8]
Event: 7.868 Thread 0x00000205d2ecf070 2312       3       java.lang.String::valueOf (15 bytes)
Event: 7.868 Thread 0x00000205d2ecf070 nmethod 2312 0x00000205bd98fd90 code [0x00000205bd98ff40, 0x00000205bd990148]
Event: 7.868 Thread 0x00000205d2ecf070 2314       3       java.nio.charset.CoderResult::isUnderflow (13 bytes)
Event: 7.868 Thread 0x00000205d2ecf070 nmethod 2314 0x00000205bd990210 code [0x00000205bd9903a0, 0x00000205bd990518]

GC Heap History (4 events):
Event: 0.753 GC heap before
{Heap before GC invocations=0 (full 0):
 garbage-first heap   total 129024K, used 12288K [0x0000000082000000, 0x0000000100000000)
  region size 1024K, 13 young (13312K), 0 survivors (0K)
 Metaspace       used 2319K, committed 2496K, reserved 1114112K
  class space    used 234K, committed 320K, reserved 1048576K
}
Event: 0.757 GC heap after
{Heap after GC invocations=1 (full 0):
 garbage-first heap   total 129024K, used 1953K [0x0000000082000000, 0x0000000100000000)
  region size 1024K, 2 young (2048K), 2 survivors (2048K)
 Metaspace       used 2319K, committed 2496K, reserved 1114112K
  class space    used 234K, committed 320K, reserved 1048576K
}
Event: 1.352 GC heap before
{Heap before GC invocations=1 (full 0):
 garbage-first heap   total 129024K, used 24481K [0x0000000082000000, 0x0000000100000000)
  region size 1024K, 19 young (19456K), 2 survivors (2048K)
 Metaspace       used 8095K, committed 8320K, reserved 1114112K
  class space    used 987K, committed 1088K, reserved 1048576K
}
Event: 1.357 GC heap after
{Heap after GC invocations=2 (full 0):
 garbage-first heap   total 129024K, used 11045K [0x0000000082000000, 0x0000000100000000)
  region size 1024K, 3 young (3072K), 3 survivors (3072K)
 Metaspace       used 8095K, committed 8320K, reserved 1114112K
  class space    used 987K, committed 1088K, reserved 1048576K
}

Deoptimization events (20 events):
Event: 7.703 Thread 0x00000205d7c41670 DEOPT PACKING pc=0x00000205c4a60d28 sp=0x00000095829fdcb0
Event: 7.703 Thread 0x00000205d7c41670 DEOPT UNPACKING pc=0x00000205bcfd23a3 sp=0x00000095829fdc58 mode 2
Event: 7.703 Thread 0x00000205d7c41670 Uncommon trap: trap_request=0xffffffde fr.pc=0x00000205c4a60d28 relative=0x00000000000001a8
Event: 7.703 Thread 0x00000205d7c41670 Uncommon trap: reason=class_check action=maybe_recompile pc=0x00000205c4a60d28 method=java.lang.String.equals(Ljava/lang/Object;)Z @ 8 c2
Event: 7.703 Thread 0x00000205d7c41670 DEOPT PACKING pc=0x00000205c4a60d28 sp=0x00000095829fdbc0
Event: 7.703 Thread 0x00000205d7c41670 DEOPT UNPACKING pc=0x00000205bcfd23a3 sp=0x00000095829fdb68 mode 2
Event: 7.703 Thread 0x00000205d7c41670 Uncommon trap: trap_request=0xffffffde fr.pc=0x00000205c4a60d28 relative=0x00000000000001a8
Event: 7.703 Thread 0x00000205d7c41670 Uncommon trap: reason=class_check action=maybe_recompile pc=0x00000205c4a60d28 method=java.lang.String.equals(Ljava/lang/Object;)Z @ 8 c2
Event: 7.703 Thread 0x00000205d7c41670 DEOPT PACKING pc=0x00000205c4a60d28 sp=0x00000095829fdbc0
Event: 7.703 Thread 0x00000205d7c41670 DEOPT UNPACKING pc=0x00000205bcfd23a3 sp=0x00000095829fdb68 mode 2
Event: 7.704 Thread 0x00000205d7c41670 Uncommon trap: trap_request=0xffffffde fr.pc=0x00000205c4a60d28 relative=0x00000000000001a8
Event: 7.704 Thread 0x00000205d7c41670 Uncommon trap: reason=class_check action=maybe_recompile pc=0x00000205c4a60d28 method=java.lang.String.equals(Ljava/lang/Object;)Z @ 8 c2
Event: 7.704 Thread 0x00000205d7c41670 DEOPT PACKING pc=0x00000205c4a60d28 sp=0x00000095829fdb00
Event: 7.704 Thread 0x00000205d7c41670 DEOPT UNPACKING pc=0x00000205bcfd23a3 sp=0x00000095829fdaa8 mode 2
Event: 7.811 Thread 0x00000205d7727130 Uncommon trap: trap_request=0xffffffde fr.pc=0x00000205c4ad0394 relative=0x00000000000001d4
Event: 7.812 Thread 0x00000205d7727130 Uncommon trap: reason=class_check action=maybe_recompile pc=0x00000205c4ad0394 method=java.io.BufferedInputStream.read1([BII)I @ 39 c2
Event: 7.812 Thread 0x00000205d7727130 DEOPT PACKING pc=0x00000205c4ad0394 sp=0x00000095826fdb30
Event: 7.812 Thread 0x00000205d7727130 DEOPT UNPACKING pc=0x00000205bcfd23a3 sp=0x00000095826fdad8 mode 2
Event: 7.868 Thread 0x00000205d7727130 DEOPT PACKING pc=0x00000205bd54ee3e sp=0x00000095826fe990
Event: 7.868 Thread 0x00000205d7727130 DEOPT UNPACKING pc=0x00000205bcfd2b43 sp=0x00000095826fde08 mode 0

Classes loaded (20 events):
Event: 7.770 Loading class java/util/ConcurrentModificationException
Event: 7.770 Loading class java/util/ConcurrentModificationException done
Event: 7.787 Loading class java/util/EnumMap$Values
Event: 7.787 Loading class java/util/EnumMap$Values done
Event: 7.787 Loading class java/util/EnumMap$ValueIterator
Event: 7.787 Loading class java/util/EnumMap$EnumMapIterator
Event: 7.787 Loading class java/util/EnumMap$EnumMapIterator done
Event: 7.787 Loading class java/util/EnumMap$ValueIterator done
Event: 7.788 Loading class java/util/concurrent/locks/ReentrantReadWriteLock$Sync$HoldCounter
Event: 7.788 Loading class java/util/concurrent/locks/ReentrantReadWriteLock$Sync$HoldCounter done
Event: 7.849 Loading class java/nio/ShortBuffer
Event: 7.850 Loading class java/nio/ShortBuffer done
Event: 7.850 Loading class java/nio/DoubleBuffer
Event: 7.850 Loading class java/nio/DoubleBuffer done
Event: 7.850 Loading class java/nio/DirectFloatBufferU
Event: 7.850 Loading class java/nio/DirectFloatBufferU done
Event: 7.867 Loading class java/lang/Throwable$WrappedPrintStream
Event: 7.867 Loading class java/lang/Throwable$PrintStreamOrWriter
Event: 7.867 Loading class java/lang/Throwable$PrintStreamOrWriter done
Event: 7.867 Loading class java/lang/Throwable$WrappedPrintStream done

Classes unloaded (0 events):
No events

Classes redefined (0 events):
No events

Internal exceptions (20 events):
Event: 1.890 Thread 0x00000205d7c41670 Implicit null exception at 0x00000205c4acbb2c to 0x00000205c4acbe10
Event: 1.890 Thread 0x00000205d7c41670 Implicit null exception at 0x00000205c4a7968f to 0x00000205c4a79709
Event: 1.922 Thread 0x00000205d7c41670 Exception <a 'sun/nio/fs/WindowsException'{0x00000000893f64a0}> (0x00000000893f64a0) 
thrown [s\open\src\hotspot\share\prims\jni.cpp, line 516]
Event: 1.943 Thread 0x00000205d7c41670 Exception <a 'java/lang/NoSuchMethodError'{0x00000000892e4e38}: 'java.lang.Object java.lang.invoke.DirectMethodHandle$Holder.invokeInterface(java.lang.Object, java.lang.Object)'> (0x00000000892e4e38) 
thrown [s\open\src\hotspot\share\interpreter\linkResolver.cpp, line 759]
Event: 1.947 Thread 0x00000205d7c41670 Exception <a 'sun/nio/fs/WindowsException'{0x00000000892ef2c0}> (0x00000000892ef2c0) 
thrown [s\open\src\hotspot\share\prims\jni.cpp, line 516]
Event: 1.948 Thread 0x00000205d7c41670 Exception <a 'sun/nio/fs/WindowsException'{0x00000000892f09e0}> (0x00000000892f09e0) 
thrown [s\open\src\hotspot\share\prims\jni.cpp, line 516]
Event: 1.959 Thread 0x00000205d7c41670 Exception <a 'sun/nio/fs/WindowsException'{0x000000008914b080}> (0x000000008914b080) 
thrown [s\open\src\hotspot\share\prims\jni.cpp, line 516]
Event: 1.960 Thread 0x00000205d7c41670 Exception <a 'sun/nio/fs/WindowsException'{0x000000008914c658}> (0x000000008914c658) 
thrown [s\open\src\hotspot\share\prims\jni.cpp, line 516]
Event: 1.969 Thread 0x00000205d7c41670 Exception <a 'java/lang/NoSuchMethodError'{0x000000008916c118}: 'java.lang.Object java.lang.invoke.DirectMethodHandle$Holder.invokeVirtual(java.lang.Object, java.lang.Object, java.lang.Object)'> (0x000000008916c118) 
thrown [s\open\src\hotspot\share\interpreter\linkResolver.cpp, line 759]
Event: 2.045 Thread 0x00000205d7c41670 Exception <a 'sun/nio/fs/WindowsException'{0x0000000088e690e8}> (0x0000000088e690e8) 
thrown [s\open\src\hotspot\share\prims\jni.cpp, line 516]
Event: 2.489 Thread 0x00000205d7c41670 Exception <a 'sun/nio/fs/WindowsException'{0x0000000088cc1360}> (0x0000000088cc1360) 
thrown [s\open\src\hotspot\share\prims\jni.cpp, line 516]
Event: 2.590 Thread 0x00000205d7c41670 Exception <a 'sun/nio/fs/WindowsException'{0x000000008877fe18}> (0x000000008877fe18) 
thrown [s\open\src\hotspot\share\prims\jni.cpp, line 516]
Event: 2.596 Thread 0x00000205d7c41670 Exception <a 'sun/nio/fs/WindowsException'{0x0000000088794760}> (0x0000000088794760) 
thrown [s\open\src\hotspot\share\prims\jni.cpp, line 516]
Event: 2.636 Thread 0x00000205d7c41670 Exception <a 'java/lang/NoSuchMethodError'{0x00000000886c3280}: 'java.lang.Object java.lang.invoke.DirectMethodHandle$Holder.invokeStaticInit(java.lang.Object, int, int, int, int)'> (0x00000000886c3280) 
thrown [s\open\src\hotspot\share\interpreter\linkResolver.cpp, line 759]
Event: 2.705 Thread 0x00000205d7c41670 Exception <a 'java/lang/NoSuchMethodError'{0x00000000886f6e58}: 'java.lang.Object java.lang.invoke.DirectMethodHandle$Holder.invokeStaticInit(java.lang.Object, java.lang.Object, int, int, int, int)'> (0x00000000886f6e58) 
thrown [s\open\src\hotspot\share\interpreter\linkResolver.cpp, line 759]
Event: 7.731 Thread 0x00000205d7c41670 Exception <a 'java/lang/NoSuchMethodError'{0x0000000087df82e0}: 'java.lang.Object java.lang.invoke.DirectMethodHandle$Holder.invokeInterface(java.lang.Object, java.lang.Object, java.lang.Object)'> (0x0000000087df82e0) 
thrown [s\open\src\hotspot\share\interpreter\linkResolver.cpp, line 759]
Event: 7.732 Thread 0x00000205d7c41670 Exception <a 'java/lang/IncompatibleClassChangeError'{0x0000000087dfb9a0}: Found class java.lang.Object, but interface was expected> (0x0000000087dfb9a0) 
thrown [s\open\src\hotspot\share\interpreter\linkResolver.cpp, line 826]
Event: 7.748 Thread 0x00000205d7c41670 Exception <a 'java/lang/NoSuchMethodError'{0x0000000087c7d768}: 'int java.lang.invoke.DirectMethodHandle$Holder.invokeSpecial(java.lang.Object, java.lang.Object, int)'> (0x0000000087c7d768) 
thrown [s\open\src\hotspot\share\interpreter\linkResolver.cpp, line 759]
Event: 7.762 Thread 0x00000205d7c41670 Exception <a 'java/lang/NoSuchMethodError'{0x0000000087cf4368}: 'java.lang.Object java.lang.invoke.DirectMethodHandle$Holder.newInvokeSpecial(java.lang.Object, java.lang.Object, int)'> (0x0000000087cf4368) 
thrown [s\open\src\hotspot\share\interpreter\linkResolver.cpp, line 759]
Event: 7.790 Thread 0x00000205d7727130 Exception <a 'java/lang/NoSuchMethodError'{0x0000000087ba0870}: 'int java.lang.invoke.DirectMethodHandle$Holder.invokeStaticInit(java.lang.Object, java.lang.Object)'> (0x0000000087ba0870) 
thrown [s\open\src\hotspot\share\interpreter\linkResolver.cpp, line 759]

VM Operations (20 events):
Event: 1.927 Executing VM operation: HandshakeAllThreads
Event: 1.927 Executing VM operation: HandshakeAllThreads done
Event: 1.927 Executing VM operation: HandshakeAllThreads
Event: 1.927 Executing VM operation: HandshakeAllThreads done
Event: 1.944 Executing VM operation: HandshakeAllThreads
Event: 1.944 Executing VM operation: HandshakeAllThreads done
Event: 2.596 Executing VM operation: HandshakeAllThreads
Event: 2.596 Executing VM operation: HandshakeAllThreads done
Event: 2.596 Executing VM operation: Cleanup
Event: 2.596 Executing VM operation: Cleanup done
Event: 2.614 Executing VM operation: HandshakeAllThreads
Event: 2.614 Executing VM operation: HandshakeAllThreads done
Event: 3.223 Executing VM operation: HandshakeAllThreads
Event: 3.223 Executing VM operation: HandshakeAllThreads done
Event: 4.224 Executing VM operation: Cleanup
Event: 4.225 Executing VM operation: Cleanup done
Event: 5.225 Executing VM operation: Cleanup
Event: 5.225 Executing VM operation: Cleanup done
Event: 7.225 Executing VM operation: Cleanup
Event: 7.226 Executing VM operation: Cleanup done

Events (20 events):
Event: 0.858 Loaded shared library C:\Users\DELL\.openjfx\cache\17.0.6\glass.dll
Event: 0.860 Thread 0x00000205d7c6ac10 Thread added: 0x00000205d7c6ac10
Event: 0.866 Thread 0x00000205d7c41670 Thread added: 0x00000205d7c41670
Event: 0.953 Thread 0x00000205d7f9c8a0 Thread added: 0x00000205d7f9c8a0
Event: 0.967 Loaded shared library C:\Program Files\Java\jdk-18.0.2.1\bin\jimage.dll
Event: 0.986 Thread 0x00000205d804d2d0 Thread added: 0x00000205d804d2d0
Event: 1.258 Loaded shared library C:\Users\DELL\.openjfx\cache\17.0.6\javafx_iio.dll
Event: 1.388 Thread 0x00000205d71eb730 Thread exited: 0x00000205d71eb730
Event: 1.564 Loaded shared library C:\Users\DELL\.openjfx\cache\17.0.6\javafx_font.dll
Event: 1.662 Thread 0x00000205d8318600 Thread added: 0x00000205d8318600
Event: 1.917 Thread 0x00000205d80a2110 Thread added: 0x00000205d80a2110
Event: 2.169 Thread 0x00000205d8318600 Thread exited: 0x00000205d8318600
Event: 2.520 Loaded shared library C:\Program Files\Java\jdk-18.0.2.1\bin\sunmscapi.dll
Event: 2.544 Thread 0x00000205d824c010 Thread added: 0x00000205d824c010
Event: 2.808 Thread 0x00000205d824c010 Thread exited: 0x00000205d824c010
Event: 2.952 Thread 0x00000205d842f210 Thread added: 0x00000205d842f210
Event: 3.172 Thread 0x00000205d842f210 Thread exited: 0x00000205d842f210
Event: 6.131 Thread 0x00000205d8132bd0 Thread added: 0x00000205d8132bd0
Event: 6.365 Thread 0x00000205d8132bd0 Thread exited: 0x00000205d8132bd0
Event: 7.725 Thread 0x00000205d80a1c40 Thread added: 0x00000205d80a1c40


Dynamic libraries:
0x00007ff6ed9e0000 - 0x00007ff6ed9f0000 	C:\Program Files\Java\jdk-18.0.2.1\bin\java.exe
0x00007ffe9c790000 - 0x00007ffe9c988000 	C:\Windows\SYSTEM32\ntdll.dll
0x00007ffe9a970000 - 0x00007ffe9aa2f000 	C:\Windows\System32\KERNEL32.DLL
0x00007ffe9a120000 - 0x00007ffe9a3f2000 	C:\Windows\System32\KERNELBASE.dll
0x00007ffe99f10000 - 0x00007ffe9a010000 	C:\Windows\System32\ucrtbase.dll
0x00007ffe93850000 - 0x00007ffe9386a000 	C:\Program Files\Java\jdk-18.0.2.1\bin\VCRUNTIME140.dll
0x00007ffe915c0000 - 0x00007ffe915d8000 	C:\Program Files\Java\jdk-18.0.2.1\bin\jli.dll
0x00007ffe9ac70000 - 0x00007ffe9ad1e000 	C:\Windows\System32\ADVAPI32.dll
0x00007ffe9b970000 - 0x00007ffe9ba0e000 	C:\Windows\System32\msvcrt.dll
0x00007ffe9ad20000 - 0x00007ffe9adbc000 	C:\Windows\System32\sechost.dll
0x00007ffe9afc0000 - 0x00007ffe9b0e5000 	C:\Windows\System32\RPCRT4.dll
0x00007ffe9aa30000 - 0x00007ffe9abcd000 	C:\Windows\System32\USER32.dll
0x00007ffe9a400000 - 0x00007ffe9a422000 	C:\Windows\System32\win32u.dll
0x00007ffe9bea0000 - 0x00007ffe9becb000 	C:\Windows\System32\GDI32.dll
0x00007ffe84810000 - 0x00007ffe84aaa000 	C:\Windows\WinSxS\amd64_microsoft.windows.common-controls_6595b64144ccf1df_6.0.19041.1110_none_60b5254171f9507e\COMCTL32.dll
0x00007ffe9a010000 - 0x00007ffe9a11f000 	C:\Windows\System32\gdi32full.dll
0x00007ffe9a6d0000 - 0x00007ffe9a76d000 	C:\Windows\System32\msvcp_win.dll
0x00007ffe954f0000 - 0x00007ffe954fa000 	C:\Windows\SYSTEM32\VERSION.dll
0x00007ffe9af10000 - 0x00007ffe9af42000 	C:\Windows\System32\IMM32.DLL
0x00007ffe97520000 - 0x00007ffe9752c000 	C:\Program Files\Java\jdk-18.0.2.1\bin\vcruntime140_1.dll
0x00007ffe8d100000 - 0x00007ffe8d18d000 	C:\Program Files\Java\jdk-18.0.2.1\bin\msvcp140.dll
0x00007ffe3ce40000 - 0x00007ffe3da51000 	C:\Program Files\Java\jdk-18.0.2.1\bin\server\jvm.dll
0x00007ffe9af00000 - 0x00007ffe9af08000 	C:\Windows\System32\PSAPI.DLL
0x00007ffe97280000 - 0x00007ffe97289000 	C:\Windows\SYSTEM32\WSOCK32.dll
0x00007ffe9ae90000 - 0x00007ffe9aefb000 	C:\Windows\System32\WS2_32.dll
0x00007ffe84b00000 - 0x00007ffe84b27000 	C:\Windows\SYSTEM32\WINMM.dll
0x00007ffe986a0000 - 0x00007ffe986b2000 	C:\Windows\SYSTEM32\kernel.appcore.dll
0x00007ffe966f0000 - 0x00007ffe966fa000 	C:\Program Files\Java\jdk-18.0.2.1\bin\jimage.dll
0x00007ffe97aa0000 - 0x00007ffe97c84000 	C:\Windows\SYSTEM32\DBGHELP.DLL
0x00007ffe85980000 - 0x00007ffe859ac000 	C:\Windows\SYSTEM32\dbgcore.DLL
0x00007ffe9a4e0000 - 0x00007ffe9a562000 	C:\Windows\System32\bcryptPrimitives.dll
0x00007ffe941a0000 - 0x00007ffe941ae000 	C:\Program Files\Java\jdk-18.0.2.1\bin\instrument.dll
0x00007ffe8ddb0000 - 0x00007ffe8ddd5000 	C:\Program Files\Java\jdk-18.0.2.1\bin\java.dll
0x00007ffe70da0000 - 0x00007ffe70e76000 	C:\Program Files\Java\jdk-18.0.2.1\bin\jsvml.dll
0x00007ffe9bff0000 - 0x00007ffe9c733000 	C:\Windows\System32\SHELL32.dll
0x00007ffe97ef0000 - 0x00007ffe98682000 	C:\Windows\SYSTEM32\windows.storage.dll
0x00007ffe9b610000 - 0x00007ffe9b964000 	C:\Windows\System32\combase.dll
0x00007ffe99730000 - 0x00007ffe99760000 	C:\Windows\SYSTEM32\Wldp.dll
0x00007ffe9b560000 - 0x00007ffe9b60d000 	C:\Windows\System32\SHCORE.dll
0x00007ffe9af60000 - 0x00007ffe9afb5000 	C:\Windows\System32\shlwapi.dll
0x00007ffe99dd0000 - 0x00007ffe99def000 	C:\Windows\SYSTEM32\profapi.dll
0x00007ffe8e230000 - 0x00007ffe8e243000 	C:\Program Files\Java\jdk-18.0.2.1\bin\net.dll
0x00007ffe8fac0000 - 0x00007ffe8fbcc000 	C:\Windows\SYSTEM32\WINHTTP.dll
0x00007ffe99510000 - 0x00007ffe9957a000 	C:\Windows\system32\mswsock.dll
0x00007ffe8dd90000 - 0x00007ffe8dda6000 	C:\Program Files\Java\jdk-18.0.2.1\bin\nio.dll
0x00007ffe8daf0000 - 0x00007ffe8db08000 	C:\Program Files\Java\jdk-18.0.2.1\bin\zip.dll
0x00007ffe8d200000 - 0x00007ffe8d21a000 	E:\IntelliJ IDEA Community Edition 2021.3.2\bin\breakgen64.dll
0x00000205b3630000 - 0x00000205b3633000 	C:\Users\DELL\.openjfx\cache\17.0.6\api-ms-win-core-console-l1-1-0.dll
0x00000205b3640000 - 0x00000205b3643000 	C:\Users\DELL\.openjfx\cache\17.0.6\api-ms-win-core-console-l1-2-0.dll
0x00000205b3650000 - 0x00000205b3653000 	C:\Users\DELL\.openjfx\cache\17.0.6\api-ms-win-core-datetime-l1-1-0.dll
0x00000205b5540000 - 0x00000205b5543000 	C:\Users\DELL\.openjfx\cache\17.0.6\api-ms-win-core-debug-l1-1-0.dll
0x00000205b5550000 - 0x00000205b5553000 	C:\Users\DELL\.openjfx\cache\17.0.6\api-ms-win-core-errorhandling-l1-1-0.dll
0x00000205b5560000 - 0x00000205b5564000 	C:\Users\DELL\.openjfx\cache\17.0.6\api-ms-win-core-file-l1-1-0.dll
0x00000205b5570000 - 0x00000205b5573000 	C:\Users\DELL\.openjfx\cache\17.0.6\api-ms-win-core-file-l1-2-0.dll
0x00000205b5580000 - 0x00000205b5583000 	C:\Users\DELL\.openjfx\cache\17.0.6\api-ms-win-core-file-l2-1-0.dll
0x00000205b5590000 - 0x00000205b5593000 	C:\Users\DELL\.openjfx\cache\17.0.6\api-ms-win-core-handle-l1-1-0.dll
0x00000205b55a0000 - 0x00000205b55a3000 	C:\Users\DELL\.openjfx\cache\17.0.6\api-ms-win-core-heap-l1-1-0.dll
0x00000205b55b0000 - 0x00000205b55b3000 	C:\Users\DELL\.openjfx\cache\17.0.6\api-ms-win-core-interlocked-l1-1-0.dll
0x00000205b55c0000 - 0x00000205b55c3000 	C:\Users\DELL\.openjfx\cache\17.0.6\api-ms-win-core-libraryloader-l1-1-0.dll
0x00000205b55d0000 - 0x00000205b55d3000 	C:\Users\DELL\.openjfx\cache\17.0.6\api-ms-win-core-localization-l1-2-0.dll
0x00000205b55e0000 - 0x00000205b55e3000 	C:\Users\DELL\.openjfx\cache\17.0.6\api-ms-win-core-memory-l1-1-0.dll
0x00000205b55f0000 - 0x00000205b55f3000 	C:\Users\DELL\.openjfx\cache\17.0.6\api-ms-win-core-namedpipe-l1-1-0.dll
0x00000205b5600000 - 0x00000205b5603000 	C:\Users\DELL\.openjfx\cache\17.0.6\api-ms-win-core-processenvironment-l1-1-0.dll
0x00000205d2f80000 - 0x00000205d2f83000 	C:\Users\DELL\.openjfx\cache\17.0.6\api-ms-win-core-processthreads-l1-1-0.dll
0x00000205d2f90000 - 0x00000205d2f93000 	C:\Users\DELL\.openjfx\cache\17.0.6\api-ms-win-core-processthreads-l1-1-1.dll
0x00000205d2fa0000 - 0x00000205d2fa3000 	C:\Users\DELL\.openjfx\cache\17.0.6\api-ms-win-core-profile-l1-1-0.dll
0x00000205d2fb0000 - 0x00000205d2fb3000 	C:\Users\DELL\.openjfx\cache\17.0.6\api-ms-win-core-rtlsupport-l1-1-0.dll
0x00000205d2fc0000 - 0x00000205d2fc3000 	C:\Users\DELL\.openjfx\cache\17.0.6\api-ms-win-core-string-l1-1-0.dll
0x00000205d2fd0000 - 0x00000205d2fd3000 	C:\Users\DELL\.openjfx\cache\17.0.6\api-ms-win-core-synch-l1-1-0.dll
0x00000205d2fe0000 - 0x00000205d2fe3000 	C:\Users\DELL\.openjfx\cache\17.0.6\api-ms-win-core-synch-l1-2-0.dll
0x00000205d2ff0000 - 0x00000205d2ff3000 	C:\Users\DELL\.openjfx\cache\17.0.6\api-ms-win-core-sysinfo-l1-1-0.dll
0x00000205d8cd0000 - 0x00000205d8cd3000 	C:\Users\DELL\.openjfx\cache\17.0.6\api-ms-win-core-timezone-l1-1-0.dll
0x00000205d8ce0000 - 0x00000205d8ce3000 	C:\Users\DELL\.openjfx\cache\17.0.6\api-ms-win-core-util-l1-1-0.dll
0x00000205d8cf0000 - 0x00000205d8cf3000 	C:\Users\DELL\.openjfx\cache\17.0.6\api-ms-win-crt-conio-l1-1-0.dll
0x00000205d8d00000 - 0x00000205d8d04000 	C:\Users\DELL\.openjfx\cache\17.0.6\api-ms-win-crt-convert-l1-1-0.dll
0x00000205d8d10000 - 0x00000205d8d13000 	C:\Users\DELL\.openjfx\cache\17.0.6\api-ms-win-crt-environment-l1-1-0.dll
0x00000205d8d20000 - 0x00000205d8d23000 	C:\Users\DELL\.openjfx\cache\17.0.6\api-ms-win-crt-filesystem-l1-1-0.dll
0x00000205d8d30000 - 0x00000205d8d33000 	C:\Users\DELL\.openjfx\cache\17.0.6\api-ms-win-crt-heap-l1-1-0.dll
0x00000205d8d40000 - 0x00000205d8d43000 	C:\Users\DELL\.openjfx\cache\17.0.6\api-ms-win-crt-locale-l1-1-0.dll
0x00000205d8d50000 - 0x00000205d8d55000 	C:\Users\DELL\.openjfx\cache\17.0.6\api-ms-win-crt-math-l1-1-0.dll
0x00000205d8d60000 - 0x00000205d8d65000 	C:\Users\DELL\.openjfx\cache\17.0.6\api-ms-win-crt-multibyte-l1-1-0.dll
0x00000205d8d70000 - 0x00000205d8d80000 	C:\Users\DELL\.openjfx\cache\17.0.6\api-ms-win-crt-private-l1-1-0.dll
0x00000205d8d80000 - 0x00000205d8d83000 	C:\Users\DELL\.openjfx\cache\17.0.6\api-ms-win-crt-process-l1-1-0.dll
0x00000205d8d90000 - 0x00000205d8d94000 	C:\Users\DELL\.openjfx\cache\17.0.6\api-ms-win-crt-runtime-l1-1-0.dll
0x00000205d8da0000 - 0x00000205d8da4000 	C:\Users\DELL\.openjfx\cache\17.0.6\api-ms-win-crt-stdio-l1-1-0.dll
0x00000205d8db0000 - 0x00000205d8db4000 	C:\Users\DELL\.openjfx\cache\17.0.6\api-ms-win-crt-string-l1-1-0.dll
0x00000205d8dc0000 - 0x00000205d8dc3000 	C:\Users\DELL\.openjfx\cache\17.0.6\api-ms-win-crt-time-l1-1-0.dll
0x00000205d8dd0000 - 0x00000205d8dd3000 	C:\Users\DELL\.openjfx\cache\17.0.6\api-ms-win-crt-utility-l1-1-0.dll
0x00007ffe46a50000 - 0x00007ffe46b4c000 	C:\Users\DELL\.openjfx\cache\17.0.6\ucrtbase.dll
0x00007ffe8cf80000 - 0x00007ffe8cf9a000 	C:\Users\DELL\.openjfx\cache\17.0.6\vcruntime140.dll
0x00007ffe8e200000 - 0x00007ffe8e20c000 	C:\Users\DELL\.openjfx\cache\17.0.6\vcruntime140_1.dll
0x00007ffe736c0000 - 0x00007ffe7374d000 	C:\Users\DELL\.openjfx\cache\17.0.6\msvcp140.dll
0x00007ffe8dcc0000 - 0x00007ffe8dcc9000 	C:\Users\DELL\.openjfx\cache\17.0.6\msvcp140_1.dll
0x00007ffe85b10000 - 0x00007ffe85b3f000 	C:\Users\DELL\.openjfx\cache\17.0.6\msvcp140_2.dll
0x00007ffe85490000 - 0x00007ffe854ba000 	C:\Users\DELL\.openjfx\cache\17.0.6\prism_d3d.dll
0x00007ffe707c0000 - 0x00007ffe7098f000 	C:\Windows\system32\d3d9.dll
0x00007ffe97770000 - 0x00007ffe9779f000 	C:\Windows\SYSTEM32\dwmapi.dll
0x00007ffe97110000 - 0x00007ffe971ae000 	C:\Windows\system32\uxtheme.dll
0x00007ffe46fa0000 - 0x00007ffe4714f000 	C:\Windows\System32\DriverStore\FileRepository\iigd_dch.inf_amd64_51f685305808e3a5\igdumdim64.dll
0x00007ffe9a840000 - 0x00007ffe9a96a000 	C:\Windows\System32\ole32.dll
0x00007ffe2c750000 - 0x00007ffe2f7f3000 	C:\Windows\System32\DriverStore\FileRepository\iigd_dch.inf_amd64_51f685305808e3a5\igd9dxva64.dll
0x00007ffe9adc0000 - 0x00007ffe9ae8d000 	C:\Windows\System32\OLEAUT32.dll
0x00007ffe9b0f0000 - 0x00007ffe9b558000 	C:\Windows\System32\SETUPAPI.dll
0x00007ffe99e90000 - 0x00007ffe99ede000 	C:\Windows\System32\cfgmgr32.dll
0x00007ffe99ee0000 - 0x00007ffe99f07000 	C:\Windows\System32\bcrypt.dll
0x00007ffe8e270000 - 0x00007ffe8e679000 	C:\Windows\System32\DriverStore\FileRepository\iigd_dch.inf_amd64_51f685305808e3a5\igdgmm64.dll
0x00007ffe70d50000 - 0x00007ffe70d92000 	C:\Users\DELL\.openjfx\cache\17.0.6\glass.dll
0x00007ffe9bd10000 - 0x00007ffe9bdea000 	C:\Windows\System32\COMDLG32.dll
0x00007ffe9bed0000 - 0x00007ffe9bfe5000 	C:\Windows\System32\MSCTF.dll
0x00007ffe95a10000 - 0x00007ffe95a37000 	C:\Windows\System32\DriverStore\FileRepository\iigd_dch.inf_amd64_51f685305808e3a5\igdinfo64.dll
0x00007ffe66400000 - 0x00007ffe69b94000 	C:\Windows\System32\DriverStore\FileRepository\iigd_dch.inf_amd64_51f685305808e3a5\igc64.dll
0x00007ffe91200000 - 0x00007ffe9123b000 	C:\Windows\SYSTEM32\dxcore.dll
0x00007ffe77190000 - 0x00007ffe771bd000 	C:\Users\DELL\.openjfx\cache\17.0.6\javafx_iio.dll
0x00007ffe8cf40000 - 0x00007ffe8cf54000 	C:\Users\DELL\.openjfx\cache\17.0.6\javafx_font.dll
0x00007ffe7f940000 - 0x00007ffe7fbbf000 	C:\Windows\SYSTEM32\dwrite.dll
0x00007ffe99260000 - 0x00007ffe9932a000 	C:\Windows\SYSTEM32\DNSAPI.dll
0x00007ffe99220000 - 0x00007ffe9925b000 	C:\Windows\SYSTEM32\IPHLPAPI.DLL
0x00007ffe9c740000 - 0x00007ffe9c748000 	C:\Windows\System32\NSI.dll
0x00007ffe91eb0000 - 0x00007ffe91eba000 	C:\Windows\System32\rasadhlp.dll
0x00007ffe8f610000 - 0x00007ffe8f690000 	C:\Windows\System32\fwpuclnt.dll
0x00007ffe8cef0000 - 0x00007ffe8cefe000 	C:\Program Files\Java\jdk-18.0.2.1\bin\sunmscapi.dll
0x00007ffe9a570000 - 0x00007ffe9a6c6000 	C:\Windows\System32\CRYPT32.dll
0x00007ffe99880000 - 0x00007ffe998a7000 	C:\Windows\SYSTEM32\ncrypt.dll
0x00007ffe99840000 - 0x00007ffe9987b000 	C:\Windows\SYSTEM32\NTASN1.dll
0x00007ffe99770000 - 0x00007ffe99788000 	C:\Windows\SYSTEM32\CRYPTSP.dll
0x00007ffe98e50000 - 0x00007ffe98e84000 	C:\Windows\system32\rsaenh.dll
0x00007ffe99d50000 - 0x00007ffe99d7e000 	C:\Windows\SYSTEM32\USERENV.dll
0x00007ffe996a0000 - 0x00007ffe996ac000 	C:\Windows\SYSTEM32\CRYPTBASE.dll

dbghelp: loaded successfully - version: 4.0.5 - missing functions: none
symbol engine: initialized successfully - sym options: 0x614 - pdb path: .;C:\Program Files\Java\jdk-18.0.2.1\bin;C:\Windows\SYSTEM32;C:\Windows\WinSxS\amd64_microsoft.windows.common-controls_6595b64144ccf1df_6.0.19041.1110_none_60b5254171f9507e;C:\Program Files\Java\jdk-18.0.2.1\bin\server;E:\IntelliJ IDEA Community Edition 2021.3.2\bin;C:\Users\DELL\.openjfx\cache\17.0.6;C:\Windows\System32\DriverStore\FileRepository\iigd_dch.inf_amd64_51f685305808e3a5;C:\Program Files\Common Files\Microsoft Shared\Ink

VM Arguments:
jvm_args: -javaagent:E:\IntelliJ IDEA Community Edition 2021.3.2\lib\idea_rt.jar=58345:E:\IntelliJ IDEA Community Edition 2021.3.2\bin -Dfile.encoding=UTF-8 --module-path=D:\CodeCamp\elementarium\target\classes;C:\Users\DELL\.m2\repository\org\openjfx\javafx-controls\17.0.6\javafx-controls-17.0.6-win.jar;C:\Users\DELL\.m2\repository\org\openjfx\javafx-fxml\17.0.6\javafx-fxml-17.0.6-win.jar;C:\Users\DELL\.m2\repository\org\openjfx\javafx-media\18.0.1\javafx-media-18.0.1-win.jar;C:\Users\DELL\.m2\repository\org\controlsfx\controlsfx\11.1.2\controlsfx-11.1.2.jar;C:\Users\DELL\.m2\repository\org\kordamp\bootstrapfx\bootstrapfx-core\0.4.0\bootstrapfx-core-0.4.0.jar;C:\Users\DELL\.m2\repository\com\dlsc\formsfx\formsfx-core\11.6.0\formsfx-core-11.6.0.jar;C:\Users\DELL\.m2\repository\org\openjfx\javafx-graphics\17.0.6\javafx-graphics-17.0.6-win.jar;C:\Users\DELL\.m2\repository\org\openjfx\javafx-base\17.0.6\javafx-base-17.0.6-win.jar -Djdk.module.main=elementarium 
java_command: elementarium/play.Main
java_class_path (initial): C:\Users\DELL\.m2\repository\org\openjfx\javafx-controls\17.0.6\javafx-controls-17.0.6.jar;C:\Users\DELL\.m2\repository\org\openjfx\javafx-graphics\17.0.6\javafx-graphics-17.0.6.jar;C:\Users\DELL\.m2\repository\org\openjfx\javafx-base\17.0.6\javafx-base-17.0.6.jar;C:\Users\DELL\.m2\repository\org\openjfx\javafx-fxml\17.0.6\javafx-fxml-17.0.6.jar;C:\Users\DELL\.m2\repository\com\mysql\mysql-connector-j\8.0.32\mysql-connector-j-8.0.32.jar;C:\Users\DELL\.m2\repository\com\google\protobuf\protobuf-java\3.21.9\protobuf-java-3.21.9.jar;C:\Users\DELL\.m2\repository\org\openjfx\javafx-media\18.0.1\javafx-media-18.0.1.jar
Launcher Type: SUN_STANDARD

[Global flags]
     intx CICompilerCount                          = 3                                         {product} {ergonomic}
     uint ConcGCThreads                            = 1                                         {product} {ergonomic}
     uint G1ConcRefinementThreads                  = 4                                         {product} {ergonomic}
   size_t G1HeapRegionSize                         = 1048576                                   {product} {ergonomic}
    uintx GCDrainStackTargetSize                   = 64                                        {product} {ergonomic}
   size_t InitialHeapSize                          = 132120576                                 {product} {ergonomic}
   size_t MarkStackSize                            = 4194304                                   {product} {ergonomic}
   size_t MaxHeapSize                              = 2113929216                                {product} {ergonomic}
   size_t MaxNewSize                               = 1267728384                                {product} {ergonomic}
   size_t MinHeapDeltaBytes                        = 1048576                                   {product} {ergonomic}
   size_t MinHeapSize                              = 8388608                                   {product} {ergonomic}
    uintx NonNMethodCodeHeapSize                   = 5832780                                {pd product} {ergonomic}
    uintx NonProfiledCodeHeapSize                  = 122912730                              {pd product} {ergonomic}
    uintx ProfiledCodeHeapSize                     = 122912730                              {pd product} {ergonomic}
    uintx ReservedCodeCacheSize                    = 251658240                              {pd product} {ergonomic}
     bool SegmentedCodeCache                       = true                                      {product} {ergonomic}
   size_t SoftMaxHeapSize                          = 2113929216                             {manageable} {ergonomic}
     bool UseCompressedClassPointers               = true                           {product lp64_product} {ergonomic}
     bool UseCompressedOops                        = true                           {product lp64_product} {ergonomic}
     bool UseG1GC                                  = true                                      {product} {ergonomic}
     bool UseLargePagesIndividualAllocation        = false                                  {pd product} {ergonomic}

Logging:
Log output configuration:
 #0: stdout all=warning uptime,level,tags foldmultilines=false
 #1: stderr all=off uptime,level,tags foldmultilines=false

Environment Variables:
PATH=C:\Program Files\Common Files\Oracle\Java\javapath;C:\Program Files (x86)\Common Files\Oracle\Java\javapath;C:\Windows\system32;C:\Windows;C:\Windows\System32\Wbem;C:\Windows\System32\WindowsPowerShell\v1.0\;C:\Program Files\Git\cmd;E:\Yarn\bin\;E:\nodejs\;%JAVA_HOME%\bin;C:\Windows\System32\OpenSSH\;C:\Program Files (x86)\Microsoft SQL Server\160\Tools\Binn\;C:\Program Files\Microsoft SQL Server\160\Tools\Binn\;C:\Program Files\Microsoft SQL Server\Client SDK\ODBC\170\Tools\Binn\;C:\Program Files\Microsoft SQL Server\160\DTS\Binn\;C:\Program Files (x86)\Microsoft SQL Server\160\DTS\Binn\;C:\Program Files\Azure Data Studio\bin;E:\Ruby30-x64\bin;E:\Ruby31-x64\bin;C:\Users\DELL\AppData\Local\Microsoft\WindowsApps;C:\Users\DELL\AppData\Local\GitHubDesktop\bin;C:\Users\DELL\AppData\Local\Yarn\bin;C:\Users\DELL\AppData\Roaming\npm;E:\Microsoft VS Code\bin;C:\ghcup\bin;C:\Program Files\MySQL\MySQL Server 8.0\bin;;C:\Program Files\Azure Data Studio\bin
USERNAME=DELL
OS=Windows_NT
PROCESSOR_IDENTIFIER=Intel64 Family 6 Model 142 Stepping 9, GenuineIntel



---------------  S Y S T E M  ---------------

OS:
 Windows 10 , 64 bit Build 19041 (10.0.19041.2251)
OS uptime: 18 days 10:28 hours
Hyper-V role detected

CPU: total 4 (initial active 4) (2 cores per cpu, 2 threads per core) family 6 model 142 stepping 9 microcode 0xb4, cx8, cmov, fxsr, ht, mmx, 3dnowpref, sse, sse2, sse3, ssse3, sse4.1, sse4.2, popcnt, lzcnt, tsc, tscinvbit, avx, avx2, aes, erms, clmul, bmi1, bmi2, adx, fma, vzeroupper, clflush, clflushopt, hv

Memory: 4k page, system-wide physical 8057M (658M free)
TotalPageFile size 10105M (AvailPageFile size 4M)
current process WorkingSet (physical memory assigned to process): 234M, peak: 234M
current process commit charge ("private bytes"): 325M, peak: 327M

vm_info: Java HotSpot(TM) 64-Bit Server VM (18.0.2.1+1-1) for windows-amd64 JRE (18.0.2.1+1-1), built on Aug 16 2022 01:46:33 by "mach5one" with MS VC++ 16.8 / 16.9 (VS2019)

END.
