#
# There is insufficient memory for the Java Runtime Environment to continue.
# Native memory allocation (malloc) failed to allocate 2537936 bytes for Chunk::new
# Possible reasons:
#   The system is out of physical RAM or swap space
#   The process is running with CompressedOops enabled, and the Java Heap may be blocking the growth of the native heap
# Possible solutions:
#   Reduce memory load on the system
#   Increase physical memory or swap space
#   Check if swap backing store is full
#   Decrease Java heap size (-Xmx/-Xms)
#   Decrease number of Java threads
#   Decrease Java thread stack sizes (-Xss)
#   Set larger code cache with -XX:ReservedCodeCacheSize=
#   JVM is running with Unscaled Compressed Oops mode in which the Java heap is
#     placed in the first 4GB address space. The Java Heap base address is the
#     maximum limit for the native heap growth. Please use -XX:HeapBaseMinAddress
#     to set the Java Heap base and to place the Java Heap above 4GB virtual address.
# This output file may be truncated or incomplete.
#
#  Out of Memory Error (arena.cpp:184), pid=15060, tid=14652
#
# JRE version: Java(TM) SE Runtime Environment (18.0.2.1+1) (build 18.0.2.1+1-1)
# Java VM: Java HotSpot(TM) 64-Bit Server VM (18.0.2.1+1-1, mixed mode, sharing, tiered, compressed oops, compressed class ptrs, g1 gc, windows-amd64)
# No core dump will be written. Minidumps are not enabled by default on client versions of Windows
#

---------------  S U M M A R Y ------------

Command Line: -javaagent:E:\IntelliJ IDEA Community Edition 2021.3.2\lib\idea_rt.jar=52658:E:\IntelliJ IDEA Community Edition 2021.3.2\bin -Dfile.encoding=UTF-8 --module-path=C:\Users\DELL\.m2\repository\org\openjfx\javafx-base\17.0.6\javafx-base-17.0.6-win.jar;C:\Users\DELL\.m2\repository\org\openjfx\javafx-controls\17.0.6\javafx-controls-17.0.6-win.jar;C:\Users\DELL\.m2\repository\org\kordamp\bootstrapfx\bootstrapfx-core\0.4.0\bootstrapfx-core-0.4.0.jar;D:\CodeCamp\elementarium\target\classes;C:\Users\DELL\.m2\repository\com\dlsc\formsfx\formsfx-core\11.6.0\formsfx-core-11.6.0.jar;C:\Users\DELL\.m2\repository\org\controlsfx\controlsfx\11.1.2\controlsfx-11.1.2.jar;C:\Users\DELL\.m2\repository\org\openjfx\javafx-fxml\17.0.6\javafx-fxml-17.0.6-win.jar;C:\Users\DELL\.m2\repository\org\openjfx\javafx-media\18.0.1\javafx-media-18.0.1-win.jar;C:\Users\DELL\.m2\repository\org\openjfx\javafx-graphics\17.0.6\javafx-graphics-17.0.6-win.jar -Djdk.module.main=elementarium elementarium/play.Main

Host: Intel(R) Core(TM) i5-7200U CPU @ 2.50GHz, 4 cores, 7G,  Windows 10 , 64 bit Build 19041 (10.0.19041.2251)
Time: Sun Aug  6 00:30:16 2023 SE Asia Standard Time elapsed time: 24.585976 seconds (0d 0h 0m 24s)

---------------  T H R E A D  ---------------

Current thread (0x000002df65eed560):  JavaThread "C2 CompilerThread0" daemon [_thread_in_native, id=14652, stack(0x000000f464500000,0x000000f464600000)]


Current CompileTask:
C2:  24586 4599   !   4       javafx.scene.CssStyleHelper::transitionToState (1031 bytes)

Stack: [0x000000f464500000,0x000000f464600000]
Native frames: (J=compiled Java code, j=interpreted, Vv=VM code, C=native code)
V  [jvm.dll+0x6993aa]
V  [jvm.dll+0x7f46dd]
V  [jvm.dll+0x7f5fee]
V  [jvm.dll+0x7f66a3]
V  [jvm.dll+0x25cf1f]
V  [jvm.dll+0xb8c2f]
V  [jvm.dll+0xb8fa5]
V  [jvm.dll+0x386091]
V  [jvm.dll+0x34fe71]
V  [jvm.dll+0x34f30a]
V  [jvm.dll+0x230101]
V  [jvm.dll+0x22f4d1]
V  [jvm.dll+0x1ba01c]
V  [jvm.dll+0x23ee0a]
V  [jvm.dll+0x23d0f5]
V  [jvm.dll+0x7a6dd1]
V  [jvm.dll+0x7a120a]
V  [jvm.dll+0x698255]
C  [ucrtbase.dll+0x21bb2]
C  [KERNEL32.DLL+0x174b4]
C  [ntdll.dll+0x526a1]


---------------  P R O C E S S  ---------------

Threads class SMR info:
_java_thread_list=0x000002df6a345c10, length=22, elements={
0x000002df48665d00, 0x000002df65ecdc00, 0x000002df65ece770, 0x000002df65ee9f60,
0x000002df65eeb820, 0x000002df65eec0d0, 0x000002df65eec980, 0x000002df65eed560,
0x000002df65eede50, 0x000002df65f69f40, 0x000002df6a10c080, 0x000002df6a42f5a0,
0x000002df6a59b5b0, 0x000002df6aae56c0, 0x000002df6b027930, 0x000002df6b02de40,
0x000002df6aedd520, 0x000002df6aedd9e0, 0x000002df6b135070, 0x000002df6b1376f0,
0x000002df6b136d50, 0x000002df6b73e3c0
}

Java Threads: ( => current thread )
  0x000002df48665d00 JavaThread "main" [_thread_blocked, id=4996, stack(0x000000f463800000,0x000000f463900000)]
  0x000002df65ecdc00 JavaThread "Reference Handler" daemon [_thread_blocked, id=2768, stack(0x000000f463f00000,0x000000f464000000)]
  0x000002df65ece770 JavaThread "Finalizer" daemon [_thread_blocked, id=8124, stack(0x000000f464000000,0x000000f464100000)]
  0x000002df65ee9f60 JavaThread "Signal Dispatcher" daemon [_thread_blocked, id=14332, stack(0x000000f464100000,0x000000f464200000)]
  0x000002df65eeb820 JavaThread "Attach Listener" daemon [_thread_blocked, id=13596, stack(0x000000f464200000,0x000000f464300000)]
  0x000002df65eec0d0 JavaThread "Service Thread" daemon [_thread_blocked, id=8628, stack(0x000000f464300000,0x000000f464400000)]
  0x000002df65eec980 JavaThread "Monitor Deflation Thread" daemon [_thread_blocked, id=17024, stack(0x000000f464400000,0x000000f464500000)]
=>0x000002df65eed560 JavaThread "C2 CompilerThread0" daemon [_thread_in_native, id=14652, stack(0x000000f464500000,0x000000f464600000)]
  0x000002df65eede50 JavaThread "C1 CompilerThread0" daemon [_thread_blocked, id=11252, stack(0x000000f464600000,0x000000f464700000)]
  0x000002df65f69f40 JavaThread "Sweeper thread" daemon [_thread_blocked, id=17088, stack(0x000000f464700000,0x000000f464800000)]
  0x000002df6a10c080 JavaThread "Common-Cleaner" daemon [_thread_blocked, id=17044, stack(0x000000f464800000,0x000000f464900000)]
  0x000002df6a42f5a0 JavaThread "Monitor Ctrl-Break" daemon [_thread_in_native, id=10792, stack(0x000000f464a00000,0x000000f464b00000)]
  0x000002df6a59b5b0 JavaThread "Notification Thread" daemon [_thread_blocked, id=8376, stack(0x000000f464b00000,0x000000f464c00000)]
  0x000002df6aae56c0 JavaThread "QuantumRenderer-0" daemon [_thread_blocked, id=14720, stack(0x000000f465000000,0x000000f465100000)]
  0x000002df6b027930 JavaThread "InvokeLaterDispatcher" daemon [_thread_blocked, id=1452, stack(0x000000f465100000,0x000000f465200000)]
  0x000002df6b02de40 JavaThread "JavaFX Application Thread" [_thread_in_native, id=13528, stack(0x000000f465200000,0x000000f465300000)]
  0x000002df6aedd520 JavaThread "Thread-1" daemon [_thread_in_native, id=1056, stack(0x000000f464900000,0x000000f464a00000)]
  0x000002df6aedd9e0 JavaThread "JavaFX-Launcher" [_thread_blocked, id=6876, stack(0x000000f465600000,0x000000f465700000)]
  0x000002df6b135070 JavaThread "mysql-cj-abandoned-connection-cleanup" daemon [_thread_blocked, id=12048, stack(0x000000f465800000,0x000000f465900000)]
  0x000002df6b1376f0 JavaThread "Prism Font Disposer" daemon [_thread_blocked, id=16988, stack(0x000000f465c00000,0x000000f465d00000)]
  0x000002df6b136d50 JavaThread "Cleaner-0" daemon [_thread_blocked, id=14852, stack(0x000000f465d00000,0x000000f465e00000)]
  0x000002df6b73e3c0 JavaThread "C2 CompilerThread1" daemon [_thread_blocked, id=16448, stack(0x000000f465b00000,0x000000f465c00000)]

Other Threads:
  0x000002df65ec9ce0 VMThread "VM Thread" [stack: 0x000000f463e00000,0x000000f463f00000] [id=16492]
  0x000002df6aa70500 WatcherThread "VM Periodic Task Thread" [stack: 0x000000f464c00000,0x000000f464d00000] [id=12180]
  0x000002df486c3890 WorkerThread "GC Thread#0" [stack: 0x000000f463900000,0x000000f463a00000] [id=1488]
  0x000002df6aa7efe0 WorkerThread "GC Thread#1" [stack: 0x000000f464d00000,0x000000f464e00000] [id=212]
  0x000002df6aa7f280 WorkerThread "GC Thread#2" [stack: 0x000000f464e00000,0x000000f464f00000] [id=15128]
  0x000002df6a818fa0 WorkerThread "GC Thread#3" [stack: 0x000000f464f00000,0x000000f465000000] [id=14152]
  0x000002df486d3c00 ConcurrentGCThread "G1 Main Marker" [stack: 0x000000f463a00000,0x000000f463b00000] [id=16816]
  0x000002df4653db50 WorkerThread "G1 Conc#0" [stack: 0x000000f463b00000,0x000000f463c00000] [id=9052]
  0x000002df48710900 ConcurrentGCThread "G1 Refine#0" [stack: 0x000000f463c00000,0x000000f463d00000] [id=3728]
  0x000002df6a91fca0 ConcurrentGCThread "G1 Refine#1" [stack: 0x000000f465e00000,0x000000f465f00000] [id=5768]
  0x000002df48712130 ConcurrentGCThread "G1 Service" [stack: 0x000000f463d00000,0x000000f463e00000] [id=8436]

Threads with active compile tasks:
C2 CompilerThread0    24632 4599   !   4       javafx.scene.CssStyleHelper::transitionToState (1031 bytes)

VM state: not at safepoint (normal execution)

VM Mutex/Monitor currently owned by a thread: None

Heap address: 0x0000000082000000, size: 2016 MB, Compressed Oops mode: 32-bit

CDS archive(s) mapped at: [0x0000000800000000-0x0000000800ba0000-0x0000000800ba0000), size 12189696, SharedBaseAddress: 0x0000000800000000, ArchiveRelocationMode: 0.
Compressed class space mapped at: 0x0000000800c00000-0x0000000840c00000, reserved size: 1073741824
Narrow klass base: 0x0000000800000000, Narrow klass shift: 0, Narrow klass range: 0x100000000

GC Precious Log:
 CardTable entry size: 512
 Card Set container configuration: InlinePtr #cards 5 size 8 Array Of Cards #cards 12 size 40 Howl #buckets 4 coarsen threshold 1843 Howl Bitmap #cards 512 size 80 coarsen threshold 460 Card regions per heap region 1 cards per card region 2048
 CPUs: 4 total, 4 available
 Memory: 8057M
 Large Page Support: Disabled
 NUMA Support: Disabled
 Compressed Oops: Enabled (32-bit)
 Heap Region Size: 1M
 Heap Min Capacity: 8M
 Heap Initial Capacity: 126M
 Heap Max Capacity: 2016M
 Pre-touch: Disabled
 Parallel Workers: 4
 Concurrent Workers: 1
 Concurrent Refinement Workers: 4
 Periodic GC: Disabled

Heap:
 garbage-first heap   total 195584K, used 149227K [0x0000000082000000, 0x0000000100000000)
  region size 1024K, 7 young (7168K), 5 survivors (5120K)
 Metaspace       used 26658K, committed 27072K, reserved 1114112K
  class space    used 3449K, committed 3648K, reserved 1048576K

Heap Regions: E=young(eden), S=young(survivor), O=old, HS=humongous(starts), HC=humongous(continues), CS=collection set, F=free, OA=open archive, CA=closed archive, TAMS=top-at-mark-start (previous, next)
|   0|0x0000000082000000, 0x0000000082100000, 0x0000000082100000|100%| O|  |TAMS 0x0000000082100000, 0x0000000082000000| Complete 
|   1|0x0000000082100000, 0x0000000082200000, 0x0000000082200000|100%| O|  |TAMS 0x0000000082200000, 0x0000000082100000| Untracked 
|   2|0x0000000082200000, 0x0000000082300000, 0x0000000082300000|100%| O|  |TAMS 0x0000000082300000, 0x0000000082200000| Untracked 
|   3|0x0000000082300000, 0x0000000082400000, 0x0000000082400000|100%| O|  |TAMS 0x0000000082400000, 0x0000000082300000| Untracked 
|   4|0x0000000082400000, 0x0000000082500000, 0x0000000082500000|100%| O|  |TAMS 0x0000000082500000, 0x0000000082400000| Untracked 
|   5|0x0000000082500000, 0x0000000082600000, 0x0000000082600000|100%| O|  |TAMS 0x0000000082600000, 0x0000000082500000| Untracked 
|   6|0x0000000082600000, 0x0000000082700000, 0x0000000082700000|100%| O|  |TAMS 0x0000000082700000, 0x0000000082600000| Untracked 
|   7|0x0000000082700000, 0x00000000827df600, 0x0000000082800000| 87%| O|  |TAMS 0x00000000827df600, 0x0000000082700000| Untracked 
|   8|0x0000000082800000, 0x0000000082900000, 0x0000000082900000|100%| O|  |TAMS 0x0000000082900000, 0x0000000082800000| Untracked 
|   9|0x0000000082900000, 0x0000000082a00000, 0x0000000082a00000|100%| O|  |TAMS 0x00000000829df200, 0x0000000082900000| Untracked 
|  10|0x0000000082a00000, 0x0000000082b00000, 0x0000000082b00000|100%|HS|  |TAMS 0x0000000082a00000, 0x0000000082a00000| Complete 
|  11|0x0000000082b00000, 0x0000000082c00000, 0x0000000082c00000|100%|HC|  |TAMS 0x0000000082b00000, 0x0000000082b00000| Complete 
|  12|0x0000000082c00000, 0x0000000082d00000, 0x0000000082d00000|100%|HS|  |TAMS 0x0000000082c00000, 0x0000000082c00000| Complete 
|  13|0x0000000082d00000, 0x0000000082e00000, 0x0000000082e00000|100%|HS|  |TAMS 0x0000000082d00000, 0x0000000082d00000| Complete 
|  14|0x0000000082e00000, 0x0000000082f00000, 0x0000000082f00000|100%|HC|  |TAMS 0x0000000082e00000, 0x0000000082e00000| Complete 
|  15|0x0000000082f00000, 0x0000000083000000, 0x0000000083000000|100%|HS|  |TAMS 0x0000000082f00000, 0x0000000082f00000| Complete 
|  16|0x0000000083000000, 0x0000000083100000, 0x0000000083100000|100%|HC|  |TAMS 0x0000000083000000, 0x0000000083000000| Complete 
|  17|0x0000000083100000, 0x0000000083200000, 0x0000000083200000|100%|HS|  |TAMS 0x0000000083100000, 0x0000000083100000| Complete 
|  18|0x0000000083200000, 0x0000000083300000, 0x0000000083300000|100%|HC|  |TAMS 0x0000000083200000, 0x0000000083200000| Complete 
|  19|0x0000000083300000, 0x0000000083400000, 0x0000000083400000|100%|HS|  |TAMS 0x0000000083300000, 0x0000000083300000| Complete 
|  20|0x0000000083400000, 0x0000000083500000, 0x0000000083500000|100%|HS|  |TAMS 0x0000000083400000, 0x0000000083400000| Complete 
|  21|0x0000000083500000, 0x0000000083600000, 0x0000000083600000|100%|HC|  |TAMS 0x0000000083500000, 0x0000000083500000| Complete 
|  22|0x0000000083600000, 0x0000000083700000, 0x0000000083700000|100%| O|  |TAMS 0x0000000083600000, 0x0000000083600000| Untracked 
|  23|0x0000000083700000, 0x0000000083800000, 0x0000000083800000|100%| O|  |TAMS 0x0000000083700000, 0x0000000083700000| Untracked 
|  24|0x0000000083800000, 0x0000000083900000, 0x0000000083900000|100%| O|  |TAMS 0x0000000083800000, 0x0000000083800000| Untracked 
|  25|0x0000000083900000, 0x00000000839db600, 0x0000000083a00000| 85%| O|  |TAMS 0x0000000083900000, 0x0000000083900000| Untracked 
|  26|0x0000000083a00000, 0x0000000083a00000, 0x0000000083b00000|  0%| F|  |TAMS 0x0000000083a00000, 0x0000000083a00000| Untracked 
|  27|0x0000000083b00000, 0x0000000083b00000, 0x0000000083c00000|  0%| F|  |TAMS 0x0000000083b00000, 0x0000000083b00000| Untracked 
|  28|0x0000000083c00000, 0x0000000083c00000, 0x0000000083d00000|  0%| F|  |TAMS 0x0000000083c00000, 0x0000000083c00000| Untracked 
|  29|0x0000000083d00000, 0x0000000083d00000, 0x0000000083e00000|  0%| F|  |TAMS 0x0000000083d00000, 0x0000000083d00000| Untracked 
|  30|0x0000000083e00000, 0x0000000083e00000, 0x0000000083f00000|  0%| F|  |TAMS 0x0000000083e00000, 0x0000000083e00000| Untracked 
|  31|0x0000000083f00000, 0x0000000084000000, 0x0000000084000000|100%|HS|  |TAMS 0x0000000084000000, 0x0000000083f00000| Complete 
|  32|0x0000000084000000, 0x0000000084100000, 0x0000000084100000|100%|HC|  |TAMS 0x0000000084100000, 0x0000000084000000| Complete 
|  33|0x0000000084100000, 0x0000000084200000, 0x0000000084200000|100%|HS|  |TAMS 0x0000000084200000, 0x0000000084100000| Complete 
|  34|0x0000000084200000, 0x0000000084300000, 0x0000000084300000|100%|HC|  |TAMS 0x0000000084300000, 0x0000000084200000| Complete 
|  35|0x0000000084300000, 0x0000000084400000, 0x0000000084400000|100%|HC|  |TAMS 0x0000000084400000, 0x0000000084300000| Complete 
|  36|0x0000000084400000, 0x0000000084500000, 0x0000000084500000|100%|HS|  |TAMS 0x0000000084500000, 0x0000000084400000| Complete 
|  37|0x0000000084500000, 0x0000000084600000, 0x0000000084600000|100%|HC|  |TAMS 0x0000000084600000, 0x0000000084500000| Complete 
|  38|0x0000000084600000, 0x0000000084700000, 0x0000000084700000|100%|HC|  |TAMS 0x0000000084700000, 0x0000000084600000| Complete 
|  39|0x0000000084700000, 0x0000000084800000, 0x0000000084800000|100%|HS|  |TAMS 0x0000000084800000, 0x0000000084700000| Complete 
|  40|0x0000000084800000, 0x0000000084900000, 0x0000000084900000|100%|HC|  |TAMS 0x0000000084900000, 0x0000000084800000| Complete 
|  41|0x0000000084900000, 0x0000000084a00000, 0x0000000084a00000|100%|HS|  |TAMS 0x0000000084a00000, 0x0000000084900000| Complete 
|  42|0x0000000084a00000, 0x0000000084b00000, 0x0000000084b00000|100%|HC|  |TAMS 0x0000000084b00000, 0x0000000084a00000| Complete 
|  43|0x0000000084b00000, 0x0000000084c00000, 0x0000000084c00000|100%|HS|  |TAMS 0x0000000084c00000, 0x0000000084b00000| Complete 
|  44|0x0000000084c00000, 0x0000000084d00000, 0x0000000084d00000|100%|HC|  |TAMS 0x0000000084d00000, 0x0000000084c00000| Complete 
|  45|0x0000000084d00000, 0x0000000084e00000, 0x0000000084e00000|100%|HC|  |TAMS 0x0000000084e00000, 0x0000000084d00000| Complete 
|  46|0x0000000084e00000, 0x0000000084f00000, 0x0000000084f00000|100%|HC|  |TAMS 0x0000000084f00000, 0x0000000084e00000| Complete 
|  47|0x0000000084f00000, 0x0000000085000000, 0x0000000085000000|100%|HC|  |TAMS 0x0000000085000000, 0x0000000084f00000| Complete 
|  48|0x0000000085000000, 0x0000000085100000, 0x0000000085100000|100%|HC|  |TAMS 0x0000000085100000, 0x0000000085000000| Complete 
|  49|0x0000000085100000, 0x0000000085100000, 0x0000000085200000|  0%| F|  |TAMS 0x0000000085100000, 0x0000000085100000| Untracked 
|  50|0x0000000085200000, 0x0000000085200000, 0x0000000085300000|  0%| F|  |TAMS 0x0000000085200000, 0x0000000085200000| Untracked 
|  51|0x0000000085300000, 0x0000000085300000, 0x0000000085400000|  0%| F|  |TAMS 0x0000000085300000, 0x0000000085300000| Untracked 
|  52|0x0000000085400000, 0x0000000085400000, 0x0000000085500000|  0%| F|  |TAMS 0x0000000085400000, 0x0000000085400000| Untracked 
|  53|0x0000000085500000, 0x0000000085500000, 0x0000000085600000|  0%| F|  |TAMS 0x0000000085500000, 0x0000000085500000| Untracked 
|  54|0x0000000085600000, 0x0000000085600000, 0x0000000085700000|  0%| F|  |TAMS 0x0000000085600000, 0x0000000085600000| Untracked 
|  55|0x0000000085700000, 0x0000000085800000, 0x0000000085800000|100%| S|CS|TAMS 0x0000000085700000, 0x0000000085700000| Complete 
|  56|0x0000000085800000, 0x0000000085900000, 0x0000000085900000|100%| S|CS|TAMS 0x0000000085800000, 0x0000000085800000| Complete 
|  57|0x0000000085900000, 0x0000000085a00000, 0x0000000085a00000|100%| S|CS|TAMS 0x0000000085900000, 0x0000000085900000| Complete 
|  58|0x0000000085a00000, 0x0000000085b00000, 0x0000000085b00000|100%| S|CS|TAMS 0x0000000085a00000, 0x0000000085a00000| Complete 
|  59|0x0000000085b00000, 0x0000000085c00000, 0x0000000085c00000|100%| S|CS|TAMS 0x0000000085b00000, 0x0000000085b00000| Complete 
|  60|0x0000000085c00000, 0x0000000085c00000, 0x0000000085d00000|  0%| F|  |TAMS 0x0000000085c00000, 0x0000000085c00000| Untracked 
|  61|0x0000000085d00000, 0x0000000085d00000, 0x0000000085e00000|  0%| F|  |TAMS 0x0000000085d00000, 0x0000000085d00000| Untracked 
|  62|0x0000000085e00000, 0x0000000085e00000, 0x0000000085f00000|  0%| F|  |TAMS 0x0000000085e00000, 0x0000000085e00000| Untracked 
|  63|0x0000000085f00000, 0x0000000085f00000, 0x0000000086000000|  0%| F|  |TAMS 0x0000000085f00000, 0x0000000085f00000| Untracked 
|  64|0x0000000086000000, 0x0000000086000000, 0x0000000086100000|  0%| F|  |TAMS 0x0000000086000000, 0x0000000086000000| Untracked 
|  65|0x0000000086100000, 0x0000000086100000, 0x0000000086200000|  0%| F|  |TAMS 0x0000000086100000, 0x0000000086100000| Untracked 
|  66|0x0000000086200000, 0x0000000086200000, 0x0000000086300000|  0%| F|  |TAMS 0x0000000086200000, 0x0000000086200000| Untracked 
|  67|0x0000000086300000, 0x0000000086300000, 0x0000000086400000|  0%| F|  |TAMS 0x0000000086300000, 0x0000000086300000| Untracked 
|  68|0x0000000086400000, 0x0000000086400000, 0x0000000086500000|  0%| F|  |TAMS 0x0000000086400000, 0x0000000086400000| Untracked 
|  69|0x0000000086500000, 0x0000000086500000, 0x0000000086600000|  0%| F|  |TAMS 0x0000000086500000, 0x0000000086500000| Untracked 
|  70|0x0000000086600000, 0x0000000086600000, 0x0000000086700000|  0%| F|  |TAMS 0x0000000086600000, 0x0000000086600000| Untracked 
|  71|0x0000000086700000, 0x0000000086700000, 0x0000000086800000|  0%| F|  |TAMS 0x0000000086700000, 0x0000000086700000| Untracked 
|  72|0x0000000086800000, 0x0000000086800000, 0x0000000086900000|  0%| F|  |TAMS 0x0000000086800000, 0x0000000086800000| Untracked 
|  73|0x0000000086900000, 0x0000000086900000, 0x0000000086a00000|  0%| F|  |TAMS 0x0000000086900000, 0x0000000086900000| Untracked 
|  74|0x0000000086a00000, 0x0000000086a00000, 0x0000000086b00000|  0%| F|  |TAMS 0x0000000086a00000, 0x0000000086a00000| Untracked 
|  75|0x0000000086b00000, 0x0000000086b00000, 0x0000000086c00000|  0%| F|  |TAMS 0x0000000086b00000, 0x0000000086b00000| Untracked 
|  76|0x0000000086c00000, 0x0000000086c00000, 0x0000000086d00000|  0%| F|  |TAMS 0x0000000086c00000, 0x0000000086c00000| Untracked 
|  77|0x0000000086d00000, 0x0000000086d00000, 0x0000000086e00000|  0%| F|  |TAMS 0x0000000086d00000, 0x0000000086d00000| Untracked 
|  78|0x0000000086e00000, 0x0000000086e00000, 0x0000000086f00000|  0%| F|  |TAMS 0x0000000086e00000, 0x0000000086e00000| Untracked 
|  79|0x0000000086f00000, 0x0000000086f00000, 0x0000000087000000|  0%| F|  |TAMS 0x0000000086f00000, 0x0000000086f00000| Untracked 
|  80|0x0000000087000000, 0x0000000087000000, 0x0000000087100000|  0%| F|  |TAMS 0x0000000087000000, 0x0000000087000000| Untracked 
|  81|0x0000000087100000, 0x0000000087100000, 0x0000000087200000|  0%| F|  |TAMS 0x0000000087100000, 0x0000000087100000| Untracked 
|  82|0x0000000087200000, 0x0000000087200000, 0x0000000087300000|  0%| F|  |TAMS 0x0000000087200000, 0x0000000087200000| Untracked 
|  83|0x0000000087300000, 0x0000000087300000, 0x0000000087400000|  0%| F|  |TAMS 0x0000000087300000, 0x0000000087300000| Untracked 
|  84|0x0000000087400000, 0x0000000087400000, 0x0000000087500000|  0%| F|  |TAMS 0x0000000087400000, 0x0000000087400000| Untracked 
|  85|0x0000000087500000, 0x0000000087500000, 0x0000000087600000|  0%| F|  |TAMS 0x0000000087500000, 0x0000000087500000| Untracked 
|  86|0x0000000087600000, 0x0000000087600000, 0x0000000087700000|  0%| F|  |TAMS 0x0000000087600000, 0x0000000087600000| Untracked 
|  87|0x0000000087700000, 0x0000000087700000, 0x0000000087800000|  0%| F|  |TAMS 0x0000000087700000, 0x0000000087700000| Untracked 
|  88|0x0000000087800000, 0x0000000087800000, 0x0000000087900000|  0%| F|  |TAMS 0x0000000087800000, 0x0000000087800000| Untracked 
|  89|0x0000000087900000, 0x0000000087900000, 0x0000000087a00000|  0%| F|  |TAMS 0x0000000087900000, 0x0000000087900000| Untracked 
|  90|0x0000000087a00000, 0x0000000087a00000, 0x0000000087b00000|  0%| F|  |TAMS 0x0000000087a00000, 0x0000000087a00000| Untracked 
|  91|0x0000000087b00000, 0x0000000087b00000, 0x0000000087c00000|  0%| F|  |TAMS 0x0000000087b00000, 0x0000000087b00000| Untracked 
|  92|0x0000000087c00000, 0x0000000087c00000, 0x0000000087d00000|  0%| F|  |TAMS 0x0000000087c00000, 0x0000000087c00000| Untracked 
|  93|0x0000000087d00000, 0x0000000087dd2fe0, 0x0000000087e00000| 82%| E|  |TAMS 0x0000000087d00000, 0x0000000087d00000| Complete 
|  94|0x0000000087e00000, 0x0000000087f00000, 0x0000000087f00000|100%| E|CS|TAMS 0x0000000087e00000, 0x0000000087e00000| Complete 
|  95|0x0000000087f00000, 0x0000000088000000, 0x0000000088000000|100%|HS|  |TAMS 0x0000000088000000, 0x0000000087f00000| Complete 
|  96|0x0000000088000000, 0x0000000088100000, 0x0000000088100000|100%|HC|  |TAMS 0x0000000088100000, 0x0000000088000000| Complete 
|  97|0x0000000088100000, 0x0000000088200000, 0x0000000088200000|100%|HC|  |TAMS 0x0000000088200000, 0x0000000088100000| Complete 
|  98|0x0000000088200000, 0x0000000088300000, 0x0000000088300000|100%|HC|  |TAMS 0x0000000088300000, 0x0000000088200000| Complete 
|  99|0x0000000088300000, 0x0000000088400000, 0x0000000088400000|100%|HC|  |TAMS 0x0000000088400000, 0x0000000088300000| Complete 
| 100|0x0000000088400000, 0x0000000088500000, 0x0000000088500000|100%|HC|  |TAMS 0x0000000088500000, 0x0000000088400000| Complete 
| 101|0x0000000088500000, 0x0000000088600000, 0x0000000088600000|100%|HC|  |TAMS 0x0000000088600000, 0x0000000088500000| Complete 
| 102|0x0000000088600000, 0x0000000088700000, 0x0000000088700000|100%|HC|  |TAMS 0x0000000088700000, 0x0000000088600000| Complete 
| 103|0x0000000088700000, 0x0000000088800000, 0x0000000088800000|100%|HC|  |TAMS 0x0000000088800000, 0x0000000088700000| Complete 
| 104|0x0000000088800000, 0x0000000088900000, 0x0000000088900000|100%|HC|  |TAMS 0x0000000088900000, 0x0000000088800000| Complete 
| 105|0x0000000088900000, 0x0000000088a00000, 0x0000000088a00000|100%|HC|  |TAMS 0x0000000088a00000, 0x0000000088900000| Complete 
| 106|0x0000000088a00000, 0x0000000088b00000, 0x0000000088b00000|100%|HC|  |TAMS 0x0000000088b00000, 0x0000000088a00000| Complete 
| 107|0x0000000088b00000, 0x0000000088c00000, 0x0000000088c00000|100%|HC|  |TAMS 0x0000000088c00000, 0x0000000088b00000| Complete 
| 108|0x0000000088c00000, 0x0000000088d00000, 0x0000000088d00000|100%|HC|  |TAMS 0x0000000088d00000, 0x0000000088c00000| Complete 
| 109|0x0000000088d00000, 0x0000000088e00000, 0x0000000088e00000|100%|HC|  |TAMS 0x0000000088e00000, 0x0000000088d00000| Complete 
| 110|0x0000000088e00000, 0x0000000088f00000, 0x0000000088f00000|100%|HC|  |TAMS 0x0000000088f00000, 0x0000000088e00000| Complete 
| 111|0x0000000088f00000, 0x0000000089000000, 0x0000000089000000|100%|HC|  |TAMS 0x0000000089000000, 0x0000000088f00000| Complete 
| 112|0x0000000089000000, 0x0000000089100000, 0x0000000089100000|100%|HC|  |TAMS 0x0000000089100000, 0x0000000089000000| Complete 
| 113|0x0000000089100000, 0x0000000089200000, 0x0000000089200000|100%|HC|  |TAMS 0x0000000089200000, 0x0000000089100000| Complete 
| 114|0x0000000089200000, 0x0000000089300000, 0x0000000089300000|100%|HC|  |TAMS 0x0000000089300000, 0x0000000089200000| Complete 
| 115|0x0000000089300000, 0x0000000089400000, 0x0000000089400000|100%|HC|  |TAMS 0x0000000089400000, 0x0000000089300000| Complete 
| 116|0x0000000089400000, 0x0000000089500000, 0x0000000089500000|100%|HC|  |TAMS 0x0000000089500000, 0x0000000089400000| Complete 
| 117|0x0000000089500000, 0x0000000089600000, 0x0000000089600000|100%|HC|  |TAMS 0x0000000089600000, 0x0000000089500000| Complete 
| 118|0x0000000089600000, 0x0000000089700000, 0x0000000089700000|100%|HC|  |TAMS 0x0000000089700000, 0x0000000089600000| Complete 
| 119|0x0000000089700000, 0x0000000089800000, 0x0000000089800000|100%|HC|  |TAMS 0x0000000089800000, 0x0000000089700000| Complete 
| 120|0x0000000089800000, 0x0000000089900000, 0x0000000089900000|100%|HC|  |TAMS 0x0000000089900000, 0x0000000089800000| Complete 
| 121|0x0000000089900000, 0x0000000089a00000, 0x0000000089a00000|100%|HC|  |TAMS 0x0000000089a00000, 0x0000000089900000| Complete 
| 122|0x0000000089a00000, 0x0000000089b00000, 0x0000000089b00000|100%|HC|  |TAMS 0x0000000089b00000, 0x0000000089a00000| Complete 
| 123|0x0000000089b00000, 0x0000000089c00000, 0x0000000089c00000|100%|HC|  |TAMS 0x0000000089c00000, 0x0000000089b00000| Complete 
| 124|0x0000000089c00000, 0x0000000089d00000, 0x0000000089d00000|100%|HC|  |TAMS 0x0000000089d00000, 0x0000000089c00000| Complete 
| 125|0x0000000089d00000, 0x0000000089e00000, 0x0000000089e00000|100%|HC|  |TAMS 0x0000000089e00000, 0x0000000089d00000| Complete 
| 126|0x0000000089e00000, 0x0000000089f00000, 0x0000000089f00000|100%|HC|  |TAMS 0x0000000089f00000, 0x0000000089e00000| Complete 
| 127|0x0000000089f00000, 0x000000008a000000, 0x000000008a000000|100%|HC|  |TAMS 0x000000008a000000, 0x0000000089f00000| Complete 
| 128|0x000000008a000000, 0x000000008a100000, 0x000000008a100000|100%|HC|  |TAMS 0x000000008a100000, 0x000000008a000000| Complete 
| 129|0x000000008a100000, 0x000000008a200000, 0x000000008a200000|100%|HC|  |TAMS 0x000000008a200000, 0x000000008a100000| Complete 
| 130|0x000000008a200000, 0x000000008a300000, 0x000000008a300000|100%|HC|  |TAMS 0x000000008a300000, 0x000000008a200000| Complete 
| 131|0x000000008a300000, 0x000000008a400000, 0x000000008a400000|100%|HC|  |TAMS 0x000000008a400000, 0x000000008a300000| Complete 
| 132|0x000000008a400000, 0x000000008a500000, 0x000000008a500000|100%|HC|  |TAMS 0x000000008a500000, 0x000000008a400000| Complete 
| 133|0x000000008a500000, 0x000000008a600000, 0x000000008a600000|100%|HC|  |TAMS 0x000000008a600000, 0x000000008a500000| Complete 
| 134|0x000000008a600000, 0x000000008a700000, 0x000000008a700000|100%|HC|  |TAMS 0x000000008a700000, 0x000000008a600000| Complete 
| 135|0x000000008a700000, 0x000000008a800000, 0x000000008a800000|100%|HC|  |TAMS 0x000000008a800000, 0x000000008a700000| Complete 
| 136|0x000000008a800000, 0x000000008a900000, 0x000000008a900000|100%|HC|  |TAMS 0x000000008a900000, 0x000000008a800000| Complete 
| 137|0x000000008a900000, 0x000000008aa00000, 0x000000008aa00000|100%|HC|  |TAMS 0x000000008aa00000, 0x000000008a900000| Complete 
| 138|0x000000008aa00000, 0x000000008ab00000, 0x000000008ab00000|100%|HC|  |TAMS 0x000000008ab00000, 0x000000008aa00000| Complete 
| 139|0x000000008ab00000, 0x000000008ac00000, 0x000000008ac00000|100%|HC|  |TAMS 0x000000008ac00000, 0x000000008ab00000| Complete 
| 140|0x000000008ac00000, 0x000000008ad00000, 0x000000008ad00000|100%|HC|  |TAMS 0x000000008ad00000, 0x000000008ac00000| Complete 
| 141|0x000000008ad00000, 0x000000008ae00000, 0x000000008ae00000|100%|HC|  |TAMS 0x000000008ae00000, 0x000000008ad00000| Complete 
| 142|0x000000008ae00000, 0x000000008af00000, 0x000000008af00000|100%|HC|  |TAMS 0x000000008af00000, 0x000000008ae00000| Complete 
| 143|0x000000008af00000, 0x000000008b000000, 0x000000008b000000|100%|HS|  |TAMS 0x000000008af00000, 0x000000008af00000| Complete 
| 144|0x000000008b000000, 0x000000008b100000, 0x000000008b100000|100%|HC|  |TAMS 0x000000008b000000, 0x000000008b000000| Complete 
| 145|0x000000008b100000, 0x000000008b200000, 0x000000008b200000|100%|HC|  |TAMS 0x000000008b100000, 0x000000008b100000| Complete 
| 146|0x000000008b200000, 0x000000008b300000, 0x000000008b300000|100%|HC|  |TAMS 0x000000008b200000, 0x000000008b200000| Complete 
| 147|0x000000008b300000, 0x000000008b400000, 0x000000008b400000|100%|HC|  |TAMS 0x000000008b300000, 0x000000008b300000| Complete 
| 148|0x000000008b400000, 0x000000008b500000, 0x000000008b500000|100%|HC|  |TAMS 0x000000008b400000, 0x000000008b400000| Complete 
| 149|0x000000008b500000, 0x000000008b600000, 0x000000008b600000|100%|HC|  |TAMS 0x000000008b500000, 0x000000008b500000| Complete 
| 150|0x000000008b600000, 0x000000008b700000, 0x000000008b700000|100%|HC|  |TAMS 0x000000008b600000, 0x000000008b600000| Complete 
| 151|0x000000008b700000, 0x000000008b800000, 0x000000008b800000|100%|HC|  |TAMS 0x000000008b700000, 0x000000008b700000| Complete 
| 152|0x000000008b800000, 0x000000008b900000, 0x000000008b900000|100%|HC|  |TAMS 0x000000008b800000, 0x000000008b800000| Complete 
| 153|0x000000008b900000, 0x000000008ba00000, 0x000000008ba00000|100%|HC|  |TAMS 0x000000008b900000, 0x000000008b900000| Complete 
| 154|0x000000008ba00000, 0x000000008bb00000, 0x000000008bb00000|100%|HC|  |TAMS 0x000000008ba00000, 0x000000008ba00000| Complete 
| 155|0x000000008bb00000, 0x000000008bc00000, 0x000000008bc00000|100%|HC|  |TAMS 0x000000008bb00000, 0x000000008bb00000| Complete 
| 156|0x000000008bc00000, 0x000000008bd00000, 0x000000008bd00000|100%|HC|  |TAMS 0x000000008bc00000, 0x000000008bc00000| Complete 
| 157|0x000000008bd00000, 0x000000008be00000, 0x000000008be00000|100%|HC|  |TAMS 0x000000008bd00000, 0x000000008bd00000| Complete 
| 158|0x000000008be00000, 0x000000008bf00000, 0x000000008bf00000|100%|HC|  |TAMS 0x000000008be00000, 0x000000008be00000| Complete 
| 159|0x000000008bf00000, 0x000000008c000000, 0x000000008c000000|100%|HC|  |TAMS 0x000000008bf00000, 0x000000008bf00000| Complete 
| 160|0x000000008c000000, 0x000000008c100000, 0x000000008c100000|100%|HC|  |TAMS 0x000000008c000000, 0x000000008c000000| Complete 
| 161|0x000000008c100000, 0x000000008c200000, 0x000000008c200000|100%|HC|  |TAMS 0x000000008c100000, 0x000000008c100000| Complete 
| 162|0x000000008c200000, 0x000000008c300000, 0x000000008c300000|100%|HC|  |TAMS 0x000000008c200000, 0x000000008c200000| Complete 
| 163|0x000000008c300000, 0x000000008c400000, 0x000000008c400000|100%|HC|  |TAMS 0x000000008c300000, 0x000000008c300000| Complete 
| 164|0x000000008c400000, 0x000000008c500000, 0x000000008c500000|100%|HC|  |TAMS 0x000000008c400000, 0x000000008c400000| Complete 
| 165|0x000000008c500000, 0x000000008c600000, 0x000000008c600000|100%|HC|  |TAMS 0x000000008c500000, 0x000000008c500000| Complete 
| 166|0x000000008c600000, 0x000000008c700000, 0x000000008c700000|100%|HC|  |TAMS 0x000000008c600000, 0x000000008c600000| Complete 
| 167|0x000000008c700000, 0x000000008c800000, 0x000000008c800000|100%|HC|  |TAMS 0x000000008c700000, 0x000000008c700000| Complete 
| 168|0x000000008c800000, 0x000000008c900000, 0x000000008c900000|100%|HC|  |TAMS 0x000000008c800000, 0x000000008c800000| Complete 
| 169|0x000000008c900000, 0x000000008ca00000, 0x000000008ca00000|100%|HC|  |TAMS 0x000000008c900000, 0x000000008c900000| Complete 
| 170|0x000000008ca00000, 0x000000008cb00000, 0x000000008cb00000|100%|HC|  |TAMS 0x000000008ca00000, 0x000000008ca00000| Complete 
| 171|0x000000008cb00000, 0x000000008cc00000, 0x000000008cc00000|100%|HC|  |TAMS 0x000000008cb00000, 0x000000008cb00000| Complete 
| 172|0x000000008cc00000, 0x000000008cd00000, 0x000000008cd00000|100%|HC|  |TAMS 0x000000008cc00000, 0x000000008cc00000| Complete 
| 173|0x000000008cd00000, 0x000000008ce00000, 0x000000008ce00000|100%|HC|  |TAMS 0x000000008cd00000, 0x000000008cd00000| Complete 
| 174|0x000000008ce00000, 0x000000008cf00000, 0x000000008cf00000|100%|HC|  |TAMS 0x000000008ce00000, 0x000000008ce00000| Complete 
| 175|0x000000008cf00000, 0x000000008d000000, 0x000000008d000000|100%|HC|  |TAMS 0x000000008cf00000, 0x000000008cf00000| Complete 
| 176|0x000000008d000000, 0x000000008d100000, 0x000000008d100000|100%|HC|  |TAMS 0x000000008d000000, 0x000000008d000000| Complete 
| 177|0x000000008d100000, 0x000000008d200000, 0x000000008d200000|100%|HC|  |TAMS 0x000000008d100000, 0x000000008d100000| Complete 
| 178|0x000000008d200000, 0x000000008d300000, 0x000000008d300000|100%|HC|  |TAMS 0x000000008d200000, 0x000000008d200000| Complete 
| 179|0x000000008d300000, 0x000000008d400000, 0x000000008d400000|100%|HC|  |TAMS 0x000000008d300000, 0x000000008d300000| Complete 
| 180|0x000000008d400000, 0x000000008d500000, 0x000000008d500000|100%|HC|  |TAMS 0x000000008d400000, 0x000000008d400000| Complete 
| 181|0x000000008d500000, 0x000000008d600000, 0x000000008d600000|100%|HC|  |TAMS 0x000000008d500000, 0x000000008d500000| Complete 
| 182|0x000000008d600000, 0x000000008d700000, 0x000000008d700000|100%|HC|  |TAMS 0x000000008d600000, 0x000000008d600000| Complete 
| 183|0x000000008d700000, 0x000000008d800000, 0x000000008d800000|100%|HC|  |TAMS 0x000000008d700000, 0x000000008d700000| Complete 
| 184|0x000000008d800000, 0x000000008d900000, 0x000000008d900000|100%|HC|  |TAMS 0x000000008d800000, 0x000000008d800000| Complete 
| 185|0x000000008d900000, 0x000000008da00000, 0x000000008da00000|100%|HC|  |TAMS 0x000000008d900000, 0x000000008d900000| Complete 
| 186|0x000000008da00000, 0x000000008db00000, 0x000000008db00000|100%|HC|  |TAMS 0x000000008da00000, 0x000000008da00000| Complete 
| 187|0x000000008db00000, 0x000000008dc00000, 0x000000008dc00000|100%|HC|  |TAMS 0x000000008db00000, 0x000000008db00000| Complete 
| 188|0x000000008dc00000, 0x000000008dd00000, 0x000000008dd00000|100%|HC|  |TAMS 0x000000008dc00000, 0x000000008dc00000| Complete 
| 189|0x000000008dd00000, 0x000000008de00000, 0x000000008de00000|100%|HC|  |TAMS 0x000000008dd00000, 0x000000008dd00000| Complete 
| 190|0x000000008de00000, 0x000000008df00000, 0x000000008df00000|100%|HC|  |TAMS 0x000000008de00000, 0x000000008de00000| Complete 

Card table byte_map: [0x000002df5f390000,0x000002df5f780000] _byte_map_base: 0x000002df5ef80000

Marking Bits (Prev, Next): (CMBitMap*) 0x000002df4653cf40, (CMBitMap*) 0x000002df4653cf80
 Prev Bits: [0x000002df5fb70000, 0x000002df61af0000)
 Next Bits: [0x000002df61af0000, 0x000002df63a70000)

Polling page: 0x000002df46590000

Metaspace:

Usage:
  Non-class:     22.66 MB used.
      Class:      3.37 MB used.
       Both:     26.03 MB used.

Virtual space:
  Non-class space:       64.00 MB reserved,      22.88 MB ( 36%) committed,  1 nodes.
      Class space:        1.00 GB reserved,       3.56 MB ( <1%) committed,  1 nodes.
             Both:        1.06 GB reserved,      26.44 MB (  2%) committed. 

Chunk freelists:
   Non-Class:  368.00 KB
       Class:  493.00 KB
        Both:  861.00 KB

MaxMetaspaceSize: unlimited
CompressedClassSpaceSize: 1.00 GB
Initial GC threshold: 21.00 MB
Current GC threshold: 35.62 MB
CDS: on
MetaspaceReclaimPolicy: balanced
 - commit_granule_bytes: 65536.
 - commit_granule_words: 8192.
 - virtual_space_node_default_size: 8388608.
 - enlarge_chunks_in_place: 1.
 - new_chunks_are_fully_committed: 0.
 - uncommit_free_chunks: 1.
 - use_allocation_guard: 0.


Internal statistics:

num_allocs_failed_limit: 3.
num_arena_births: 384.
num_arena_deaths: 0.
num_vsnodes_births: 2.
num_vsnodes_deaths: 0.
num_space_committed: 423.
num_space_uncommitted: 0.
num_chunks_returned_to_freelist: 3.
num_chunks_taken_from_freelist: 1131.
num_chunk_merges: 0.
num_chunk_splits: 788.
num_chunks_enlarged: 601.
num_inconsistent_stats: 0.

CodeHeap 'non-profiled nmethods': size=120000Kb used=2006Kb max_used=2006Kb free=117993Kb
 bounds [0x000002df57a70000, 0x000002df57ce0000, 0x000002df5efa0000]
CodeHeap 'profiled nmethods': size=120000Kb used=10335Kb max_used=10335Kb free=109664Kb
 bounds [0x000002df50540000, 0x000002df50f60000, 0x000002df57a70000]
CodeHeap 'non-nmethods': size=5760Kb used=1522Kb max_used=1600Kb free=4237Kb
 bounds [0x000002df4ffa0000, 0x000002df50210000, 0x000002df50540000]
 total_blobs=5701 nmethods=4809 adapters=804
 compilation: enabled
              stopped_count=0, restarted_count=0
 full_count=0

Compilation events (20 events):
Event: 24.439 Thread 0x000002df65eede50 4805       3       com.sun.prism.d3d.D3DContext::updateClipRect (70 bytes)
Event: 24.439 Thread 0x000002df6b73e3c0 4806       4       com.sun.marlin.Renderer::_endRendering (2473 bytes)
Event: 24.439 Thread 0x000002df65eede50 nmethod 4805 0x000002df50f4d710 code [0x000002df50f4d8e0, 0x000002df50f4dc28]
Event: 24.441 Thread 0x000002df65eede50 4807       3       com.sun.prism.d3d.D3DGraphics::create (55 bytes)
Event: 24.442 Thread 0x000002df65eede50 nmethod 4807 0x000002df50f4dd90 code [0x000002df50f4df80, 0x000002df50f4e5b8]
Event: 24.442 Thread 0x000002df65eede50 4808       3       com.sun.marlin.Renderer::curveBreakIntoLinesAndAdd (485 bytes)
Event: 24.443 Thread 0x000002df65eede50 nmethod 4808 0x000002df50f4e790 code [0x000002df50f4eb20, 0x000002df50f4f2b8]
Event: 24.443 Thread 0x000002df65eede50 4810       3       com.sun.prism.impl.packrect.Level::add (98 bytes)
Event: 24.443 Thread 0x000002df65eede50 nmethod 4810 0x000002df50f4f690 code [0x000002df50f4f840, 0x000002df50f4fa98]
Event: 24.443 Thread 0x000002df65eede50 4809       3       com.sun.javafx.geom.transform.GeneralTransform3D::set (24 bytes)
Event: 24.444 Thread 0x000002df65eede50 nmethod 4809 0x000002df50f4fb90 code [0x000002df50f4fd40, 0x000002df50f4ff38]
Event: 24.444 Thread 0x000002df65eede50 4812       3       com.sun.prism.d3d.D3DTexture::update (425 bytes)
Event: 24.445 Thread 0x000002df65eede50 nmethod 4812 0x000002df50f50090 code [0x000002df50f50360, 0x000002df50f51c88]
Event: 24.445 Thread 0x000002df65eede50 4813       3       com.sun.prism.impl.BaseTexture::checkUpdateParams (354 bytes)
Event: 24.448 Thread 0x000002df65eede50 nmethod 4813 0x000002df50f52210 code [0x000002df50f525a0, 0x000002df50f53a98]
Event: 24.448 Thread 0x000002df65eede50 4814       3       com.sun.prism.d3d.D3DTexture::update (216 bytes)
Event: 24.450 Thread 0x000002df65eede50 nmethod 4814 0x000002df50f54390 code [0x000002df50f547c0, 0x000002df50f57108]
Event: 24.539 Thread 0x000002df6b73e3c0 nmethod 4806 0x000002df57c60090 code [0x000002df57c602a0, 0x000002df57c63068]
Event: 24.540 Thread 0x000002df6b73e3c0 4811       4       java.lang.Integer::hashCode (8 bytes)
Event: 24.540 Thread 0x000002df6b73e3c0 nmethod 4811 0x000002df57c65790 code [0x000002df57c65900, 0x000002df57c65978]

GC Heap History (12 events):
Event: 0.943 GC heap before
{Heap before GC invocations=0 (full 0):
 garbage-first heap   total 129024K, used 12288K [0x0000000082000000, 0x0000000100000000)
  region size 1024K, 13 young (13312K), 0 survivors (0K)
 Metaspace       used 2323K, committed 2496K, reserved 1114112K
  class space    used 234K, committed 320K, reserved 1048576K
}
Event: 0.947 GC heap after
{Heap after GC invocations=1 (full 0):
 garbage-first heap   total 129024K, used 1957K [0x0000000082000000, 0x0000000100000000)
  region size 1024K, 2 young (2048K), 2 survivors (2048K)
 Metaspace       used 2323K, committed 2496K, reserved 1114112K
  class space    used 234K, committed 320K, reserved 1048576K
}
Event: 1.540 GC heap before
{Heap before GC invocations=1 (full 0):
 garbage-first heap   total 129024K, used 25509K [0x0000000082000000, 0x0000000100000000)
  region size 1024K, 19 young (19456K), 2 survivors (2048K)
 Metaspace       used 8129K, committed 8320K, reserved 1114112K
  class space    used 991K, committed 1088K, reserved 1048576K
}
Event: 1.545 GC heap after
{Heap after GC invocations=2 (full 0):
 garbage-first heap   total 129024K, used 11007K [0x0000000082000000, 0x0000000100000000)
  region size 1024K, 3 young (3072K), 3 survivors (3072K)
 Metaspace       used 8129K, committed 8320K, reserved 1114112K
  class space    used 991K, committed 1088K, reserved 1048576K
}
Event: 10.420 GC heap before
{Heap before GC invocations=2 (full 0):
 garbage-first heap   total 129024K, used 89855K [0x0000000082000000, 0x0000000100000000)
  region size 1024K, 40 young (40960K), 3 survivors (3072K)
 Metaspace       used 21269K, committed 21504K, reserved 1114112K
  class space    used 2636K, committed 2752K, reserved 1048576K
}
Event: 10.430 GC heap after
{Heap after GC invocations=3 (full 0):
 garbage-first heap   total 129024K, used 28208K [0x0000000082000000, 0x0000000100000000)
  region size 1024K, 8 young (8192K), 8 survivors (8192K)
 Metaspace       used 21269K, committed 21504K, reserved 1114112K
  class space    used 2636K, committed 2752K, reserved 1048576K
}
Event: 11.230 GC heap before
{Heap before GC invocations=4 (full 0):
 garbage-first heap   total 99328K, used 29232K [0x0000000082000000, 0x0000000100000000)
  region size 1024K, 10 young (10240K), 8 survivors (8192K)
 Metaspace       used 21320K, committed 21632K, reserved 1114112K
  class space    used 2649K, committed 2752K, reserved 1048576K
}
Event: 11.237 GC heap after
{Heap after GC invocations=5 (full 0):
 garbage-first heap   total 99328K, used 29434K [0x0000000082000000, 0x0000000100000000)
  region size 1024K, 1 young (1024K), 1 survivors (1024K)
 Metaspace       used 21320K, committed 21632K, reserved 1114112K
  class space    used 2649K, committed 2752K, reserved 1048576K
}
Event: 11.734 GC heap before
{Heap before GC invocations=5 (full 0):
 garbage-first heap   total 146432K, used 79610K [0x0000000082000000, 0x0000000100000000)
  region size 1024K, 3 young (3072K), 1 survivors (1024K)
 Metaspace       used 21426K, committed 21760K, reserved 1114112K
  class space    used 2664K, committed 2816K, reserved 1048576K
}
Event: 11.735 GC heap after
{Heap after GC invocations=6 (full 0):
 garbage-first heap   total 146432K, used 78254K [0x0000000082000000, 0x0000000100000000)
  region size 1024K, 1 young (1024K), 1 survivors (1024K)
 Metaspace       used 21426K, committed 21760K, reserved 1114112K
  class space    used 2664K, committed 2816K, reserved 1048576K
}
Event: 24.296 GC heap before
{Heap before GC invocations=7 (full 0):
 garbage-first heap   total 195584K, used 173486K [0x0000000082000000, 0x0000000100000000)
  region size 1024K, 35 young (35840K), 1 survivors (1024K)
 Metaspace       used 26584K, committed 27008K, reserved 1114112K
  class space    used 3449K, committed 3648K, reserved 1048576K
}
Event: 24.306 GC heap after
{Heap after GC invocations=8 (full 0):
 garbage-first heap   total 195584K, used 148203K [0x0000000082000000, 0x0000000100000000)
  region size 1024K, 5 young (5120K), 5 survivors (5120K)
 Metaspace       used 26584K, committed 27008K, reserved 1114112K
  class space    used 3449K, committed 3648K, reserved 1048576K
}

Deoptimization events (20 events):
Event: 24.290 Thread 0x000002df6b02de40 DEOPT PACKING pc=0x000002df57c577e4 sp=0x000000f4652fb7a0
Event: 24.290 Thread 0x000002df6b02de40 DEOPT UNPACKING pc=0x000002df4fff23a3 sp=0x000000f4652fb730 mode 2
Event: 24.313 Thread 0x000002df6b02de40 Uncommon trap: trap_request=0xffffffd6 fr.pc=0x000002df57c59aa4 relative=0x0000000000000364
Event: 24.313 Thread 0x000002df6b02de40 Uncommon trap: reason=array_check action=maybe_recompile pc=0x000002df57c59aa4 method=javafx.css.CompoundSelector.applies(Ljavafx/css/Styleable;[Ljava/util/Set;I)Z @ 128 c2
Event: 24.313 Thread 0x000002df6b02de40 DEOPT PACKING pc=0x000002df57c59aa4 sp=0x000000f4652fb7a0
Event: 24.313 Thread 0x000002df6b02de40 DEOPT UNPACKING pc=0x000002df4fff23a3 sp=0x000000f4652fb728 mode 2
Event: 24.313 Thread 0x000002df6b02de40 Uncommon trap: trap_request=0xffffffd6 fr.pc=0x000002df57c59aa4 relative=0x0000000000000364
Event: 24.313 Thread 0x000002df6b02de40 Uncommon trap: reason=array_check action=maybe_recompile pc=0x000002df57c59aa4 method=javafx.css.CompoundSelector.applies(Ljavafx/css/Styleable;[Ljava/util/Set;I)Z @ 128 c2
Event: 24.313 Thread 0x000002df6b02de40 DEOPT PACKING pc=0x000002df57c59aa4 sp=0x000000f4652fb7a0
Event: 24.313 Thread 0x000002df6b02de40 DEOPT UNPACKING pc=0x000002df4fff23a3 sp=0x000000f4652fb728 mode 2
Event: 24.314 Thread 0x000002df6b02de40 Uncommon trap: trap_request=0xffffffd6 fr.pc=0x000002df57c59aa4 relative=0x0000000000000364
Event: 24.314 Thread 0x000002df6b02de40 Uncommon trap: reason=array_check action=maybe_recompile pc=0x000002df57c59aa4 method=javafx.css.CompoundSelector.applies(Ljavafx/css/Styleable;[Ljava/util/Set;I)Z @ 128 c2
Event: 24.314 Thread 0x000002df6b02de40 DEOPT PACKING pc=0x000002df57c59aa4 sp=0x000000f4652fb260
Event: 24.314 Thread 0x000002df6b02de40 DEOPT UNPACKING pc=0x000002df4fff23a3 sp=0x000000f4652fb1e8 mode 2
Event: 24.314 Thread 0x000002df6b02de40 Uncommon trap: trap_request=0xffffffd6 fr.pc=0x000002df57c59aa4 relative=0x0000000000000364
Event: 24.314 Thread 0x000002df6b02de40 Uncommon trap: reason=array_check action=maybe_recompile pc=0x000002df57c59aa4 method=javafx.css.CompoundSelector.applies(Ljavafx/css/Styleable;[Ljava/util/Set;I)Z @ 128 c2
Event: 24.315 Thread 0x000002df6b02de40 DEOPT PACKING pc=0x000002df57c59aa4 sp=0x000000f4652fb260
Event: 24.315 Thread 0x000002df6b02de40 DEOPT UNPACKING pc=0x000002df4fff23a3 sp=0x000000f4652fb1e8 mode 2
Event: 24.439 Thread 0x000002df6aae56c0 DEOPT PACKING pc=0x000002df50e4f7e9 sp=0x000000f4650fd900
Event: 24.439 Thread 0x000002df6aae56c0 DEOPT UNPACKING pc=0x000002df4fff2b43 sp=0x000000f4650fcd38 mode 0

Classes loaded (20 events):
Event: 17.203 Loading class java/io/ObjectInputStream$HandleTable$HandleList
Event: 17.203 Loading class java/io/ObjectInputStream$HandleTable$HandleList done
Event: 17.203 Loading class java/io/ObjectInputStream$ValidationList
Event: 17.203 Loading class java/io/ObjectInputStream$ValidationList done
Event: 17.203 Loading class java/io/ObjectInputFilter$Config
Event: 17.204 Loading class java/io/ObjectInputFilter$Config done
Event: 17.204 Loading class java/io/ObjectInputFilter
Event: 17.204 Loading class java/io/ObjectInputFilter done
Event: 17.205 Loading class java/io/ObjectInputFilter$Config$BuiltinFilterFactory
Event: 17.205 Loading class java/io/ObjectInputFilter$Config$BuiltinFilterFactory done
Event: 17.205 Loading class jdk/internal/access/JavaObjectInputFilterAccess
Event: 17.205 Loading class jdk/internal/access/JavaObjectInputFilterAccess done
Event: 17.206 Loading class sun/reflect/misc/ReflectUtil
Event: 17.206 Loading class sun/reflect/misc/ReflectUtil done
Event: 17.206 Loading class jdk/internal/event/DeserializationEvent
Event: 17.206 Loading class jdk/internal/event/DeserializationEvent done
Event: 17.206 Loading class java/io/ObjectInputStream$FieldValues
Event: 17.207 Loading class java/io/ObjectInputStream$GetField
Event: 17.207 Loading class java/io/ObjectInputStream$GetField done
Event: 17.207 Loading class java/io/ObjectInputStream$FieldValues done

Classes unloaded (0 events):
No events

Classes redefined (0 events):
No events

Internal exceptions (20 events):
Event: 11.731 Thread 0x000002df6b02de40 Exception <a 'java/lang/NoSuchMethodError'{0x0000000087c014f8}: 'void java.lang.invoke.Invokers$Holder.invokeExact_MT(java.lang.Object, java.lang.Object, java.lang.Object, java.lang.Object)'> (0x0000000087c014f8) 
thrown [s\open\src\hotspot\share\interpreter\linkResolver.cpp, line 759]
Event: 11.846 Thread 0x000002df6b02de40 Exception <a 'java/lang/ClassNotFoundException'{0x000000008793c338}: com/sun/javafx/scene/control/skin/resources/controls> (0x000000008793c338) 
thrown [s\open\src\hotspot\share\prims\jni.cpp, line 535]
Event: 11.846 Thread 0x000002df6b02de40 Exception <a 'java/lang/ClassNotFoundException'{0x000000008794a5c0}: com/sun/javafx/scene/control/skin/resources/controls_en> (0x000000008794a5c0) 
thrown [s\open\src\hotspot\share\prims\jni.cpp, line 535]
Event: 11.846 Thread 0x000002df6b02de40 Exception <a 'java/lang/ClassNotFoundException'{0x000000008794b840}: com/sun/javafx/scene/control/skin/resources/controls_en_US> (0x000000008794b840) 
thrown [s\open\src\hotspot\share\prims\jni.cpp, line 535]
Event: 11.990 Thread 0x000002df6b02de40 Exception <a 'java/lang/NoSuchMethodError'{0x000000008735beb0}: 'void java.lang.invoke.DirectMethodHandle$Holder.invokeSpecial(java.lang.Object, java.lang.Object, java.lang.Object, java.lang.Object, java.lang.Object, java.lang.Object)'> (0x000000008735beb0) 
thrown [s\open\src\hotspot\share\interpreter\linkResolver.cpp, line 759]
Event: 12.207 Thread 0x000002df6b02de40 Exception <a 'java/lang/NoSuchMethodError'{0x0000000086b105a8}: 'void java.lang.invoke.DirectMethodHandle$Holder.invokeSpecial(java.lang.Object, java.lang.Object, int, int)'> (0x0000000086b105a8) 
thrown [s\open\src\hotspot\share\interpreter\linkResolver.cpp, line 759]
Event: 12.208 Thread 0x000002df6b02de40 Exception <a 'java/lang/NoSuchMethodError'{0x0000000086b17038}: 'java.lang.Object java.lang.invoke.DirectMethodHandle$Holder.newInvokeSpecial(java.lang.Object, java.lang.Object, int, int)'> (0x0000000086b17038) 
thrown [s\open\src\hotspot\share\interpreter\linkResolver.cpp, line 759]
Event: 12.208 Thread 0x000002df6b02de40 Exception <a 'java/lang/NoSuchMethodError'{0x0000000086b1b4d8}: 'java.lang.Object java.lang.invoke.DirectMethodHandle$Holder.invokeSpecial(java.lang.Object, java.lang.Object, java.lang.Object, int, int)'> (0x0000000086b1b4d8) 
thrown [s\open\src\hotspot\share\interpreter\linkResolver.cpp, line 759]
Event: 12.413 Thread 0x000002df6aae56c0 Exception <a 'java/lang/NoSuchMethodError'{0x00000000869b6bf0}: 'java.lang.Object java.lang.invoke.DirectMethodHandle$Holder.invokeStaticInit(java.lang.Object, int)'> (0x00000000869b6bf0) 
thrown [s\open\src\hotspot\share\interpreter\linkResolver.cpp, line 759]
Event: 16.930 Thread 0x000002df6b02de40 Exception <a 'java/lang/NoSuchMethodError'{0x00000000868b18c0}: 'java.lang.Object java.lang.invoke.DirectMethodHandle$Holder.newInvokeSpecial(java.lang.Object, java.lang.Object, int, int, int, int, int, java.lang.Object)'> (0x00000000868b18c0) 
thrown [s\open\src\hotspot\share\interpreter\linkResolver.cpp, line 759]
Event: 16.935 Thread 0x000002df6b02de40 Exception <a 'java/lang/NoSuchMethodError'{0x00000000868c4b10}: 'java.lang.Object java.lang.invoke.DirectMethodHandle$Holder.newInvokeSpecial(java.lang.Object, java.lang.Object, java.lang.Object, int, int, int, int, int)'> (0x00000000868c4b10) 
thrown [s\open\src\hotspot\share\interpreter\linkResolver.cpp, line 759]
Event: 16.937 Thread 0x000002df6b02de40 Exception <a 'java/lang/NoSuchMethodError'{0x00000000868cc378}: 'java.lang.Object java.lang.invoke.Invokers$Holder.linkToTargetMethod(java.lang.Object, java.lang.Object, int, int, int, int, int, java.lang.Object)'> (0x00000000868cc378) 
thrown [s\open\src\hotspot\share\interpreter\linkResolver.cpp, line 759]
Event: 16.983 Thread 0x000002df6b02de40 Exception <a 'java/lang/NoSuchMethodError'{0x000000008674b990}: 'long java.lang.invoke.DirectMethodHandle$Holder.invokeSpecial(java.lang.Object, java.lang.Object)'> (0x000000008674b990) 
thrown [s\open\src\hotspot\share\interpreter\linkResolver.cpp, line 759]
Event: 16.984 Thread 0x000002df6b02de40 Exception <a 'java/lang/NoSuchMethodError'{0x000000008674f2d0}: 'long java.lang.invoke.Invokers$Holder.invokeExact_MT(java.lang.Object, java.lang.Object)'> (0x000000008674f2d0) 
thrown [s\open\src\hotspot\share\interpreter\linkResolver.cpp, line 759]
Event: 17.014 Thread 0x000002df6b02de40 Exception <a 'java/lang/NoSuchMethodError'{0x0000000086781288}: 'java.lang.Object java.lang.invoke.DirectMethodHandle$Holder.newInvokeSpecial(java.lang.Object, java.lang.Object, java.lang.Object, int, int, int, int, java.lang.Object)'> (0x0000000086781288) 
thrown [s\open\src\hotspot\share\interpreter\linkResolver.cpp, line 759]
Event: 17.042 Thread 0x000002df6b02de40 Exception <a 'java/lang/NoSuchMethodError'{0x0000000086793c48}: 'java.lang.Object java.lang.invoke.DirectMethodHandle$Holder.invokeSpecial(java.lang.Object, java.lang.Object, int, int, int, int, java.lang.Object)'> (0x0000000086793c48) 
thrown [s\open\src\hotspot\share\interpreter\linkResolver.cpp, line 759]
Event: 17.043 Thread 0x000002df6b02de40 Exception <a 'java/lang/NoSuchMethodError'{0x000000008679b740}: 'java.lang.Object java.lang.invoke.DirectMethodHandle$Holder.newInvokeSpecial(java.lang.Object, java.lang.Object, int, int, int, int, java.lang.Object)'> (0x000000008679b740) 
thrown [s\open\src\hotspot\share\interpreter\linkResolver.cpp, line 759]
Event: 20.954 Thread 0x000002df6b02de40 Implicit null exception at 0x000002df57c36553 to 0x000002df57c36b0c
Event: 22.449 Thread 0x000002df6b02de40 Implicit null exception at 0x000002df57bd202c to 0x000002df57bd207c
Event: 24.227 Thread 0x000002df6b02de40 Implicit null exception at 0x000002df57c26624 to 0x000002df57c2d2f4

VM Operations (20 events):
Event: 15.076 Executing VM operation: Cleanup
Event: 15.076 Executing VM operation: Cleanup done
Event: 16.980 Executing VM operation: HandshakeAllThreads
Event: 16.981 Executing VM operation: HandshakeAllThreads done
Event: 16.983 Executing VM operation: Cleanup
Event: 16.984 Executing VM operation: Cleanup done
Event: 17.985 Executing VM operation: Cleanup
Event: 17.985 Executing VM operation: Cleanup done
Event: 18.890 Executing VM operation: HandshakeAllThreads
Event: 18.890 Executing VM operation: HandshakeAllThreads done
Event: 19.410 Executing VM operation: ICBufferFull
Event: 19.411 Executing VM operation: ICBufferFull done
Event: 20.964 Executing VM operation: ICBufferFull
Event: 20.964 Executing VM operation: ICBufferFull done
Event: 22.964 Executing VM operation: Cleanup
Event: 22.964 Executing VM operation: Cleanup done
Event: 23.964 Executing VM operation: Cleanup
Event: 23.965 Executing VM operation: Cleanup done
Event: 24.296 Executing VM operation: G1CollectForAllocation
Event: 24.308 Executing VM operation: G1CollectForAllocation done

Events (20 events):
Event: 5.186 Thread 0x000002df6b278440 Thread exited: 0x000002df6b278440
Event: 5.195 Thread 0x000002df6b278440 Thread added: 0x000002df6b278440
Event: 5.433 Thread 0x000002df6b278440 Thread exited: 0x000002df6b278440
Event: 6.784 Thread 0x000002df6b5106a0 Thread added: 0x000002df6b5106a0
Event: 7.238 Thread 0x000002df6b5106a0 Thread exited: 0x000002df6b5106a0
Event: 8.226 Thread 0x000002df6b492770 Thread added: 0x000002df6b492770
Event: 8.243 Thread 0x000002df6b1376f0 Thread added: 0x000002df6b1376f0
Event: 8.420 Thread 0x000002df6b492770 Thread exited: 0x000002df6b492770
Event: 11.942 Thread 0x000002df6b510110 Thread added: 0x000002df6b510110
Event: 12.348 Thread 0x000002df6b136d50 Thread added: 0x000002df6b136d50
Event: 14.141 Thread 0x000002df6b510110 Thread exited: 0x000002df6b510110
Event: 16.390 Thread 0x000002df6b510110 Thread added: 0x000002df6b510110
Event: 16.513 Thread 0x000002df6b510110 Thread exited: 0x000002df6b510110
Event: 16.948 Thread 0x000002df6b510110 Thread added: 0x000002df6b510110
Event: 17.165 Thread 0x000002df6b510110 Thread exited: 0x000002df6b510110
Event: 18.316 Thread 0x000002df6b0342b0 Thread added: 0x000002df6b0342b0
Event: 19.005 Thread 0x000002df6b0342b0 Thread exited: 0x000002df6b0342b0
Event: 19.758 Thread 0x000002df78d50480 Thread added: 0x000002df78d50480
Event: 19.947 Thread 0x000002df78d50480 Thread exited: 0x000002df78d50480
Event: 24.257 Thread 0x000002df6b73e3c0 Thread added: 0x000002df6b73e3c0


Dynamic libraries:
0x00007ff6fe330000 - 0x00007ff6fe340000 	C:\Program Files\Java\jdk-18.0.2.1\bin\java.exe
0x00007ffe9c790000 - 0x00007ffe9c988000 	C:\Windows\SYSTEM32\ntdll.dll
0x00007ffe9a970000 - 0x00007ffe9aa2f000 	C:\Windows\System32\KERNEL32.DLL
0x00007ffe9a120000 - 0x00007ffe9a3f2000 	C:\Windows\System32\KERNELBASE.dll
0x00007ffe99f10000 - 0x00007ffe9a010000 	C:\Windows\System32\ucrtbase.dll
0x00007ffe95af0000 - 0x00007ffe95b08000 	C:\Program Files\Java\jdk-18.0.2.1\bin\jli.dll
0x00007ffe9ac70000 - 0x00007ffe9ad1e000 	C:\Windows\System32\ADVAPI32.dll
0x00007ffe9b970000 - 0x00007ffe9ba0e000 	C:\Windows\System32\msvcrt.dll
0x00007ffe9ad20000 - 0x00007ffe9adbc000 	C:\Windows\System32\sechost.dll
0x00007ffe9afc0000 - 0x00007ffe9b0e5000 	C:\Windows\System32\RPCRT4.dll
0x00007ffe9aa30000 - 0x00007ffe9abcd000 	C:\Windows\System32\USER32.dll
0x00007ffe9a400000 - 0x00007ffe9a422000 	C:\Windows\System32\win32u.dll
0x00007ffe9bea0000 - 0x00007ffe9becb000 	C:\Windows\System32\GDI32.dll
0x00007ffe9a010000 - 0x00007ffe9a11f000 	C:\Windows\System32\gdi32full.dll
0x00007ffe9a6d0000 - 0x00007ffe9a76d000 	C:\Windows\System32\msvcp_win.dll
0x00007ffe95ad0000 - 0x00007ffe95aea000 	C:\Program Files\Java\jdk-18.0.2.1\bin\VCRUNTIME140.dll
0x00007ffe84810000 - 0x00007ffe84aaa000 	C:\Windows\WinSxS\amd64_microsoft.windows.common-controls_6595b64144ccf1df_6.0.19041.1110_none_60b5254171f9507e\COMCTL32.dll
0x00007ffe954f0000 - 0x00007ffe954fa000 	C:\Windows\SYSTEM32\VERSION.dll
0x00007ffe9af10000 - 0x00007ffe9af42000 	C:\Windows\System32\IMM32.DLL
0x00007ffe8e680000 - 0x00007ffe8e68c000 	C:\Program Files\Java\jdk-18.0.2.1\bin\vcruntime140_1.dll
0x00007ffe72780000 - 0x00007ffe7280d000 	C:\Program Files\Java\jdk-18.0.2.1\bin\msvcp140.dll
0x00007ffe5ac00000 - 0x00007ffe5b811000 	C:\Program Files\Java\jdk-18.0.2.1\bin\server\jvm.dll
0x00007ffe9af00000 - 0x00007ffe9af08000 	C:\Windows\System32\PSAPI.DLL
0x00007ffe97480000 - 0x00007ffe97489000 	C:\Windows\SYSTEM32\WSOCK32.dll
0x00007ffe9ae90000 - 0x00007ffe9aefb000 	C:\Windows\System32\WS2_32.dll
0x00007ffe84b00000 - 0x00007ffe84b27000 	C:\Windows\SYSTEM32\WINMM.dll
0x00007ffe986a0000 - 0x00007ffe986b2000 	C:\Windows\SYSTEM32\kernel.appcore.dll
0x00007ffe8dd90000 - 0x00007ffe8dd9a000 	C:\Program Files\Java\jdk-18.0.2.1\bin\jimage.dll
0x00007ffe97aa0000 - 0x00007ffe97c84000 	C:\Windows\SYSTEM32\DBGHELP.DLL
0x00007ffe85980000 - 0x00007ffe859ac000 	C:\Windows\SYSTEM32\dbgcore.DLL
0x00007ffe9a4e0000 - 0x00007ffe9a562000 	C:\Windows\System32\bcryptPrimitives.dll
0x00007ffe8db40000 - 0x00007ffe8db4e000 	C:\Program Files\Java\jdk-18.0.2.1\bin\instrument.dll
0x00007ffe7b2d0000 - 0x00007ffe7b2f5000 	C:\Program Files\Java\jdk-18.0.2.1\bin\java.dll
0x00007ffe70c30000 - 0x00007ffe70d06000 	C:\Program Files\Java\jdk-18.0.2.1\bin\jsvml.dll
0x00007ffe9bff0000 - 0x00007ffe9c733000 	C:\Windows\System32\SHELL32.dll
0x00007ffe97ef0000 - 0x00007ffe98682000 	C:\Windows\SYSTEM32\windows.storage.dll
0x00007ffe9b610000 - 0x00007ffe9b964000 	C:\Windows\System32\combase.dll
0x00007ffe99730000 - 0x00007ffe99760000 	C:\Windows\SYSTEM32\Wldp.dll
0x00007ffe9b560000 - 0x00007ffe9b60d000 	C:\Windows\System32\SHCORE.dll
0x00007ffe9af60000 - 0x00007ffe9afb5000 	C:\Windows\System32\shlwapi.dll
0x00007ffe99dd0000 - 0x00007ffe99def000 	C:\Windows\SYSTEM32\profapi.dll
0x00007ffe851e0000 - 0x00007ffe851f3000 	C:\Program Files\Java\jdk-18.0.2.1\bin\net.dll
0x00007ffe8fac0000 - 0x00007ffe8fbcc000 	C:\Windows\SYSTEM32\WINHTTP.dll
0x00007ffe99510000 - 0x00007ffe9957a000 	C:\Windows\system32\mswsock.dll
0x00007ffe815e0000 - 0x00007ffe815f6000 	C:\Program Files\Java\jdk-18.0.2.1\bin\nio.dll
0x00007ffe7edf0000 - 0x00007ffe7ee08000 	C:\Program Files\Java\jdk-18.0.2.1\bin\zip.dll
0x00007ffe7ece0000 - 0x00007ffe7ecfa000 	E:\IntelliJ IDEA Community Edition 2021.3.2\bin\breakgen64.dll
0x000002df46630000 - 0x000002df46633000 	C:\Users\DELL\.openjfx\cache\17.0.6\api-ms-win-core-console-l1-1-0.dll
0x000002df46640000 - 0x000002df46643000 	C:\Users\DELL\.openjfx\cache\17.0.6\api-ms-win-core-console-l1-2-0.dll
0x000002df46650000 - 0x000002df46653000 	C:\Users\DELL\.openjfx\cache\17.0.6\api-ms-win-core-datetime-l1-1-0.dll
0x000002df46660000 - 0x000002df46663000 	C:\Users\DELL\.openjfx\cache\17.0.6\api-ms-win-core-debug-l1-1-0.dll
0x000002df46670000 - 0x000002df46673000 	C:\Users\DELL\.openjfx\cache\17.0.6\api-ms-win-core-errorhandling-l1-1-0.dll
0x000002df48560000 - 0x000002df48564000 	C:\Users\DELL\.openjfx\cache\17.0.6\api-ms-win-core-file-l1-1-0.dll
0x000002df48570000 - 0x000002df48573000 	C:\Users\DELL\.openjfx\cache\17.0.6\api-ms-win-core-file-l1-2-0.dll
0x000002df48580000 - 0x000002df48583000 	C:\Users\DELL\.openjfx\cache\17.0.6\api-ms-win-core-file-l2-1-0.dll
0x000002df48590000 - 0x000002df48593000 	C:\Users\DELL\.openjfx\cache\17.0.6\api-ms-win-core-handle-l1-1-0.dll
0x000002df485a0000 - 0x000002df485a3000 	C:\Users\DELL\.openjfx\cache\17.0.6\api-ms-win-core-heap-l1-1-0.dll
0x000002df485b0000 - 0x000002df485b3000 	C:\Users\DELL\.openjfx\cache\17.0.6\api-ms-win-core-interlocked-l1-1-0.dll
0x000002df485c0000 - 0x000002df485c3000 	C:\Users\DELL\.openjfx\cache\17.0.6\api-ms-win-core-libraryloader-l1-1-0.dll
0x000002df485d0000 - 0x000002df485d3000 	C:\Users\DELL\.openjfx\cache\17.0.6\api-ms-win-core-localization-l1-2-0.dll
0x000002df485e0000 - 0x000002df485e3000 	C:\Users\DELL\.openjfx\cache\17.0.6\api-ms-win-core-memory-l1-1-0.dll
0x000002df485f0000 - 0x000002df485f3000 	C:\Users\DELL\.openjfx\cache\17.0.6\api-ms-win-core-namedpipe-l1-1-0.dll
0x000002df48600000 - 0x000002df48603000 	C:\Users\DELL\.openjfx\cache\17.0.6\api-ms-win-core-processenvironment-l1-1-0.dll
0x000002df48610000 - 0x000002df48613000 	C:\Users\DELL\.openjfx\cache\17.0.6\api-ms-win-core-processthreads-l1-1-0.dll
0x000002df48620000 - 0x000002df48623000 	C:\Users\DELL\.openjfx\cache\17.0.6\api-ms-win-core-processthreads-l1-1-1.dll
0x000002df65fa0000 - 0x000002df65fa3000 	C:\Users\DELL\.openjfx\cache\17.0.6\api-ms-win-core-profile-l1-1-0.dll
0x000002df65fb0000 - 0x000002df65fb3000 	C:\Users\DELL\.openjfx\cache\17.0.6\api-ms-win-core-rtlsupport-l1-1-0.dll
0x000002df65fc0000 - 0x000002df65fc3000 	C:\Users\DELL\.openjfx\cache\17.0.6\api-ms-win-core-string-l1-1-0.dll
0x000002df65fd0000 - 0x000002df65fd3000 	C:\Users\DELL\.openjfx\cache\17.0.6\api-ms-win-core-synch-l1-1-0.dll
0x000002df65fe0000 - 0x000002df65fe3000 	C:\Users\DELL\.openjfx\cache\17.0.6\api-ms-win-core-synch-l1-2-0.dll
0x000002df65ff0000 - 0x000002df65ff3000 	C:\Users\DELL\.openjfx\cache\17.0.6\api-ms-win-core-sysinfo-l1-1-0.dll
0x000002df6ad00000 - 0x000002df6ad03000 	C:\Users\DELL\.openjfx\cache\17.0.6\api-ms-win-core-timezone-l1-1-0.dll
0x000002df6ad10000 - 0x000002df6ad13000 	C:\Users\DELL\.openjfx\cache\17.0.6\api-ms-win-core-util-l1-1-0.dll
0x000002df6ad20000 - 0x000002df6ad23000 	C:\Users\DELL\.openjfx\cache\17.0.6\api-ms-win-crt-conio-l1-1-0.dll
0x000002df6ad30000 - 0x000002df6ad34000 	C:\Users\DELL\.openjfx\cache\17.0.6\api-ms-win-crt-convert-l1-1-0.dll
0x000002df6ad40000 - 0x000002df6ad43000 	C:\Users\DELL\.openjfx\cache\17.0.6\api-ms-win-crt-environment-l1-1-0.dll
0x000002df6ad50000 - 0x000002df6ad53000 	C:\Users\DELL\.openjfx\cache\17.0.6\api-ms-win-crt-filesystem-l1-1-0.dll
0x000002df6ad60000 - 0x000002df6ad63000 	C:\Users\DELL\.openjfx\cache\17.0.6\api-ms-win-crt-heap-l1-1-0.dll
0x000002df6ad70000 - 0x000002df6ad73000 	C:\Users\DELL\.openjfx\cache\17.0.6\api-ms-win-crt-locale-l1-1-0.dll
0x000002df6ad80000 - 0x000002df6ad85000 	C:\Users\DELL\.openjfx\cache\17.0.6\api-ms-win-crt-math-l1-1-0.dll
0x000002df6ad90000 - 0x000002df6ad95000 	C:\Users\DELL\.openjfx\cache\17.0.6\api-ms-win-crt-multibyte-l1-1-0.dll
0x000002df6ada0000 - 0x000002df6adb0000 	C:\Users\DELL\.openjfx\cache\17.0.6\api-ms-win-crt-private-l1-1-0.dll
0x000002df6adb0000 - 0x000002df6adb3000 	C:\Users\DELL\.openjfx\cache\17.0.6\api-ms-win-crt-process-l1-1-0.dll
0x000002df6adc0000 - 0x000002df6adc4000 	C:\Users\DELL\.openjfx\cache\17.0.6\api-ms-win-crt-runtime-l1-1-0.dll
0x000002df6add0000 - 0x000002df6add4000 	C:\Users\DELL\.openjfx\cache\17.0.6\api-ms-win-crt-stdio-l1-1-0.dll
0x000002df6ade0000 - 0x000002df6ade4000 	C:\Users\DELL\.openjfx\cache\17.0.6\api-ms-win-crt-string-l1-1-0.dll
0x000002df6adf0000 - 0x000002df6adf3000 	C:\Users\DELL\.openjfx\cache\17.0.6\api-ms-win-crt-time-l1-1-0.dll
0x000002df6ae00000 - 0x000002df6ae03000 	C:\Users\DELL\.openjfx\cache\17.0.6\api-ms-win-crt-utility-l1-1-0.dll
0x00007ffe6cc50000 - 0x00007ffe6cd4c000 	C:\Users\DELL\.openjfx\cache\17.0.6\ucrtbase.dll
0x00007ffe7d0a0000 - 0x00007ffe7d0ba000 	C:\Users\DELL\.openjfx\cache\17.0.6\vcruntime140.dll
0x00007ffe8aa00000 - 0x00007ffe8aa0c000 	C:\Users\DELL\.openjfx\cache\17.0.6\vcruntime140_1.dll
0x00007ffe6ffd0000 - 0x00007ffe7005d000 	C:\Users\DELL\.openjfx\cache\17.0.6\msvcp140.dll
0x00007ffe8a780000 - 0x00007ffe8a789000 	C:\Users\DELL\.openjfx\cache\17.0.6\msvcp140_1.dll
0x00007ffe7ae80000 - 0x00007ffe7aeaf000 	C:\Users\DELL\.openjfx\cache\17.0.6\msvcp140_2.dll
0x00007ffe792a0000 - 0x00007ffe792ca000 	C:\Users\DELL\.openjfx\cache\17.0.6\prism_d3d.dll
0x00007ffe8de20000 - 0x00007ffe8dfef000 	C:\Windows\system32\d3d9.dll
0x00007ffe97770000 - 0x00007ffe9779f000 	C:\Windows\SYSTEM32\dwmapi.dll
0x00007ffe97110000 - 0x00007ffe971ae000 	C:\Windows\system32\uxtheme.dll
0x00007ffe707e0000 - 0x00007ffe7098f000 	C:\Windows\System32\DriverStore\FileRepository\iigd_dch.inf_amd64_51f685305808e3a5\igdumdim64.dll
0x00007ffe9a840000 - 0x00007ffe9a96a000 	C:\Windows\System32\ole32.dll
0x00007ffe601a0000 - 0x00007ffe63243000 	C:\Windows\System32\DriverStore\FileRepository\iigd_dch.inf_amd64_51f685305808e3a5\igd9dxva64.dll
0x00007ffe9adc0000 - 0x00007ffe9ae8d000 	C:\Windows\System32\OLEAUT32.dll
0x00007ffe9b0f0000 - 0x00007ffe9b558000 	C:\Windows\System32\SETUPAPI.dll
0x00007ffe99e90000 - 0x00007ffe99ede000 	C:\Windows\System32\cfgmgr32.dll
0x00007ffe99ee0000 - 0x00007ffe99f07000 	C:\Windows\System32\bcrypt.dll
0x00007ffe8e270000 - 0x00007ffe8e679000 	C:\Windows\System32\DriverStore\FileRepository\iigd_dch.inf_amd64_51f685305808e3a5\igdgmm64.dll
0x00007ffe744b0000 - 0x00007ffe744f2000 	C:\Users\DELL\.openjfx\cache\17.0.6\glass.dll
0x00007ffe9bd10000 - 0x00007ffe9bdea000 	C:\Windows\System32\COMDLG32.dll
0x00007ffe9bed0000 - 0x00007ffe9bfe5000 	C:\Windows\System32\MSCTF.dll
0x00007ffe95a10000 - 0x00007ffe95a37000 	C:\Windows\System32\DriverStore\FileRepository\iigd_dch.inf_amd64_51f685305808e3a5\igdinfo64.dll
0x00007ffe66400000 - 0x00007ffe69b94000 	C:\Windows\System32\DriverStore\FileRepository\iigd_dch.inf_amd64_51f685305808e3a5\igc64.dll
0x00007ffe91200000 - 0x00007ffe9123b000 	C:\Windows\SYSTEM32\dxcore.dll
0x00007ffe78bb0000 - 0x00007ffe78bdd000 	C:\Users\DELL\.openjfx\cache\17.0.6\javafx_iio.dll
0x00007ffe7ad50000 - 0x00007ffe7ad64000 	C:\Users\DELL\.openjfx\cache\17.0.6\javafx_font.dll
0x00007ffe7f940000 - 0x00007ffe7fbbf000 	C:\Windows\SYSTEM32\dwrite.dll
0x00007ffe99260000 - 0x00007ffe9932a000 	C:\Windows\SYSTEM32\DNSAPI.dll
0x00007ffe99220000 - 0x00007ffe9925b000 	C:\Windows\SYSTEM32\IPHLPAPI.DLL
0x00007ffe9c740000 - 0x00007ffe9c748000 	C:\Windows\System32\NSI.dll
0x00007ffe91eb0000 - 0x00007ffe91eba000 	C:\Windows\System32\rasadhlp.dll
0x00007ffe8f610000 - 0x00007ffe8f690000 	C:\Windows\System32\fwpuclnt.dll
0x00007ffe88010000 - 0x00007ffe8801e000 	C:\Program Files\Java\jdk-18.0.2.1\bin\sunmscapi.dll
0x00007ffe9a570000 - 0x00007ffe9a6c6000 	C:\Windows\System32\CRYPT32.dll
0x00007ffe99880000 - 0x00007ffe998a7000 	C:\Windows\SYSTEM32\ncrypt.dll
0x00007ffe99840000 - 0x00007ffe9987b000 	C:\Windows\SYSTEM32\NTASN1.dll
0x00007ffe99770000 - 0x00007ffe99788000 	C:\Windows\SYSTEM32\CRYPTSP.dll
0x00007ffe98e50000 - 0x00007ffe98e84000 	C:\Windows\system32\rsaenh.dll
0x00007ffe99d50000 - 0x00007ffe99d7e000 	C:\Windows\SYSTEM32\USERENV.dll
0x00007ffe996a0000 - 0x00007ffe996ac000 	C:\Windows\SYSTEM32\CRYPTBASE.dll

dbghelp: loaded successfully - version: 4.0.5 - missing functions: none
symbol engine: initialized successfully - sym options: 0x614 - pdb path: .;C:\Program Files\Java\jdk-18.0.2.1\bin;C:\Windows\SYSTEM32;C:\Windows\WinSxS\amd64_microsoft.windows.common-controls_6595b64144ccf1df_6.0.19041.1110_none_60b5254171f9507e;C:\Program Files\Java\jdk-18.0.2.1\bin\server;E:\IntelliJ IDEA Community Edition 2021.3.2\bin;C:\Users\DELL\.openjfx\cache\17.0.6;C:\Windows\System32\DriverStore\FileRepository\iigd_dch.inf_amd64_51f685305808e3a5;C:\Program Files\Common Files\Microsoft Shared\Ink

VM Arguments:
jvm_args: -javaagent:E:\IntelliJ IDEA Community Edition 2021.3.2\lib\idea_rt.jar=52658:E:\IntelliJ IDEA Community Edition 2021.3.2\bin -Dfile.encoding=UTF-8 --module-path=C:\Users\DELL\.m2\repository\org\openjfx\javafx-base\17.0.6\javafx-base-17.0.6-win.jar;C:\Users\DELL\.m2\repository\org\openjfx\javafx-controls\17.0.6\javafx-controls-17.0.6-win.jar;C:\Users\DELL\.m2\repository\org\kordamp\bootstrapfx\bootstrapfx-core\0.4.0\bootstrapfx-core-0.4.0.jar;D:\CodeCamp\elementarium\target\classes;C:\Users\DELL\.m2\repository\com\dlsc\formsfx\formsfx-core\11.6.0\formsfx-core-11.6.0.jar;C:\Users\DELL\.m2\repository\org\controlsfx\controlsfx\11.1.2\controlsfx-11.1.2.jar;C:\Users\DELL\.m2\repository\org\openjfx\javafx-fxml\17.0.6\javafx-fxml-17.0.6-win.jar;C:\Users\DELL\.m2\repository\org\openjfx\javafx-media\18.0.1\javafx-media-18.0.1-win.jar;C:\Users\DELL\.m2\repository\org\openjfx\javafx-graphics\17.0.6\javafx-graphics-17.0.6-win.jar -Djdk.module.main=elementarium 
java_command: elementarium/play.Main
java_class_path (initial): C:\Users\DELL\.m2\repository\org\openjfx\javafx-controls\17.0.6\javafx-controls-17.0.6.jar;C:\Users\DELL\.m2\repository\org\openjfx\javafx-graphics\17.0.6\javafx-graphics-17.0.6.jar;C:\Users\DELL\.m2\repository\org\openjfx\javafx-base\17.0.6\javafx-base-17.0.6.jar;C:\Users\DELL\.m2\repository\org\openjfx\javafx-fxml\17.0.6\javafx-fxml-17.0.6.jar;C:\Users\DELL\.m2\repository\com\mysql\mysql-connector-j\8.0.32\mysql-connector-j-8.0.32.jar;C:\Users\DELL\.m2\repository\com\google\protobuf\protobuf-java\3.21.9\protobuf-java-3.21.9.jar;C:\Users\DELL\.m2\repository\org\openjfx\javafx-media\18.0.1\javafx-media-18.0.1.jar
Launcher Type: SUN_STANDARD

[Global flags]
     intx CICompilerCount                          = 3                                         {product} {ergonomic}
     uint ConcGCThreads                            = 1                                         {product} {ergonomic}
     uint G1ConcRefinementThreads                  = 4                                         {product} {ergonomic}
   size_t G1HeapRegionSize                         = 1048576                                   {product} {ergonomic}
    uintx GCDrainStackTargetSize                   = 64                                        {product} {ergonomic}
   size_t InitialHeapSize                          = 132120576                                 {product} {ergonomic}
   size_t MarkStackSize                            = 4194304                                   {product} {ergonomic}
   size_t MaxHeapSize                              = 2113929216                                {product} {ergonomic}
   size_t MaxNewSize                               = 1267728384                                {product} {ergonomic}
   size_t MinHeapDeltaBytes                        = 1048576                                   {product} {ergonomic}
   size_t MinHeapSize                              = 8388608                                   {product} {ergonomic}
    uintx NonNMethodCodeHeapSize                   = 5832780                                {pd product} {ergonomic}
    uintx NonProfiledCodeHeapSize                  = 122912730                              {pd product} {ergonomic}
    uintx ProfiledCodeHeapSize                     = 122912730                              {pd product} {ergonomic}
    uintx ReservedCodeCacheSize                    = 251658240                              {pd product} {ergonomic}
     bool SegmentedCodeCache                       = true                                      {product} {ergonomic}
   size_t SoftMaxHeapSize                          = 2113929216                             {manageable} {ergonomic}
     bool UseCompressedClassPointers               = true                           {product lp64_product} {ergonomic}
     bool UseCompressedOops                        = true                           {product lp64_product} {ergonomic}
     bool UseG1GC                                  = true                                      {product} {ergonomic}
     bool UseLargePagesIndividualAllocation        = false                                  {pd product} {ergonomic}

Logging:
Log output configuration:
 #0: stdout all=warning uptime,level,tags foldmultilines=false
 #1: stderr all=off uptime,level,tags foldmultilines=false

Environment Variables:
PATH=C:\Program Files\Common Files\Oracle\Java\javapath;C:\Program Files (x86)\Common Files\Oracle\Java\javapath;C:\Windows\system32;C:\Windows;C:\Windows\System32\Wbem;C:\Windows\System32\WindowsPowerShell\v1.0\;C:\Program Files\Git\cmd;E:\Yarn\bin\;E:\nodejs\;%JAVA_HOME%\bin;C:\Windows\System32\OpenSSH\;C:\Program Files (x86)\Microsoft SQL Server\160\Tools\Binn\;C:\Program Files\Microsoft SQL Server\160\Tools\Binn\;C:\Program Files\Microsoft SQL Server\Client SDK\ODBC\170\Tools\Binn\;C:\Program Files\Microsoft SQL Server\160\DTS\Binn\;C:\Program Files (x86)\Microsoft SQL Server\160\DTS\Binn\;C:\Program Files\Azure Data Studio\bin;E:\Ruby30-x64\bin;E:\Ruby31-x64\bin;C:\Users\DELL\AppData\Local\Microsoft\WindowsApps;C:\Users\DELL\AppData\Local\GitHubDesktop\bin;C:\Users\DELL\AppData\Local\Yarn\bin;C:\Users\DELL\AppData\Roaming\npm;E:\Microsoft VS Code\bin;C:\ghcup\bin;C:\Program Files\MySQL\MySQL Server 8.0\bin;;C:\Program Files\Azure Data Studio\bin
USERNAME=DELL
OS=Windows_NT
PROCESSOR_IDENTIFIER=Intel64 Family 6 Model 142 Stepping 9, GenuineIntel



---------------  S Y S T E M  ---------------

OS:
 Windows 10 , 64 bit Build 19041 (10.0.19041.2251)
OS uptime: 18 days 15:30 hours
Hyper-V role detected

CPU: total 4 (initial active 4) (2 cores per cpu, 2 threads per core) family 6 model 142 stepping 9 microcode 0xb4, cx8, cmov, fxsr, ht, mmx, 3dnowpref, sse, sse2, sse3, ssse3, sse4.1, sse4.2, popcnt, lzcnt, tsc, tscinvbit, avx, avx2, aes, erms, clmul, bmi1, bmi2, adx, fma, vzeroupper, clflush, clflushopt, hv

Memory: 4k page, system-wide physical 8057M (381M free)
TotalPageFile size 10105M (AvailPageFile size 6M)
current process WorkingSet (physical memory assigned to process): 628M, peak: 631M
current process commit charge ("private bytes"): 666M, peak: 673M

vm_info: Java HotSpot(TM) 64-Bit Server VM (18.0.2.1+1-1) for windows-amd64 JRE (18.0.2.1+1-1), built on Aug 16 2022 01:46:33 by "mach5one" with MS VC++ 16.8 / 16.9 (VS2019)

END.
