#
# There is insufficient memory for the Java Runtime Environment to continue.
# Native memory allocation (mmap) failed to map 1048576 bytes for G1 virtual space
# Possible reasons:
#   The system is out of physical RAM or swap space
#   The process is running with CompressedOops enabled, and the Java Heap may be blocking the growth of the native heap
# Possible solutions:
#   Reduce memory load on the system
#   Increase physical memory or swap space
#   Check if swap backing store is full
#   Decrease Java heap size (-Xmx/-Xms)
#   Decrease number of Java threads
#   Decrease Java thread stack sizes (-Xss)
#   Set larger code cache with -XX:ReservedCodeCacheSize=
#   JVM is running with Unscaled Compressed Oops mode in which the Java heap is
#     placed in the first 4GB address space. The Java Heap base address is the
#     maximum limit for the native heap growth. Please use -XX:HeapBaseMinAddress
#     to set the Java Heap base and to place the Java Heap above 4GB virtual address.
# This output file may be truncated or incomplete.
#
#  Out of Memory Error (os_windows.cpp:3530), pid=17064, tid=10432
#
# JRE version: Java(TM) SE Runtime Environment (18.0.2.1+1) (build 18.0.2.1+1-1)
# Java VM: Java HotSpot(TM) 64-Bit Server VM (18.0.2.1+1-1, mixed mode, sharing, tiered, compressed oops, compressed class ptrs, g1 gc, windows-amd64)
# No core dump will be written. Minidumps are not enabled by default on client versions of Windows
#

---------------  S U M M A R Y ------------

Command Line: -javaagent:E:\IntelliJ IDEA Community Edition 2021.3.2\lib\idea_rt.jar=64111:E:\IntelliJ IDEA Community Edition 2021.3.2\bin -Dfile.encoding=UTF-8 --module-path=C:\Users\DELL\.m2\repository\com\dlsc\formsfx\formsfx-core\11.6.0\formsfx-core-11.6.0.jar;C:\Users\DELL\.m2\repository\org\openjfx\javafx-controls\17.0.6\javafx-controls-17.0.6-win.jar;C:\Users\DELL\.m2\repository\org\controlsfx\controlsfx\11.1.2\controlsfx-11.1.2.jar;D:\CodeCamp\elementarium\target\classes;C:\Users\DELL\.m2\repository\org\openjfx\javafx-media\18.0.1\javafx-media-18.0.1-win.jar;C:\Users\DELL\.m2\repository\org\kordamp\bootstrapfx\bootstrapfx-core\0.4.0\bootstrapfx-core-0.4.0.jar;C:\Users\DELL\.m2\repository\org\openjfx\javafx-graphics\17.0.6\javafx-graphics-17.0.6-win.jar;C:\Users\DELL\.m2\repository\org\openjfx\javafx-fxml\17.0.6\javafx-fxml-17.0.6-win.jar;C:\Users\DELL\.m2\repository\org\openjfx\javafx-base\17.0.6\javafx-base-17.0.6-win.jar -Djdk.module.main=elementarium elementarium/play.Main

Host: Intel(R) Core(TM) i5-7200U CPU @ 2.50GHz, 4 cores, 7G,  Windows 10 , 64 bit Build 19041 (10.0.19041.2251)
Time: Sat Aug  5 17:53:57 2023 SE Asia Standard Time elapsed time: 15.890538 seconds (0d 0h 0m 15s)

---------------  T H R E A D  ---------------

Current thread (0x000001e53f603600):  JavaThread "JavaFX Application Thread" [_thread_in_vm, id=10432, stack(0x0000004dc3100000,0x0000004dc3200000)]

Stack: [0x0000004dc3100000,0x0000004dc3200000]
Native frames: (J=compiled Java code, j=interpreted, Vv=VM code, C=native code)
V  [jvm.dll+0x6993aa]
V  [jvm.dll+0x7f46dd]
V  [jvm.dll+0x7f5fee]
V  [jvm.dll+0x7f66a3]
V  [jvm.dll+0x25cf1f]
V  [jvm.dll+0x6962f9]
V  [jvm.dll+0x68ae2a]
V  [jvm.dll+0x32255b]
V  [jvm.dll+0x329f36]
V  [jvm.dll+0x37e7cb]
V  [jvm.dll+0x37edf4]
V  [jvm.dll+0x37e9a6]
V  [jvm.dll+0x2fa8e4]
V  [jvm.dll+0x2f88b6]
V  [jvm.dll+0x62de93]
V  [jvm.dll+0x227e12]
V  [jvm.dll+0x7bbe67]
V  [jvm.dll+0x3a360a]
C  0x000001e52409b8f7

Java frames: (J=compiled Java code, j=interpreted, Vv=VM code)
j  com.sun.javafx.iio.jpeg.JPEGImageLoader.load(IIIZZ)Lcom/sun/javafx/iio/ImageFrame;+184 javafx.graphics
j  com.sun.javafx.iio.ImageStorage.loadAll(Lcom/sun/javafx/iio/ImageLoader;DDZFZ)[Lcom/sun/javafx/iio/ImageFrame;+54 javafx.graphics
j  com.sun.javafx.iio.ImageStorage.loadAll(Ljava/lang/String;Lcom/sun/javafx/iio/ImageLoadListener;DDZFZ)[Lcom/sun/javafx/iio/ImageFrame;+215 javafx.graphics
j  com.sun.javafx.tk.quantum.PrismImageLoader2.loadAll(Ljava/lang/String;DDZFZ)V+22 javafx.graphics
j  com.sun.javafx.tk.quantum.PrismImageLoader2.<init>(Ljava/lang/String;DDZFZ)V+15 javafx.graphics
j  com.sun.javafx.tk.quantum.QuantumToolkit.loadImage(Ljava/lang/String;DDZZ)Lcom/sun/javafx/tk/ImageLoader;+16 javafx.graphics
j  javafx.scene.image.Image.loadImage(Ljava/lang/String;DDZZ)Lcom/sun/javafx/tk/ImageLoader;+10 javafx.graphics
j  javafx.scene.image.Image.initialize(Ljava/lang/Object;)V+92 javafx.graphics
j  javafx.scene.image.Image.<init>(Ljava/lang/String;DDZZZ)V+20 javafx.graphics
j  com.sun.javafx.fxml.builder.JavaFXImageBuilder.build()Ljavafx/scene/image/Image;+28 javafx.fxml
j  com.sun.javafx.fxml.builder.JavaFXImageBuilder.build()Ljava/lang/Object;+1 javafx.fxml
j  javafx.fxml.FXMLLoader$ValueElement.processEndElement()V+24 javafx.fxml
j  javafx.fxml.FXMLLoader.processEndElement()V+4 javafx.fxml
j  javafx.fxml.FXMLLoader.loadImpl(Ljava/io/InputStream;Ljava/lang/Class;)Ljava/lang/Object;+214 javafx.fxml
j  javafx.fxml.FXMLLoader.loadImpl(Ljava/lang/Class;)Ljava/lang/Object;+31 javafx.fxml
j  javafx.fxml.FXMLLoader.load()Ljava/lang/Object;+17 javafx.fxml
j  elementarium.utils.SceneUtil.loadScene(Ljava/lang/String;)Ljavafx/scene/Scene;+17 elementarium
j  controller.HistoryLevelController.selectLevel1()V+6 elementarium
j  java.lang.invoke.DirectMethodHandle$Holder.invokeSpecial(Ljava/lang/Object;Ljava/lang/Object;)V+10 java.base@18.0.2.1
j  java.lang.invoke.LambdaForm$MH+0x0000000800ea8000.invoke(Ljava/lang/Object;Ljava/lang/Object;)Ljava/lang/Object;+31 java.base@18.0.2.1
J 1413 c1 java.lang.reflect.Method.invoke(Ljava/lang/Object;[Ljava/lang/Object;)Ljava/lang/Object; java.base@18.0.2.1 (108 bytes) @ 0x000001e52487efdc [0x000001e52487af20+0x00000000000040bc]
j  com.sun.javafx.reflect.Trampoline.invoke(Ljava/lang/reflect/Method;Ljava/lang/Object;[Ljava/lang/Object;)Ljava/lang/Object;+7
j  java.lang.invoke.DirectMethodHandle$Holder.invokeStatic(Ljava/lang/Object;Ljava/lang/Object;Ljava/lang/Object;Ljava/lang/Object;)Ljava/lang/Object;+14 java.base@18.0.2.1
j  java.lang.invoke.LambdaForm$MH+0x0000000800ea8400.invoke(Ljava/lang/Object;Ljava/lang/Object;Ljava/lang/Object;Ljava/lang/Object;Ljava/lang/Object;)Ljava/lang/Object;+63 java.base@18.0.2.1
J 1413 c1 java.lang.reflect.Method.invoke(Ljava/lang/Object;[Ljava/lang/Object;)Ljava/lang/Object; java.base@18.0.2.1 (108 bytes) @ 0x000001e52487dc5c [0x000001e52487af20+0x0000000000002d3c]
j  com.sun.javafx.reflect.MethodUtil.invoke(Ljava/lang/reflect/Method;Ljava/lang/Object;[Ljava/lang/Object;)Ljava/lang/Object;+20 javafx.base
j  com.sun.javafx.fxml.MethodHelper.invoke(Ljava/lang/reflect/Method;Ljava/lang/Object;[Ljava/lang/Object;)Ljava/lang/Object;+142 javafx.fxml
j  javafx.fxml.FXMLLoader$MethodHandler.invoke([Ljava/lang/Object;)V+38 javafx.fxml
j  javafx.fxml.FXMLLoader$ControllerMethodEventHandler.handle(Ljavafx/event/Event;)V+12 javafx.fxml
j  com.sun.javafx.event.CompositeEventHandler.dispatchBubblingEvent(Ljavafx/event/Event;)V+51 javafx.base
J 2366 c1 com.sun.javafx.event.EventHandlerManager.dispatchBubblingEvent(Ljavafx/event/EventType;Ljavafx/event/Event;)Ljavafx/event/Event; javafx.base (41 bytes) @ 0x000001e524aa129c [0x000001e524aa0c80+0x000000000000061c]
J 2645 c1 com.sun.javafx.event.EventHandlerManager.dispatchBubblingEvent(Ljavafx/event/Event;)Ljavafx/event/Event; javafx.base (23 bytes) @ 0x000001e524b12394 [0x000001e524b12240+0x0000000000000154]
J 2615 c1 com.sun.javafx.event.CompositeEventDispatcher.dispatchBubblingEvent(Ljavafx/event/Event;)Ljavafx/event/Event; javafx.base (35 bytes) @ 0x000001e524b0d324 [0x000001e524b0d160+0x00000000000001c4]
J 2613 c1 com.sun.javafx.event.BasicEventDispatcher.dispatchEvent(Ljavafx/event/Event;Ljavafx/event/EventDispatchChain;)Ljavafx/event/Event; javafx.base (44 bytes) @ 0x000001e524b0dc4c [0x000001e524b0d900+0x000000000000034c]
J 2400 c1 com.sun.javafx.event.EventDispatchChainImpl.dispatchEvent(Ljavafx/event/Event;)Ljavafx/event/Event; javafx.base (101 bytes) @ 0x000001e524ab5b7c [0x000001e524ab59c0+0x00000000000001bc]
J 2613 c1 com.sun.javafx.event.BasicEventDispatcher.dispatchEvent(Ljavafx/event/Event;Ljavafx/event/EventDispatchChain;)Ljavafx/event/Event; javafx.base (44 bytes) @ 0x000001e524b0db5c [0x000001e524b0d900+0x000000000000025c]
J 2400 c1 com.sun.javafx.event.EventDispatchChainImpl.dispatchEvent(Ljavafx/event/Event;)Ljavafx/event/Event; javafx.base (101 bytes) @ 0x000001e524ab5b7c [0x000001e524ab59c0+0x00000000000001bc]
J 2613 c1 com.sun.javafx.event.BasicEventDispatcher.dispatchEvent(Ljavafx/event/Event;Ljavafx/event/EventDispatchChain;)Ljavafx/event/Event; javafx.base (44 bytes) @ 0x000001e524b0db5c [0x000001e524b0d900+0x000000000000025c]
J 2400 c1 com.sun.javafx.event.EventDispatchChainImpl.dispatchEvent(Ljavafx/event/Event;)Ljavafx/event/Event; javafx.base (101 bytes) @ 0x000001e524ab5b7c [0x000001e524ab59c0+0x00000000000001bc]
j  com.sun.javafx.event.EventUtil.fireEventImpl(Ljavafx/event/EventDispatchChain;Ljavafx/event/EventTarget;Ljavafx/event/Event;)Ljavafx/event/Event;+10 javafx.base
j  com.sun.javafx.event.EventUtil.fireEvent(Ljavafx/event/EventTarget;Ljavafx/event/Event;)Ljavafx/event/Event;+46 javafx.base
j  javafx.event.Event.fireEvent(Ljavafx/event/EventTarget;Ljavafx/event/Event;)V+30 javafx.base
j  javafx.scene.Scene$ClickGenerator.postProcess(Ljavafx/scene/input/MouseEvent;Ljavafx/scene/Scene$TargetWrapper;Ljavafx/scene/Scene$TargetWrapper;)V+262 javafx.graphics
j  javafx.scene.Scene$MouseHandler.process(Ljavafx/scene/input/MouseEvent;Z)V+583 javafx.graphics
j  javafx.scene.Scene.processMouseEvent(Ljavafx/scene/input/MouseEvent;)V+6 javafx.graphics
j  javafx.scene.Scene$ScenePeerListener.mouseEvent(Ljavafx/event/EventType;DDDDLjavafx/scene/input/MouseButton;ZZZZZZZZZZZ)V+50 javafx.graphics
j  com.sun.javafx.tk.quantum.GlassViewEventHandler$MouseEventNotification.run()Ljava/lang/Void;+650 javafx.graphics
j  com.sun.javafx.tk.quantum.GlassViewEventHandler$MouseEventNotification.run()Ljava/lang/Object;+1 javafx.graphics
J 2640 c1 java.security.AccessController.doPrivileged(Ljava/security/PrivilegedAction;Ljava/security/AccessControlContext;)Ljava/lang/Object; java.base@18.0.2.1 (17 bytes) @ 0x000001e524b10f5c [0x000001e524b10d80+0x00000000000001dc]
j  com.sun.javafx.tk.quantum.GlassViewEventHandler.lambda$handleMouseEvent$2()Ljava/lang/Void;+11 javafx.graphics
j  com.sun.javafx.tk.quantum.GlassViewEventHandler$$Lambda$343+0x0000000800e89ea0.get()Ljava/lang/Object;+4 javafx.graphics
j  com.sun.javafx.tk.quantum.QuantumToolkit.runWithoutRenderLock(Ljava/util/function/Supplier;)Ljava/lang/Object;+18 javafx.graphics
j  com.sun.javafx.tk.quantum.GlassViewEventHandler.handleMouseEvent(Lcom/sun/glass/ui/View;JIIIIIIIZZ)V+103 javafx.graphics
j  com.sun.glass.ui.View.handleMouseEvent(JIIIIIIIZZ)V+30 javafx.graphics
j  com.sun.glass.ui.View.notifyMouse(IIIIIIIZZ)V+181 javafx.graphics
v  ~StubRoutines::call_stub
j  com.sun.glass.ui.win.WinApplication._runLoop(Ljava/lang/Runnable;)V+0 javafx.graphics
j  com.sun.glass.ui.win.WinApplication.lambda$runLoop$3(ILjava/lang/Runnable;)V+8 javafx.graphics
j  com.sun.glass.ui.win.WinApplication$$Lambda$76+0x0000000800c30620.run()V+12 javafx.graphics
j  java.lang.Thread.run()V+11 java.base@18.0.2.1
v  ~StubRoutines::call_stub

---------------  P R O C E S S  ---------------

Threads class SMR info:
_java_thread_list=0x000001e544366c10, length=21, elements={
0x000001e51af41a20, 0x000001e53a73a1c0, 0x000001e53a73ad30, 0x000001e53a757340,
0x000001e53a758c00, 0x000001e53a759c50, 0x000001e53a75a640, 0x000001e53a75b9c0,
0x000001e53a769c60, 0x000001e53a7828e0, 0x000001e53ec607e0, 0x000001e53f2f54d0,
0x000001e53f2f5990, 0x000001e53f7450d0, 0x000001e53f601d50, 0x000001e53f603600,
0x000001e5439e6110, 0x000001e53ed2ab50, 0x000001e543eafc90, 0x000001e543eb0160,
0x000001e543eacc70
}

Java Threads: ( => current thread )
  0x000001e51af41a20 JavaThread "main" [_thread_blocked, id=16040, stack(0x0000004dc1700000,0x0000004dc1800000)]
  0x000001e53a73a1c0 JavaThread "Reference Handler" daemon [_thread_blocked, id=14112, stack(0x0000004dc1e00000,0x0000004dc1f00000)]
  0x000001e53a73ad30 JavaThread "Finalizer" daemon [_thread_blocked, id=1452, stack(0x0000004dc1f00000,0x0000004dc2000000)]
  0x000001e53a757340 JavaThread "Signal Dispatcher" daemon [_thread_blocked, id=10856, stack(0x0000004dc2000000,0x0000004dc2100000)]
  0x000001e53a758c00 JavaThread "Attach Listener" daemon [_thread_blocked, id=7736, stack(0x0000004dc2100000,0x0000004dc2200000)]
  0x000001e53a759c50 JavaThread "Service Thread" daemon [_thread_blocked, id=14884, stack(0x0000004dc2200000,0x0000004dc2300000)]
  0x000001e53a75a640 JavaThread "Monitor Deflation Thread" daemon [_thread_blocked, id=15372, stack(0x0000004dc2300000,0x0000004dc2400000)]
  0x000001e53a75b9c0 JavaThread "C2 CompilerThread0" daemon [_thread_blocked, id=14168, stack(0x0000004dc2400000,0x0000004dc2500000)]
  0x000001e53a769c60 JavaThread "C1 CompilerThread0" daemon [_thread_blocked, id=11464, stack(0x0000004dc2500000,0x0000004dc2600000)]
  0x000001e53a7828e0 JavaThread "Sweeper thread" daemon [_thread_blocked, id=16648, stack(0x0000004dc2600000,0x0000004dc2700000)]
  0x000001e53ec607e0 JavaThread "Common-Cleaner" daemon [_thread_blocked, id=16080, stack(0x0000004dc2700000,0x0000004dc2800000)]
  0x000001e53f2f54d0 JavaThread "Monitor Ctrl-Break" daemon [_thread_in_native, id=8132, stack(0x0000004dc2900000,0x0000004dc2a00000)]
  0x000001e53f2f5990 JavaThread "Notification Thread" daemon [_thread_blocked, id=7248, stack(0x0000004dc2a00000,0x0000004dc2b00000)]
  0x000001e53f7450d0 JavaThread "QuantumRenderer-0" daemon [_thread_blocked, id=3460, stack(0x0000004dc2f00000,0x0000004dc3000000)]
  0x000001e53f601d50 JavaThread "InvokeLaterDispatcher" daemon [_thread_blocked, id=16696, stack(0x0000004dc3000000,0x0000004dc3100000)]
=>0x000001e53f603600 JavaThread "JavaFX Application Thread" [_thread_in_vm, id=10432, stack(0x0000004dc3100000,0x0000004dc3200000)]
  0x000001e5439e6110 JavaThread "Thread-1" daemon [_thread_in_native, id=7856, stack(0x0000004dc3500000,0x0000004dc3600000)]
  0x000001e53ed2ab50 JavaThread "JavaFX-Launcher" [_thread_blocked, id=11168, stack(0x0000004dc3600000,0x0000004dc3700000)]
  0x000001e543eafc90 JavaThread "mysql-cj-abandoned-connection-cleanup" daemon [_thread_blocked, id=16684, stack(0x0000004dc3700000,0x0000004dc3800000)]
  0x000001e543eb0160 JavaThread "Prism Font Disposer" daemon [_thread_blocked, id=15756, stack(0x0000004dc3b00000,0x0000004dc3c00000)]
  0x000001e543eacc70 JavaThread "Cleaner-0" daemon [_thread_blocked, id=5796, stack(0x0000004dc3a00000,0x0000004dc3b00000)]

Other Threads:
  0x000001e53a735b00 VMThread "VM Thread" [stack: 0x0000004dc1d00000,0x0000004dc1e00000] [id=16872]
  0x000001e53f2f6110 WatcherThread "VM Periodic Task Thread" [stack: 0x0000004dc2b00000,0x0000004dc2c00000] [id=11052]
  0x000001e51afa1480 WorkerThread "GC Thread#0" [stack: 0x0000004dc1800000,0x0000004dc1900000] [id=12592]
  0x000001e53f2cfd10 WorkerThread "GC Thread#1" [stack: 0x0000004dc2c00000,0x0000004dc2d00000] [id=11232]
  0x000001e53f3345e0 WorkerThread "GC Thread#2" [stack: 0x0000004dc2d00000,0x0000004dc2e00000] [id=5004]
  0x000001e53f334c60 WorkerThread "GC Thread#3" [stack: 0x0000004dc2e00000,0x0000004dc2f00000] [id=1096]
  0x000001e51afb2ed0 ConcurrentGCThread "G1 Main Marker" [stack: 0x0000004dc1900000,0x0000004dc1a00000] [id=916]
  0x000001e51afb3f70 WorkerThread "G1 Conc#0" [stack: 0x0000004dc1a00000,0x0000004dc1b00000] [id=7312]
  0x000001e51aff2360 ConcurrentGCThread "G1 Refine#0" [stack: 0x0000004dc1b00000,0x0000004dc1c00000] [id=9944]
  0x000001e51aff3b90 ConcurrentGCThread "G1 Service" [stack: 0x0000004dc1c00000,0x0000004dc1d00000] [id=16908]

Threads with active compile tasks:

VM state: not at safepoint (normal execution)

VM Mutex/Monitor currently owned by a thread:  ([mutex/lock_event])
[0x000001e51af3d480] Heap_lock - owner thread: 0x000001e53f603600

Heap address: 0x0000000082000000, size: 2016 MB, Compressed Oops mode: 32-bit

CDS archive(s) mapped at: [0x0000000800000000-0x0000000800ba0000-0x0000000800ba0000), size 12189696, SharedBaseAddress: 0x0000000800000000, ArchiveRelocationMode: 0.
Compressed class space mapped at: 0x0000000800c00000-0x0000000840c00000, reserved size: 1073741824
Narrow klass base: 0x0000000800000000, Narrow klass shift: 0, Narrow klass range: 0x100000000

GC Precious Log:
 CardTable entry size: 512
 Card Set container configuration: InlinePtr #cards 5 size 8 Array Of Cards #cards 12 size 40 Howl #buckets 4 coarsen threshold 1843 Howl Bitmap #cards 512 size 80 coarsen threshold 460 Card regions per heap region 1 cards per card region 2048
 CPUs: 4 total, 4 available
 Memory: 8057M
 Large Page Support: Disabled
 NUMA Support: Disabled
 Compressed Oops: Enabled (32-bit)
 Heap Region Size: 1M
 Heap Min Capacity: 8M
 Heap Initial Capacity: 126M
 Heap Max Capacity: 2016M
 Pre-touch: Disabled
 Parallel Workers: 4
 Concurrent Workers: 1
 Concurrent Refinement Workers: 4
 Periodic GC: Disabled

Heap:
 garbage-first heap   total 122880K, used 31630K [0x0000000082000000, 0x0000000100000000)
  region size 1024K, 2 young (2048K), 2 survivors (2048K)
 Metaspace       used 22461K, committed 22720K, reserved 1114112K
  class space    used 2828K, committed 2944K, reserved 1048576K

Heap Regions: E=young(eden), S=young(survivor), O=old, HS=humongous(starts), HC=humongous(continues), CS=collection set, F=free, OA=open archive, CA=closed archive, TAMS=top-at-mark-start (previous, next)
|   0|0x0000000082000000, 0x0000000082100000, 0x0000000082100000|100%| O|  |TAMS 0x0000000082100000, 0x0000000082100000| Untracked 
|   1|0x0000000082100000, 0x0000000082200000, 0x0000000082200000|100%|HS|  |TAMS 0x0000000082100000, 0x0000000082200000| Complete 
|   2|0x0000000082200000, 0x0000000082300000, 0x0000000082300000|100%|HC|  |TAMS 0x0000000082200000, 0x0000000082300000| Complete 
|   3|0x0000000082300000, 0x0000000082400000, 0x0000000082400000|100%| O|  |TAMS 0x0000000082300000, 0x0000000082300000| Untracked 
|   4|0x0000000082400000, 0x0000000082500000, 0x0000000082500000|100%| O|  |TAMS 0x0000000082400000, 0x0000000082400000| Untracked 
|   5|0x0000000082500000, 0x0000000082600000, 0x0000000082600000|100%| O|  |TAMS 0x0000000082500000, 0x0000000082500000| Untracked 
|   6|0x0000000082600000, 0x0000000082700000, 0x0000000082700000|100%| O|  |TAMS 0x0000000082600000, 0x0000000082600000| Untracked 
|   7|0x0000000082700000, 0x00000000827df400, 0x0000000082800000| 87%| O|  |TAMS 0x00000000827df400, 0x00000000827df400| Untracked 
|   8|0x0000000082800000, 0x0000000082900000, 0x0000000082900000|100%| O|  |TAMS 0x0000000082800000, 0x0000000082800000| Untracked 
|   9|0x0000000082900000, 0x0000000082a00000, 0x0000000082a00000|100%| O|  |TAMS 0x0000000082900000, 0x0000000082900000| Untracked 
|  10|0x0000000082a00000, 0x0000000082b00000, 0x0000000082b00000|100%| O|  |TAMS 0x0000000082a00000, 0x0000000082a00000| Untracked 
|  11|0x0000000082b00000, 0x0000000082be3600, 0x0000000082c00000| 88%| O|  |TAMS 0x0000000082b00000, 0x0000000082b00000| Untracked 
|  12|0x0000000082c00000, 0x0000000082c00000, 0x0000000082d00000|  0%| F|  |TAMS 0x0000000082c00000, 0x0000000082c00000| Untracked 
|  13|0x0000000082d00000, 0x0000000082d00000, 0x0000000082e00000|  0%| F|  |TAMS 0x0000000082d00000, 0x0000000082d00000| Untracked 
|  14|0x0000000082e00000, 0x0000000082e00000, 0x0000000082f00000|  0%| F|  |TAMS 0x0000000082e00000, 0x0000000082e00000| Untracked 
|  15|0x0000000082f00000, 0x0000000082f00000, 0x0000000083000000|  0%| F|  |TAMS 0x0000000082f00000, 0x0000000082f00000| Untracked 
|  16|0x0000000083000000, 0x0000000083000000, 0x0000000083100000|  0%| F|  |TAMS 0x0000000083000000, 0x0000000083000000| Untracked 
|  17|0x0000000083100000, 0x0000000083100000, 0x0000000083200000|  0%| F|  |TAMS 0x0000000083100000, 0x0000000083100000| Untracked 
|  18|0x0000000083200000, 0x0000000083200000, 0x0000000083300000|  0%| F|  |TAMS 0x0000000083200000, 0x0000000083200000| Untracked 
|  19|0x0000000083300000, 0x0000000083300000, 0x0000000083400000|  0%| F|  |TAMS 0x0000000083300000, 0x0000000083300000| Untracked 
|  20|0x0000000083400000, 0x0000000083400000, 0x0000000083500000|  0%| F|  |TAMS 0x0000000083400000, 0x0000000083400000| Untracked 
|  21|0x0000000083500000, 0x0000000083500000, 0x0000000083600000|  0%| F|  |TAMS 0x0000000083500000, 0x0000000083500000| Untracked 
|  22|0x0000000083600000, 0x0000000083600000, 0x0000000083700000|  0%| F|  |TAMS 0x0000000083600000, 0x0000000083600000| Untracked 
|  23|0x0000000083700000, 0x0000000083700000, 0x0000000083800000|  0%| F|  |TAMS 0x0000000083700000, 0x0000000083700000| Untracked 
|  24|0x0000000083800000, 0x0000000083800000, 0x0000000083900000|  0%| F|  |TAMS 0x0000000083800000, 0x0000000083800000| Untracked 
|  25|0x0000000083900000, 0x0000000083900000, 0x0000000083a00000|  0%| F|  |TAMS 0x0000000083900000, 0x0000000083900000| Untracked 
|  26|0x0000000083a00000, 0x0000000083a00000, 0x0000000083b00000|  0%| F|  |TAMS 0x0000000083a00000, 0x0000000083a00000| Untracked 
|  27|0x0000000083b00000, 0x0000000083b00000, 0x0000000083c00000|  0%| F|  |TAMS 0x0000000083b00000, 0x0000000083b00000| Untracked 
|  28|0x0000000083c00000, 0x0000000083c00000, 0x0000000083d00000|  0%| F|  |TAMS 0x0000000083c00000, 0x0000000083c00000| Untracked 
|  29|0x0000000083d00000, 0x0000000083d00000, 0x0000000083e00000|  0%| F|  |TAMS 0x0000000083d00000, 0x0000000083d00000| Untracked 
|  30|0x0000000083e00000, 0x0000000083e00000, 0x0000000083f00000|  0%| F|  |TAMS 0x0000000083e00000, 0x0000000083e00000| Untracked 
|  31|0x0000000083f00000, 0x0000000084000000, 0x0000000084000000|100%|HS|  |TAMS 0x0000000084000000, 0x0000000084000000| Complete 
|  32|0x0000000084000000, 0x0000000084100000, 0x0000000084100000|100%|HC|  |TAMS 0x0000000084100000, 0x0000000084100000| Complete 
|  33|0x0000000084100000, 0x0000000084200000, 0x0000000084200000|100%|HS|  |TAMS 0x0000000084200000, 0x0000000084200000| Complete 
|  34|0x0000000084200000, 0x0000000084300000, 0x0000000084300000|100%|HC|  |TAMS 0x0000000084300000, 0x0000000084300000| Complete 
|  35|0x0000000084300000, 0x0000000084400000, 0x0000000084400000|100%|HC|  |TAMS 0x0000000084400000, 0x0000000084400000| Complete 
|  36|0x0000000084400000, 0x0000000084500000, 0x0000000084500000|100%|HS|  |TAMS 0x0000000084500000, 0x0000000084500000| Complete 
|  37|0x0000000084500000, 0x0000000084600000, 0x0000000084600000|100%|HC|  |TAMS 0x0000000084600000, 0x0000000084600000| Complete 
|  38|0x0000000084600000, 0x0000000084700000, 0x0000000084700000|100%|HC|  |TAMS 0x0000000084700000, 0x0000000084700000| Complete 
|  39|0x0000000084700000, 0x0000000084800000, 0x0000000084800000|100%|HS|  |TAMS 0x0000000084800000, 0x0000000084800000| Complete 
|  40|0x0000000084800000, 0x0000000084900000, 0x0000000084900000|100%|HC|  |TAMS 0x0000000084900000, 0x0000000084900000| Complete 
|  41|0x0000000084900000, 0x0000000084a00000, 0x0000000084a00000|100%|HS|  |TAMS 0x0000000084a00000, 0x0000000084a00000| Complete 
|  42|0x0000000084a00000, 0x0000000084b00000, 0x0000000084b00000|100%|HC|  |TAMS 0x0000000084b00000, 0x0000000084b00000| Complete 
|  43|0x0000000084b00000, 0x0000000084c00000, 0x0000000084c00000|100%|HS|  |TAMS 0x0000000084c00000, 0x0000000084c00000| Complete 
|  44|0x0000000084c00000, 0x0000000084d00000, 0x0000000084d00000|100%|HC|  |TAMS 0x0000000084d00000, 0x0000000084d00000| Complete 
|  45|0x0000000084d00000, 0x0000000084e00000, 0x0000000084e00000|100%|HC|  |TAMS 0x0000000084e00000, 0x0000000084e00000| Complete 
|  46|0x0000000084e00000, 0x0000000084f00000, 0x0000000084f00000|100%|HC|  |TAMS 0x0000000084f00000, 0x0000000084f00000| Complete 
|  47|0x0000000084f00000, 0x0000000085000000, 0x0000000085000000|100%|HC|  |TAMS 0x0000000085000000, 0x0000000085000000| Complete 
|  48|0x0000000085000000, 0x0000000085100000, 0x0000000085100000|100%|HC|  |TAMS 0x0000000085100000, 0x0000000085100000| Complete 
|  49|0x0000000085100000, 0x0000000085100000, 0x0000000085200000|  0%| F|  |TAMS 0x0000000085100000, 0x0000000085100000| Untracked 
|  50|0x0000000085200000, 0x0000000085200000, 0x0000000085300000|  0%| F|  |TAMS 0x0000000085200000, 0x0000000085200000| Untracked 
|  51|0x0000000085300000, 0x0000000085300000, 0x0000000085400000|  0%| F|  |TAMS 0x0000000085300000, 0x0000000085300000| Untracked 
|  52|0x0000000085400000, 0x0000000085400000, 0x0000000085500000|  0%| F|  |TAMS 0x0000000085400000, 0x0000000085400000| Untracked 
|  53|0x0000000085500000, 0x0000000085500000, 0x0000000085600000|  0%| F|  |TAMS 0x0000000085500000, 0x0000000085500000| Untracked 
|  54|0x0000000085600000, 0x0000000085600000, 0x0000000085700000|  0%| F|  |TAMS 0x0000000085600000, 0x0000000085600000| Untracked 
|  55|0x0000000085700000, 0x0000000085700000, 0x0000000085800000|  0%| F|  |TAMS 0x0000000085700000, 0x0000000085700000| Untracked 
|  56|0x0000000085800000, 0x0000000085800000, 0x0000000085900000|  0%| F|  |TAMS 0x0000000085800000, 0x0000000085800000| Untracked 
|  57|0x0000000085900000, 0x0000000085900000, 0x0000000085a00000|  0%| F|  |TAMS 0x0000000085900000, 0x0000000085900000| Untracked 
|  58|0x0000000085a00000, 0x0000000085a00000, 0x0000000085b00000|  0%| F|  |TAMS 0x0000000085a00000, 0x0000000085a00000| Untracked 
|  59|0x0000000085b00000, 0x0000000085b00000, 0x0000000085c00000|  0%| F|  |TAMS 0x0000000085b00000, 0x0000000085b00000| Untracked 
|  60|0x0000000085c00000, 0x0000000085c00000, 0x0000000085d00000|  0%| F|  |TAMS 0x0000000085c00000, 0x0000000085c00000| Untracked 
|  61|0x0000000085d00000, 0x0000000085d00000, 0x0000000085e00000|  0%| F|  |TAMS 0x0000000085d00000, 0x0000000085d00000| Untracked 
|  62|0x0000000085e00000, 0x0000000085e00000, 0x0000000085f00000|  0%| F|  |TAMS 0x0000000085e00000, 0x0000000085e00000| Untracked 
|  63|0x0000000085f00000, 0x0000000085f00000, 0x0000000086000000|  0%| F|  |TAMS 0x0000000085f00000, 0x0000000085f00000| Untracked 
|  64|0x0000000086000000, 0x0000000086000000, 0x0000000086100000|  0%| F|  |TAMS 0x0000000086000000, 0x0000000086000000| Untracked 
|  65|0x0000000086100000, 0x0000000086100000, 0x0000000086200000|  0%| F|  |TAMS 0x0000000086100000, 0x0000000086100000| Untracked 
|  66|0x0000000086200000, 0x0000000086200000, 0x0000000086300000|  0%| F|  |TAMS 0x0000000086200000, 0x0000000086200000| Untracked 
|  67|0x0000000086300000, 0x0000000086300000, 0x0000000086400000|  0%| F|  |TAMS 0x0000000086300000, 0x0000000086300000| Untracked 
|  68|0x0000000086400000, 0x0000000086400000, 0x0000000086500000|  0%| F|  |TAMS 0x0000000086400000, 0x0000000086400000| Untracked 
|  69|0x0000000086500000, 0x0000000086500000, 0x0000000086600000|  0%| F|  |TAMS 0x0000000086500000, 0x0000000086500000| Untracked 
|  70|0x0000000086600000, 0x0000000086600000, 0x0000000086700000|  0%| F|  |TAMS 0x0000000086600000, 0x0000000086600000| Untracked 
|  71|0x0000000086700000, 0x0000000086700000, 0x0000000086800000|  0%| F|  |TAMS 0x0000000086700000, 0x0000000086700000| Untracked 
|  72|0x0000000086800000, 0x0000000086800000, 0x0000000086900000|  0%| F|  |TAMS 0x0000000086800000, 0x0000000086800000| Untracked 
|  73|0x0000000086900000, 0x0000000086900000, 0x0000000086a00000|  0%| F|  |TAMS 0x0000000086900000, 0x0000000086900000| Untracked 
|  74|0x0000000086a00000, 0x0000000086a00000, 0x0000000086b00000|  0%| F|  |TAMS 0x0000000086a00000, 0x0000000086a00000| Untracked 
|  75|0x0000000086b00000, 0x0000000086b00000, 0x0000000086c00000|  0%| F|  |TAMS 0x0000000086b00000, 0x0000000086b00000| Untracked 
|  76|0x0000000086c00000, 0x0000000086c00000, 0x0000000086d00000|  0%| F|  |TAMS 0x0000000086c00000, 0x0000000086c00000| Untracked 
|  77|0x0000000086d00000, 0x0000000086d00000, 0x0000000086e00000|  0%| F|  |TAMS 0x0000000086d00000, 0x0000000086d00000| Untracked 
|  78|0x0000000086e00000, 0x0000000086e00000, 0x0000000086f00000|  0%| F|  |TAMS 0x0000000086e00000, 0x0000000086e00000| Untracked 
|  79|0x0000000086f00000, 0x0000000086f00000, 0x0000000087000000|  0%| F|  |TAMS 0x0000000086f00000, 0x0000000086f00000| Untracked 
|  80|0x0000000087000000, 0x0000000087000000, 0x0000000087100000|  0%| F|  |TAMS 0x0000000087000000, 0x0000000087000000| Untracked 
|  81|0x0000000087100000, 0x0000000087100000, 0x0000000087200000|  0%| F|  |TAMS 0x0000000087100000, 0x0000000087100000| Untracked 
|  82|0x0000000087200000, 0x0000000087200000, 0x0000000087300000|  0%| F|  |TAMS 0x0000000087200000, 0x0000000087200000| Untracked 
|  83|0x0000000087300000, 0x0000000087300000, 0x0000000087400000|  0%| F|  |TAMS 0x0000000087300000, 0x0000000087300000| Untracked 
|  84|0x0000000087400000, 0x0000000087400000, 0x0000000087500000|  0%| F|  |TAMS 0x0000000087400000, 0x0000000087400000| Untracked 
|  85|0x0000000087500000, 0x0000000087500000, 0x0000000087600000|  0%| F|  |TAMS 0x0000000087500000, 0x0000000087500000| Untracked 
|  86|0x0000000087600000, 0x0000000087600000, 0x0000000087700000|  0%| F|  |TAMS 0x0000000087600000, 0x0000000087600000| Untracked 
|  87|0x0000000087700000, 0x0000000087700000, 0x0000000087800000|  0%| F|  |TAMS 0x0000000087700000, 0x0000000087700000| Untracked 
|  88|0x0000000087800000, 0x0000000087821020, 0x0000000087900000| 12%| S|CS|TAMS 0x0000000087800000, 0x0000000087800000| Complete 
|  89|0x0000000087900000, 0x0000000087a00000, 0x0000000087a00000|100%| S|CS|TAMS 0x0000000087900000, 0x0000000087900000| Complete 
|  90|0x0000000087a00000, 0x0000000087a00000, 0x0000000087b00000|  0%| F|  |TAMS 0x0000000087a00000, 0x0000000087a00000| Untracked 
|  91|0x0000000087b00000, 0x0000000087b00000, 0x0000000087c00000|  0%| F|  |TAMS 0x0000000087b00000, 0x0000000087b00000| Untracked 
|  92|0x0000000087c00000, 0x0000000087c00000, 0x0000000087d00000|  0%| F|  |TAMS 0x0000000087c00000, 0x0000000087c00000| Untracked 
|  93|0x0000000087d00000, 0x0000000087d00000, 0x0000000087e00000|  0%| F|  |TAMS 0x0000000087d00000, 0x0000000087d00000| Untracked 
|  94|0x0000000087e00000, 0x0000000087e00000, 0x0000000087f00000|  0%| F|  |TAMS 0x0000000087e00000, 0x0000000087e00000| Untracked 
|  95|0x0000000087f00000, 0x0000000087f00000, 0x0000000088000000|  0%| F|  |TAMS 0x0000000087f00000, 0x0000000087f00000| Untracked 
|  96|0x0000000088000000, 0x0000000088000000, 0x0000000088100000|  0%| F|  |TAMS 0x0000000088000000, 0x0000000088000000| Untracked 
|  97|0x0000000088100000, 0x0000000088100000, 0x0000000088200000|  0%| F|  |TAMS 0x0000000088100000, 0x0000000088100000| Untracked 
|  98|0x0000000088200000, 0x0000000088200000, 0x0000000088300000|  0%| F|  |TAMS 0x0000000088200000, 0x0000000088200000| Untracked 
|  99|0x0000000088300000, 0x0000000088300000, 0x0000000088400000|  0%| F|  |TAMS 0x0000000088300000, 0x0000000088300000| Untracked 
| 100|0x0000000088400000, 0x0000000088400000, 0x0000000088500000|  0%| F|  |TAMS 0x0000000088400000, 0x0000000088400000| Untracked 
| 101|0x0000000088500000, 0x0000000088500000, 0x0000000088600000|  0%| F|  |TAMS 0x0000000088500000, 0x0000000088500000| Untracked 
| 102|0x0000000088600000, 0x0000000088600000, 0x0000000088700000|  0%| F|  |TAMS 0x0000000088600000, 0x0000000088600000| Untracked 
| 103|0x0000000088700000, 0x0000000088700000, 0x0000000088800000|  0%| F|  |TAMS 0x0000000088700000, 0x0000000088700000| Untracked 
| 104|0x0000000088800000, 0x0000000088800000, 0x0000000088900000|  0%| F|  |TAMS 0x0000000088800000, 0x0000000088800000| Untracked 
| 105|0x0000000088900000, 0x0000000088900000, 0x0000000088a00000|  0%| F|  |TAMS 0x0000000088900000, 0x0000000088900000| Untracked 
| 106|0x0000000088a00000, 0x0000000088a00000, 0x0000000088b00000|  0%| F|  |TAMS 0x0000000088a00000, 0x0000000088a00000| Untracked 
| 107|0x0000000088b00000, 0x0000000088b00000, 0x0000000088c00000|  0%| F|  |TAMS 0x0000000088b00000, 0x0000000088b00000| Untracked 
| 108|0x0000000088c00000, 0x0000000088c00000, 0x0000000088d00000|  0%| F|  |TAMS 0x0000000088c00000, 0x0000000088c00000| Untracked 
| 109|0x0000000088d00000, 0x0000000088d00000, 0x0000000088e00000|  0%| F|  |TAMS 0x0000000088d00000, 0x0000000088d00000| Untracked 
| 110|0x0000000088e00000, 0x0000000088e00000, 0x0000000088f00000|  0%| F|  |TAMS 0x0000000088e00000, 0x0000000088e00000| Untracked 
| 111|0x0000000088f00000, 0x0000000088f00000, 0x0000000089000000|  0%| F|  |TAMS 0x0000000088f00000, 0x0000000088f00000| Untracked 
| 112|0x0000000089000000, 0x0000000089000000, 0x0000000089100000|  0%| F|  |TAMS 0x0000000089000000, 0x0000000089000000| Untracked 
| 113|0x0000000089100000, 0x0000000089100000, 0x0000000089200000|  0%| F|  |TAMS 0x0000000089100000, 0x0000000089100000| Untracked 
| 114|0x0000000089200000, 0x0000000089200000, 0x0000000089300000|  0%| F|  |TAMS 0x0000000089200000, 0x0000000089200000| Untracked 
| 115|0x0000000089300000, 0x0000000089300000, 0x0000000089400000|  0%| F|  |TAMS 0x0000000089300000, 0x0000000089300000| Untracked 
| 116|0x0000000089400000, 0x0000000089400000, 0x0000000089500000|  0%| F|  |TAMS 0x0000000089400000, 0x0000000089400000| Untracked 
| 117|0x0000000089500000, 0x0000000089500000, 0x0000000089600000|  0%| F|  |TAMS 0x0000000089500000, 0x0000000089500000| Untracked 
| 118|0x0000000089600000, 0x0000000089600000, 0x0000000089700000|  0%| F|  |TAMS 0x0000000089600000, 0x0000000089600000| Untracked 
| 125|0x0000000089d00000, 0x0000000089d00000, 0x0000000089e00000|  0%| F|  |TAMS 0x0000000089d00000, 0x0000000089d00000| Untracked 

Card table byte_map: [0x000001e533aa0000,0x000001e533e90000] _byte_map_base: 0x000001e533690000

Marking Bits (Prev, Next): (CMBitMap*) 0x000001e51afa29e0, (CMBitMap*) 0x000001e51afa29a0
 Prev Bits: [0x000001e536200000, 0x000001e538180000)
 Next Bits: [0x000001e534280000, 0x000001e536200000)

Polling page: 0x000001e51b010000

Metaspace:

Usage:
  Non-class:     19.17 MB used.
      Class:      2.76 MB used.
       Both:     21.94 MB used.

Virtual space:
  Non-class space:       64.00 MB reserved,      19.31 MB ( 30%) committed,  1 nodes.
      Class space:        1.00 GB reserved,       2.88 MB ( <1%) committed,  1 nodes.
             Both:        1.06 GB reserved,      22.19 MB (  2%) committed. 

Chunk freelists:
   Non-Class:  512.00 KB
       Class:  1.12 MB
        Both:  1.62 MB

MaxMetaspaceSize: unlimited
CompressedClassSpaceSize: 1.00 GB
Initial GC threshold: 21.00 MB
Current GC threshold: 35.25 MB
CDS: on
MetaspaceReclaimPolicy: balanced
 - commit_granule_bytes: 65536.
 - commit_granule_words: 8192.
 - virtual_space_node_default_size: 8388608.
 - enlarge_chunks_in_place: 1.
 - new_chunks_are_fully_committed: 0.
 - uncommit_free_chunks: 1.
 - use_allocation_guard: 0.


Internal statistics:

num_allocs_failed_limit: 3.
num_arena_births: 326.
num_arena_deaths: 0.
num_vsnodes_births: 2.
num_vsnodes_deaths: 0.
num_space_committed: 355.
num_space_uncommitted: 0.
num_chunks_returned_to_freelist: 3.
num_chunks_taken_from_freelist: 915.
num_chunk_merges: 3.
num_chunk_splits: 642.
num_chunks_enlarged: 486.
num_inconsistent_stats: 0.

CodeHeap 'non-profiled nmethods': size=120000Kb used=1049Kb max_used=1049Kb free=118950Kb
 bounds [0x000001e52bb50000, 0x000001e52bdc0000, 0x000001e533080000]
CodeHeap 'profiled nmethods': size=120000Kb used=5533Kb max_used=5533Kb free=114466Kb
 bounds [0x000001e524620000, 0x000001e524b90000, 0x000001e52bb50000]
CodeHeap 'non-nmethods': size=5760Kb used=1498Kb max_used=1516Kb free=4261Kb
 bounds [0x000001e524080000, 0x000001e5242f0000, 0x000001e524620000]
 total_blobs=3764 nmethods=2897 adapters=779
 compilation: enabled
              stopped_count=0, restarted_count=0
 full_count=0

Compilation events (20 events):
Event: 15.867 Thread 0x000001e53a769c60 nmethod 2888 0x000001e524b82910 code [0x000001e524b82aa0, 0x000001e524b82c18]
Event: 15.870 Thread 0x000001e53a75b9c0 2889       4       java.util.ArrayList::isEmpty (13 bytes)
Event: 15.870 Thread 0x000001e53a75b9c0 nmethod 2889 0x000001e52bc56010 code [0x000001e52bc56180, 0x000001e52bc56218]
Event: 15.873 Thread 0x000001e53a769c60 2890       1       java.lang.Class::getClassLoader0 (5 bytes)
Event: 15.873 Thread 0x000001e53a769c60 nmethod 2890 0x000001e52bc56310 code [0x000001e52bc564a0, 0x000001e52bc56578]
Event: 15.873 Thread 0x000001e53a769c60 2891       3       jdk.internal.misc.VM::isModuleSystemInited (13 bytes)
Event: 15.873 Thread 0x000001e53a769c60 nmethod 2891 0x000001e524b82c90 code [0x000001e524b82e20, 0x000001e524b82f78]
Event: 15.873 Thread 0x000001e53a769c60 2892       3       java.nio.CharBuffer::arrayOffset (35 bytes)
Event: 15.874 Thread 0x000001e53a769c60 nmethod 2892 0x000001e524b83010 code [0x000001e524b831e0, 0x000001e524b834b8]
Event: 15.874 Thread 0x000001e53a769c60 2893       3       java.io.BufferedWriter::ensureOpen (18 bytes)
Event: 15.874 Thread 0x000001e53a769c60 nmethod 2893 0x000001e524b83610 code [0x000001e524b837c0, 0x000001e524b839c8]
Event: 15.874 Thread 0x000001e53a769c60 2894       3       java.nio.CharBuffer::position (8 bytes)
Event: 15.874 Thread 0x000001e53a769c60 nmethod 2894 0x000001e524b83a90 code [0x000001e524b83c20, 0x000001e524b83d68]
Event: 15.874 Thread 0x000001e53a769c60 2895       3       java.nio.CharBuffer::position (6 bytes)
Event: 15.874 Thread 0x000001e53a769c60 nmethod 2895 0x000001e524b83e10 code [0x000001e524b83fc0, 0x000001e524b84168]
Event: 15.875 Thread 0x000001e53a769c60 2896       3       javax.xml.stream.util.StreamReaderDelegate::next (10 bytes)
Event: 15.875 Thread 0x000001e53a769c60 nmethod 2896 0x000001e524b84210 code [0x000001e524b843c0, 0x000001e524b84588]
Event: 15.875 Thread 0x000001e53a769c60 2897   !   3       com.sun.org.apache.xerces.internal.impl.XMLStreamReaderImpl::next (288 bytes)
Event: 15.886 Thread 0x000001e53a769c60 nmethod 2897 0x000001e524b84690 code [0x000001e524b84a00, 0x000001e524b85ee8]
Event: 15.886 Thread 0x000001e53a769c60 2898       3       com.sun.org.apache.xerces.internal.impl.XMLEntityScanner::scanContent (295 bytes)

GC Heap History (8 events):
Event: 0.746 GC heap before
{Heap before GC invocations=0 (full 0):
 garbage-first heap   total 129024K, used 12288K [0x0000000082000000, 0x0000000100000000)
  region size 1024K, 13 young (13312K), 0 survivors (0K)
 Metaspace       used 2326K, committed 2496K, reserved 1114112K
  class space    used 234K, committed 320K, reserved 1048576K
}
Event: 0.749 GC heap after
{Heap after GC invocations=1 (full 0):
 garbage-first heap   total 129024K, used 2059K [0x0000000082000000, 0x0000000100000000)
  region size 1024K, 2 young (2048K), 2 survivors (2048K)
 Metaspace       used 2326K, committed 2496K, reserved 1114112K
  class space    used 234K, committed 320K, reserved 1048576K
}
Event: 1.296 GC heap before
{Heap before GC invocations=1 (full 0):
 garbage-first heap   total 129024K, used 24587K [0x0000000082000000, 0x0000000100000000)
  region size 1024K, 19 young (19456K), 2 survivors (2048K)
 Metaspace       used 8129K, committed 8320K, reserved 1114112K
  class space    used 991K, committed 1088K, reserved 1048576K
}
Event: 1.301 GC heap after
{Heap after GC invocations=2 (full 0):
 garbage-first heap   total 129024K, used 11019K [0x0000000082000000, 0x0000000100000000)
  region size 1024K, 3 young (3072K), 3 survivors (3072K)
 Metaspace       used 8129K, committed 8320K, reserved 1114112K
  class space    used 991K, committed 1088K, reserved 1048576K
}
Event: 14.803 GC heap before
{Heap before GC invocations=2 (full 0):
 garbage-first heap   total 129024K, used 87819K [0x0000000082000000, 0x0000000100000000)
  region size 1024K, 39 young (39936K), 3 survivors (3072K)
 Metaspace       used 21235K, committed 21504K, reserved 1114112K
  class space    used 2636K, committed 2752K, reserved 1048576K
}
Event: 14.815 GC heap after
{Heap after GC invocations=3 (full 0):
 garbage-first heap   total 129024K, used 28315K [0x0000000082000000, 0x0000000100000000)
  region size 1024K, 8 young (8192K), 8 survivors (8192K)
 Metaspace       used 21235K, committed 21504K, reserved 1114112K
  class space    used 2636K, committed 2752K, reserved 1048576K
}
Event: 15.876 GC heap before
{Heap before GC invocations=4 (full 0):
 garbage-first heap   total 99328K, used 36507K [0x0000000082000000, 0x0000000100000000)
  region size 1024K, 15 young (15360K), 8 survivors (8192K)
 Metaspace       used 22460K, committed 22720K, reserved 1114112K
  class space    used 2828K, committed 2944K, reserved 1048576K
}
Event: 15.885 GC heap after
{Heap after GC invocations=5 (full 0):
 garbage-first heap   total 99328K, used 31630K [0x0000000082000000, 0x0000000100000000)
  region size 1024K, 2 young (2048K), 2 survivors (2048K)
 Metaspace       used 22460K, committed 22720K, reserved 1114112K
  class space    used 2828K, committed 2944K, reserved 1048576K
}

Deoptimization events (20 events):
Event: 12.609 Thread 0x000001e53f603600 DEOPT PACKING pc=0x000001e52bbff8a4 sp=0x0000004dc31fc5e0
Event: 12.609 Thread 0x000001e53f603600 DEOPT UNPACKING pc=0x000001e5240d23a3 sp=0x0000004dc31fc600 mode 2
Event: 12.609 Thread 0x000001e53f603600 Uncommon trap: trap_request=0xffffffc6 fr.pc=0x000001e52bbff8a4 relative=0x0000000000000b44
Event: 12.609 Thread 0x000001e53f603600 Uncommon trap: reason=bimorphic_or_optimized_type_check action=maybe_recompile pc=0x000001e52bbff8a4 method=java.util.regex.Pattern$Branch.match(Ljava/util/regex/Matcher;ILjava/lang/CharSequence;)Z @ 50 c2
Event: 12.609 Thread 0x000001e53f603600 DEOPT PACKING pc=0x000001e52bbff8a4 sp=0x0000004dc31fc360
Event: 12.609 Thread 0x000001e53f603600 DEOPT UNPACKING pc=0x000001e5240d23a3 sp=0x0000004dc31fc380 mode 2
Event: 12.609 Thread 0x000001e53f603600 Uncommon trap: trap_request=0xffffffc6 fr.pc=0x000001e52bbff8a4 relative=0x0000000000000b44
Event: 12.609 Thread 0x000001e53f603600 Uncommon trap: reason=bimorphic_or_optimized_type_check action=maybe_recompile pc=0x000001e52bbff8a4 method=java.util.regex.Pattern$Branch.match(Ljava/util/regex/Matcher;ILjava/lang/CharSequence;)Z @ 50 c2
Event: 12.609 Thread 0x000001e53f603600 DEOPT PACKING pc=0x000001e52bbff8a4 sp=0x0000004dc31fc2d0
Event: 12.609 Thread 0x000001e53f603600 DEOPT UNPACKING pc=0x000001e5240d23a3 sp=0x0000004dc31fc2f0 mode 2
Event: 12.609 Thread 0x000001e53f603600 Uncommon trap: trap_request=0xffffffde fr.pc=0x000001e52bbfd2dc relative=0x0000000000000d5c
Event: 12.609 Thread 0x000001e53f603600 Uncommon trap: reason=class_check action=maybe_recompile pc=0x000001e52bbfd2dc method=java.util.regex.Pattern$Start.match(Ljava/util/regex/Matcher;ILjava/lang/CharSequence;)Z @ 44 c2
Event: 12.609 Thread 0x000001e53f603600 DEOPT PACKING pc=0x000001e52bbfd2dc sp=0x0000004dc31fca40
Event: 12.609 Thread 0x000001e53f603600 DEOPT UNPACKING pc=0x000001e5240d23a3 sp=0x0000004dc31fca10 mode 2
Event: 14.800 Thread 0x000001e53f603600 DEOPT PACKING pc=0x000001e5249f7bd6 sp=0x0000004dc31fc900
Event: 14.800 Thread 0x000001e53f603600 DEOPT UNPACKING pc=0x000001e5240d2b43 sp=0x0000004dc31fbda0 mode 0
Event: 14.800 Thread 0x000001e53f603600 Uncommon trap: trap_request=0xffffff45 fr.pc=0x000001e52bb5fed8 relative=0x00000000000001b8
Event: 14.800 Thread 0x000001e53f603600 Uncommon trap: reason=unstable_if action=reinterpret pc=0x000001e52bb5fed8 method=java.lang.StringCoding.hasNegatives([BII)Z @ 12 c2
Event: 14.800 Thread 0x000001e53f603600 DEOPT PACKING pc=0x000001e52bb5fed8 sp=0x0000004dc31fc8e0
Event: 14.800 Thread 0x000001e53f603600 DEOPT UNPACKING pc=0x000001e5240d23a3 sp=0x0000004dc31fc8a8 mode 2

Classes loaded (20 events):
Event: 6.158 Loading class java/util/EnumMap$ValueIterator
Event: 6.158 Loading class java/util/EnumMap$EnumMapIterator
Event: 6.158 Loading class java/util/EnumMap$EnumMapIterator done
Event: 6.158 Loading class java/util/EnumMap$ValueIterator done
Event: 6.232 Loading class java/nio/ShortBuffer
Event: 6.232 Loading class java/nio/ShortBuffer done
Event: 6.232 Loading class java/nio/DoubleBuffer
Event: 6.232 Loading class java/nio/DoubleBuffer done
Event: 6.233 Loading class java/nio/DirectFloatBufferU
Event: 6.233 Loading class java/nio/DirectFloatBufferU done
Event: 14.923 Loading class jdk/internal/ref/CleanerImpl$InnocuousThreadFactory
Event: 14.923 Loading class jdk/internal/ref/CleanerImpl$InnocuousThreadFactory done
Event: 14.929 Loading class sun/misc/Unsafe
Event: 14.929 Loading class sun/misc/Unsafe done
Event: 14.930 Loading class java/lang/invoke/DirectMethodHandle$StaticAccessor
Event: 14.930 Loading class java/lang/invoke/DirectMethodHandle$StaticAccessor done
Event: 15.872 Loading class java/lang/Throwable$WrappedPrintStream
Event: 15.872 Loading class java/lang/Throwable$PrintStreamOrWriter
Event: 15.872 Loading class java/lang/Throwable$PrintStreamOrWriter done
Event: 15.872 Loading class java/lang/Throwable$WrappedPrintStream done

Classes unloaded (0 events):
No events

Classes redefined (0 events):
No events

Internal exceptions (20 events):
Event: 1.893 Thread 0x000001e53f603600 Exception <a 'sun/nio/fs/WindowsException'{0x0000000088e103e0}> (0x0000000088e103e0) 
thrown [s\open\src\hotspot\share\prims\jni.cpp, line 516]
Event: 2.341 Thread 0x000001e53f603600 Exception <a 'sun/nio/fs/WindowsException'{0x0000000088c6aa08}> (0x0000000088c6aa08) 
thrown [s\open\src\hotspot\share\prims\jni.cpp, line 516]
Event: 2.444 Thread 0x000001e53f603600 Exception <a 'sun/nio/fs/WindowsException'{0x000000008873d7c0}> (0x000000008873d7c0) 
thrown [s\open\src\hotspot\share\prims\jni.cpp, line 516]
Event: 2.450 Thread 0x000001e53f603600 Exception <a 'sun/nio/fs/WindowsException'{0x0000000088752108}> (0x0000000088752108) 
thrown [s\open\src\hotspot\share\prims\jni.cpp, line 516]
Event: 2.488 Thread 0x000001e53f603600 Exception <a 'java/lang/NoSuchMethodError'{0x00000000886828f8}: 'java.lang.Object java.lang.invoke.DirectMethodHandle$Holder.invokeStaticInit(java.lang.Object, int, int, int, int)'> (0x00000000886828f8) 
thrown [s\open\src\hotspot\share\interpreter\linkResolver.cpp, line 759]
Event: 2.559 Thread 0x000001e53f603600 Exception <a 'java/lang/NoSuchMethodError'{0x00000000886b6448}: 'java.lang.Object java.lang.invoke.DirectMethodHandle$Holder.invokeStaticInit(java.lang.Object, java.lang.Object, int, int, int, int)'> (0x00000000886b6448) 
thrown [s\open\src\hotspot\share\interpreter\linkResolver.cpp, line 759]
Event: 6.091 Thread 0x000001e53f603600 Exception <a 'java/lang/NoSuchMethodError'{0x0000000087da3040}: 'java.lang.Object java.lang.invoke.DirectMethodHandle$Holder.invokeInterface(java.lang.Object, java.lang.Object, java.lang.Object)'> (0x0000000087da3040) 
thrown [s\open\src\hotspot\share\interpreter\linkResolver.cpp, line 759]
Event: 6.091 Thread 0x000001e53f603600 Exception <a 'java/lang/IncompatibleClassChangeError'{0x0000000087da6700}: Found class java.lang.Object, but interface was expected> (0x0000000087da6700) 
thrown [s\open\src\hotspot\share\interpreter\linkResolver.cpp, line 826]
Event: 6.115 Thread 0x000001e53f603600 Exception <a 'java/lang/NoSuchMethodError'{0x0000000087c28ab8}: 'int java.lang.invoke.DirectMethodHandle$Holder.invokeSpecial(java.lang.Object, java.lang.Object, int)'> (0x0000000087c28ab8) 
thrown [s\open\src\hotspot\share\interpreter\linkResolver.cpp, line 759]
Event: 6.134 Thread 0x000001e53f603600 Exception <a 'java/lang/NoSuchMethodError'{0x0000000087c9f1a8}: 'java.lang.Object java.lang.invoke.DirectMethodHandle$Holder.newInvokeSpecial(java.lang.Object, java.lang.Object, int)'> (0x0000000087c9f1a8) 
thrown [s\open\src\hotspot\share\interpreter\linkResolver.cpp, line 759]
Event: 6.169 Thread 0x000001e53f7450d0 Exception <a 'java/lang/NoSuchMethodError'{0x0000000087b47730}: 'int java.lang.invoke.DirectMethodHandle$Holder.invokeStaticInit(java.lang.Object, java.lang.Object)'> (0x0000000087b47730) 
thrown [s\open\src\hotspot\share\interpreter\linkResolver.cpp, line 759]
Event: 12.741 Thread 0x000001e53f603600 Exception <a 'java/lang/NoSuchMethodError'{0x00000000878ddfe0}: 'long java.lang.invoke.DirectMethodHandle$Holder.invokeStatic(java.lang.Object, java.lang.Object, java.lang.Object)'> (0x00000000878ddfe0) 
thrown [s\open\src\hotspot\share\interpreter\linkResolver.cpp, line 759]
Event: 12.742 Thread 0x000001e53f603600 Exception <a 'java/lang/NoSuchMethodError'{0x00000000878e1780}: 'long java.lang.invoke.DirectMethodHandle$Holder.invokeStaticInit(java.lang.Object, java.lang.Object, java.lang.Object)'> (0x00000000878e1780) 
thrown [s\open\src\hotspot\share\interpreter\linkResolver.cpp, line 759]
Event: 12.744 Thread 0x000001e53f603600 Exception <a 'java/lang/NoSuchMethodError'{0x00000000878f9ec0}: 'java.lang.Object java.lang.invoke.DirectMethodHandle$Holder.newInvokeSpecial(java.lang.Object, java.lang.Object, long)'> (0x00000000878f9ec0) 
thrown [s\open\src\hotspot\share\interpreter\linkResolver.cpp, line 759]
Event: 12.745 Thread 0x000001e53f603600 Exception <a 'java/lang/NoSuchMethodError'{0x00000000878fda38}: 'java.lang.Object java.lang.invoke.Invokers$Holder.linkToTargetMethod(java.lang.Object, long, java.lang.Object)'> (0x00000000878fda38) 
thrown [s\open\src\hotspot\share\interpreter\linkResolver.cpp, line 759]
Event: 14.827 Thread 0x000001e53f603600 Exception <a 'java/lang/NoSuchMethodError'{0x0000000089d43300}: 'void java.lang.invoke.Invokers$Holder.invokeExact_MT(java.lang.Object, java.lang.Object, java.lang.Object, java.lang.Object)'> (0x0000000089d43300) 
thrown [s\open\src\hotspot\share\interpreter\linkResolver.cpp, line 759]
Event: 14.851 Thread 0x000001e53f603600 Exception <a 'java/lang/ClassNotFoundException'{0x0000000087fb8a98}: com/sun/javafx/scene/control/skin/resources/controls> (0x0000000087fb8a98) 
thrown [s\open\src\hotspot\share\prims\jni.cpp, line 535]
Event: 14.852 Thread 0x000001e53f603600 Exception <a 'java/lang/ClassNotFoundException'{0x0000000087fc6d20}: com/sun/javafx/scene/control/skin/resources/controls_en> (0x0000000087fc6d20) 
thrown [s\open\src\hotspot\share\prims\jni.cpp, line 535]
Event: 14.852 Thread 0x000001e53f603600 Exception <a 'java/lang/ClassNotFoundException'{0x0000000087fc7fa0}: com/sun/javafx/scene/control/skin/resources/controls_en_US> (0x0000000087fc7fa0) 
thrown [s\open\src\hotspot\share\prims\jni.cpp, line 535]
Event: 15.872 Thread 0x000001e53f603600 Exception <a 'java/lang/NullPointerException'{0x0000000087d80548}> (0x0000000087d80548) 
thrown [s\open\src\hotspot\share\interpreter\linkResolver.cpp, line 1350]

VM Operations (20 events):
Event: 4.936 Executing VM operation: Cleanup
Event: 4.937 Executing VM operation: Cleanup done
Event: 5.937 Executing VM operation: Cleanup
Event: 5.938 Executing VM operation: Cleanup done
Event: 6.938 Executing VM operation: Cleanup
Event: 6.938 Executing VM operation: Cleanup done
Event: 8.939 Executing VM operation: Cleanup
Event: 8.940 Executing VM operation: Cleanup done
Event: 11.940 Executing VM operation: Cleanup
Event: 11.940 Executing VM operation: Cleanup done
Event: 13.941 Executing VM operation: Cleanup
Event: 13.941 Executing VM operation: Cleanup done
Event: 14.803 Executing VM operation: CollectForMetadataAllocation
Event: 14.815 Executing VM operation: CollectForMetadataAllocation done
Event: 14.827 Executing VM operation: G1Concurrent
Event: 14.829 Executing VM operation: G1Concurrent done
Event: 14.829 Executing VM operation: G1Concurrent
Event: 14.832 Executing VM operation: G1Concurrent done
Event: 15.876 Executing VM operation: G1TryInitiateConcMark
Event: 15.885 Executing VM operation: G1TryInitiateConcMark done

Events (20 events):
Event: 0.953 Thread 0x000001e53ed2ab50 Thread exited: 0x000001e53ed2ab50
Event: 0.962 Thread 0x000001e53ed2ab50 Thread added: 0x000001e53ed2ab50
Event: 1.196 Loaded shared library C:\Users\DELL\.openjfx\cache\17.0.6\javafx_iio.dll
Event: 1.444 Loaded shared library C:\Users\DELL\.openjfx\cache\17.0.6\javafx_font.dll
Event: 1.501 Thread 0x000001e543e96950 Thread added: 0x000001e543e96950
Event: 1.757 Thread 0x000001e543eafc90 Thread added: 0x000001e543eafc90
Event: 2.007 Thread 0x000001e543e96950 Thread exited: 0x000001e543e96950
Event: 2.211 Thread 0x000001e543c04090 Thread added: 0x000001e543c04090
Event: 2.342 Thread 0x000001e543c04090 Thread exited: 0x000001e543c04090
Event: 2.365 Loaded shared library C:\Program Files\Java\jdk-18.0.2.1\bin\sunmscapi.dll
Event: 2.384 Thread 0x000001e543ec8780 Thread added: 0x000001e543ec8780
Event: 2.887 Thread 0x000001e543ec8780 Thread exited: 0x000001e543ec8780
Event: 2.919 Thread 0x000001e543ec8780 Thread added: 0x000001e543ec8780
Event: 3.177 Thread 0x000001e543ec8780 Thread exited: 0x000001e543ec8780
Event: 4.618 Thread 0x000001e543ec8780 Thread added: 0x000001e543ec8780
Event: 4.826 Thread 0x000001e543ec8780 Thread exited: 0x000001e543ec8780
Event: 6.067 Thread 0x000001e53ecdf070 Thread added: 0x000001e53ecdf070
Event: 6.084 Thread 0x000001e543eb0160 Thread added: 0x000001e543eb0160
Event: 7.047 Thread 0x000001e53ecdf070 Thread exited: 0x000001e53ecdf070
Event: 14.923 Thread 0x000001e543eacc70 Thread added: 0x000001e543eacc70


Dynamic libraries:
0x00007ff6ed9e0000 - 0x00007ff6ed9f0000 	C:\Program Files\Java\jdk-18.0.2.1\bin\java.exe
0x00007ffe9c790000 - 0x00007ffe9c988000 	C:\Windows\SYSTEM32\ntdll.dll
0x00007ffe9a970000 - 0x00007ffe9aa2f000 	C:\Windows\System32\KERNEL32.DLL
0x00007ffe9a120000 - 0x00007ffe9a3f2000 	C:\Windows\System32\KERNELBASE.dll
0x00007ffe99f10000 - 0x00007ffe9a010000 	C:\Windows\System32\ucrtbase.dll
0x00007ffe938a0000 - 0x00007ffe938b8000 	C:\Program Files\Java\jdk-18.0.2.1\bin\jli.dll
0x00007ffe9ac70000 - 0x00007ffe9ad1e000 	C:\Windows\System32\ADVAPI32.dll
0x00007ffe9b970000 - 0x00007ffe9ba0e000 	C:\Windows\System32\msvcrt.dll
0x00007ffe9ad20000 - 0x00007ffe9adbc000 	C:\Windows\System32\sechost.dll
0x00007ffe9afc0000 - 0x00007ffe9b0e5000 	C:\Windows\System32\RPCRT4.dll
0x00007ffe9aa30000 - 0x00007ffe9abcd000 	C:\Windows\System32\USER32.dll
0x00007ffe9a400000 - 0x00007ffe9a422000 	C:\Windows\System32\win32u.dll
0x00007ffe9bea0000 - 0x00007ffe9becb000 	C:\Windows\System32\GDI32.dll
0x00007ffe9a010000 - 0x00007ffe9a11f000 	C:\Windows\System32\gdi32full.dll
0x00007ffe9a6d0000 - 0x00007ffe9a76d000 	C:\Windows\System32\msvcp_win.dll
0x00007ffe84810000 - 0x00007ffe84aaa000 	C:\Windows\WinSxS\amd64_microsoft.windows.common-controls_6595b64144ccf1df_6.0.19041.1110_none_60b5254171f9507e\COMCTL32.dll
0x00007ffe954f0000 - 0x00007ffe954fa000 	C:\Windows\SYSTEM32\VERSION.dll
0x00007ffe96710000 - 0x00007ffe9672a000 	C:\Program Files\Java\jdk-18.0.2.1\bin\VCRUNTIME140.dll
0x00007ffe9af10000 - 0x00007ffe9af42000 	C:\Windows\System32\IMM32.DLL
0x00007ffe95ae0000 - 0x00007ffe95aec000 	C:\Program Files\Java\jdk-18.0.2.1\bin\vcruntime140_1.dll
0x00007ffe8e8f0000 - 0x00007ffe8e97d000 	C:\Program Files\Java\jdk-18.0.2.1\bin\msvcp140.dll
0x00007ffe3ce40000 - 0x00007ffe3da51000 	C:\Program Files\Java\jdk-18.0.2.1\bin\server\jvm.dll
0x00007ffe9af00000 - 0x00007ffe9af08000 	C:\Windows\System32\PSAPI.DLL
0x00007ffe941a0000 - 0x00007ffe941a9000 	C:\Windows\SYSTEM32\WSOCK32.dll
0x00007ffe9ae90000 - 0x00007ffe9aefb000 	C:\Windows\System32\WS2_32.dll
0x00007ffe84b00000 - 0x00007ffe84b27000 	C:\Windows\SYSTEM32\WINMM.dll
0x00007ffe986a0000 - 0x00007ffe986b2000 	C:\Windows\SYSTEM32\kernel.appcore.dll
0x00007ffe93890000 - 0x00007ffe9389a000 	C:\Program Files\Java\jdk-18.0.2.1\bin\jimage.dll
0x00007ffe97aa0000 - 0x00007ffe97c84000 	C:\Windows\SYSTEM32\DBGHELP.DLL
0x00007ffe85980000 - 0x00007ffe859ac000 	C:\Windows\SYSTEM32\dbgcore.DLL
0x00007ffe9a4e0000 - 0x00007ffe9a562000 	C:\Windows\System32\bcryptPrimitives.dll
0x00007ffe91b50000 - 0x00007ffe91b5e000 	C:\Program Files\Java\jdk-18.0.2.1\bin\instrument.dll
0x00007ffe93840000 - 0x00007ffe93865000 	C:\Program Files\Java\jdk-18.0.2.1\bin\java.dll
0x00007ffe70d80000 - 0x00007ffe70e56000 	C:\Program Files\Java\jdk-18.0.2.1\bin\jsvml.dll
0x00007ffe9bff0000 - 0x00007ffe9c733000 	C:\Windows\System32\SHELL32.dll
0x00007ffe97ef0000 - 0x00007ffe98682000 	C:\Windows\SYSTEM32\windows.storage.dll
0x00007ffe9b610000 - 0x00007ffe9b964000 	C:\Windows\System32\combase.dll
0x00007ffe99730000 - 0x00007ffe99760000 	C:\Windows\SYSTEM32\Wldp.dll
0x00007ffe9b560000 - 0x00007ffe9b60d000 	C:\Windows\System32\SHCORE.dll
0x00007ffe9af60000 - 0x00007ffe9afb5000 	C:\Windows\System32\shlwapi.dll
0x00007ffe99dd0000 - 0x00007ffe99def000 	C:\Windows\SYSTEM32\profapi.dll
0x00007ffe91b30000 - 0x00007ffe91b43000 	C:\Program Files\Java\jdk-18.0.2.1\bin\net.dll
0x00007ffe8fac0000 - 0x00007ffe8fbcc000 	C:\Windows\SYSTEM32\WINHTTP.dll
0x00007ffe99510000 - 0x00007ffe9957a000 	C:\Windows\system32\mswsock.dll
0x00007ffe8e8d0000 - 0x00007ffe8e8e6000 	C:\Program Files\Java\jdk-18.0.2.1\bin\nio.dll
0x00007ffe8e250000 - 0x00007ffe8e268000 	C:\Program Files\Java\jdk-18.0.2.1\bin\zip.dll
0x00007ffe8cf80000 - 0x00007ffe8cf9a000 	E:\IntelliJ IDEA Community Edition 2021.3.2\bin\breakgen64.dll
0x000001e53a910000 - 0x000001e53a913000 	C:\Users\DELL\.openjfx\cache\17.0.6\api-ms-win-core-console-l1-1-0.dll
0x000001e53a920000 - 0x000001e53a923000 	C:\Users\DELL\.openjfx\cache\17.0.6\api-ms-win-core-console-l1-2-0.dll
0x000001e53a930000 - 0x000001e53a933000 	C:\Users\DELL\.openjfx\cache\17.0.6\api-ms-win-core-datetime-l1-1-0.dll
0x000001e53a940000 - 0x000001e53a943000 	C:\Users\DELL\.openjfx\cache\17.0.6\api-ms-win-core-debug-l1-1-0.dll
0x000001e53a950000 - 0x000001e53a953000 	C:\Users\DELL\.openjfx\cache\17.0.6\api-ms-win-core-errorhandling-l1-1-0.dll
0x000001e53a960000 - 0x000001e53a964000 	C:\Users\DELL\.openjfx\cache\17.0.6\api-ms-win-core-file-l1-1-0.dll
0x000001e53a970000 - 0x000001e53a973000 	C:\Users\DELL\.openjfx\cache\17.0.6\api-ms-win-core-file-l1-2-0.dll
0x000001e53a980000 - 0x000001e53a983000 	C:\Users\DELL\.openjfx\cache\17.0.6\api-ms-win-core-file-l2-1-0.dll
0x000001e53a990000 - 0x000001e53a993000 	C:\Users\DELL\.openjfx\cache\17.0.6\api-ms-win-core-handle-l1-1-0.dll
0x000001e53a9a0000 - 0x000001e53a9a3000 	C:\Users\DELL\.openjfx\cache\17.0.6\api-ms-win-core-heap-l1-1-0.dll
0x000001e53a9b0000 - 0x000001e53a9b3000 	C:\Users\DELL\.openjfx\cache\17.0.6\api-ms-win-core-interlocked-l1-1-0.dll
0x000001e53a9c0000 - 0x000001e53a9c3000 	C:\Users\DELL\.openjfx\cache\17.0.6\api-ms-win-core-libraryloader-l1-1-0.dll
0x000001e53a9d0000 - 0x000001e53a9d3000 	C:\Users\DELL\.openjfx\cache\17.0.6\api-ms-win-core-localization-l1-2-0.dll
0x000001e53a9e0000 - 0x000001e53a9e3000 	C:\Users\DELL\.openjfx\cache\17.0.6\api-ms-win-core-memory-l1-1-0.dll
0x000001e53a9f0000 - 0x000001e53a9f3000 	C:\Users\DELL\.openjfx\cache\17.0.6\api-ms-win-core-namedpipe-l1-1-0.dll
0x000001e53aa00000 - 0x000001e53aa03000 	C:\Users\DELL\.openjfx\cache\17.0.6\api-ms-win-core-processenvironment-l1-1-0.dll
0x000001e53aa10000 - 0x000001e53aa13000 	C:\Users\DELL\.openjfx\cache\17.0.6\api-ms-win-core-processthreads-l1-1-0.dll
0x000001e53aa20000 - 0x000001e53aa23000 	C:\Users\DELL\.openjfx\cache\17.0.6\api-ms-win-core-processthreads-l1-1-1.dll
0x000001e53aa30000 - 0x000001e53aa33000 	C:\Users\DELL\.openjfx\cache\17.0.6\api-ms-win-core-profile-l1-1-0.dll
0x000001e53aa40000 - 0x000001e53aa43000 	C:\Users\DELL\.openjfx\cache\17.0.6\api-ms-win-core-rtlsupport-l1-1-0.dll
0x000001e53aa50000 - 0x000001e53aa53000 	C:\Users\DELL\.openjfx\cache\17.0.6\api-ms-win-core-string-l1-1-0.dll
0x000001e53aa60000 - 0x000001e53aa63000 	C:\Users\DELL\.openjfx\cache\17.0.6\api-ms-win-core-synch-l1-1-0.dll
0x000001e53aa70000 - 0x000001e53aa73000 	C:\Users\DELL\.openjfx\cache\17.0.6\api-ms-win-core-synch-l1-2-0.dll
0x000001e53aa80000 - 0x000001e53aa83000 	C:\Users\DELL\.openjfx\cache\17.0.6\api-ms-win-core-sysinfo-l1-1-0.dll
0x000001e53aa90000 - 0x000001e53aa93000 	C:\Users\DELL\.openjfx\cache\17.0.6\api-ms-win-core-timezone-l1-1-0.dll
0x000001e53aaa0000 - 0x000001e53aaa3000 	C:\Users\DELL\.openjfx\cache\17.0.6\api-ms-win-core-util-l1-1-0.dll
0x000001e53aab0000 - 0x000001e53aab3000 	C:\Users\DELL\.openjfx\cache\17.0.6\api-ms-win-crt-conio-l1-1-0.dll
0x000001e53aac0000 - 0x000001e53aac4000 	C:\Users\DELL\.openjfx\cache\17.0.6\api-ms-win-crt-convert-l1-1-0.dll
0x000001e53aad0000 - 0x000001e53aad3000 	C:\Users\DELL\.openjfx\cache\17.0.6\api-ms-win-crt-environment-l1-1-0.dll
0x000001e53aae0000 - 0x000001e53aae3000 	C:\Users\DELL\.openjfx\cache\17.0.6\api-ms-win-crt-filesystem-l1-1-0.dll
0x000001e53aaf0000 - 0x000001e53aaf3000 	C:\Users\DELL\.openjfx\cache\17.0.6\api-ms-win-crt-heap-l1-1-0.dll
0x000001e53ab00000 - 0x000001e53ab03000 	C:\Users\DELL\.openjfx\cache\17.0.6\api-ms-win-crt-locale-l1-1-0.dll
0x000001e53ab10000 - 0x000001e53ab15000 	C:\Users\DELL\.openjfx\cache\17.0.6\api-ms-win-crt-math-l1-1-0.dll
0x000001e53ab20000 - 0x000001e53ab25000 	C:\Users\DELL\.openjfx\cache\17.0.6\api-ms-win-crt-multibyte-l1-1-0.dll
0x000001e53ab30000 - 0x000001e53ab40000 	C:\Users\DELL\.openjfx\cache\17.0.6\api-ms-win-crt-private-l1-1-0.dll
0x000001e53ab40000 - 0x000001e53ab43000 	C:\Users\DELL\.openjfx\cache\17.0.6\api-ms-win-crt-process-l1-1-0.dll
0x000001e53ab50000 - 0x000001e53ab54000 	C:\Users\DELL\.openjfx\cache\17.0.6\api-ms-win-crt-runtime-l1-1-0.dll
0x000001e53ab60000 - 0x000001e53ab64000 	C:\Users\DELL\.openjfx\cache\17.0.6\api-ms-win-crt-stdio-l1-1-0.dll
0x000001e53ab70000 - 0x000001e53ab74000 	C:\Users\DELL\.openjfx\cache\17.0.6\api-ms-win-crt-string-l1-1-0.dll
0x000001e53ab80000 - 0x000001e53ab83000 	C:\Users\DELL\.openjfx\cache\17.0.6\api-ms-win-crt-time-l1-1-0.dll
0x000001e53ab90000 - 0x000001e53ab93000 	C:\Users\DELL\.openjfx\cache\17.0.6\api-ms-win-crt-utility-l1-1-0.dll
0x00007ffe46c90000 - 0x00007ffe46d8c000 	C:\Users\DELL\.openjfx\cache\17.0.6\ucrtbase.dll
0x00007ffe8cf60000 - 0x00007ffe8cf7a000 	C:\Users\DELL\.openjfx\cache\17.0.6\vcruntime140.dll
0x00007ffe8cdf0000 - 0x00007ffe8cdfc000 	C:\Users\DELL\.openjfx\cache\17.0.6\vcruntime140_1.dll
0x00007ffe744c0000 - 0x00007ffe7454d000 	C:\Users\DELL\.openjfx\cache\17.0.6\msvcp140.dll
0x00007ffe8cde0000 - 0x00007ffe8cde9000 	C:\Users\DELL\.openjfx\cache\17.0.6\msvcp140_1.dll
0x00007ffe8c660000 - 0x00007ffe8c68f000 	C:\Users\DELL\.openjfx\cache\17.0.6\msvcp140_2.dll
0x00007ffe88010000 - 0x00007ffe8803a000 	C:\Users\DELL\.openjfx\cache\17.0.6\prism_d3d.dll
0x00007ffe46f80000 - 0x00007ffe4714f000 	C:\Windows\system32\d3d9.dll
0x00007ffe97770000 - 0x00007ffe9779f000 	C:\Windows\SYSTEM32\dwmapi.dll
0x00007ffe97110000 - 0x00007ffe971ae000 	C:\Windows\system32\uxtheme.dll
0x00007ffe46130000 - 0x00007ffe462df000 	C:\Windows\System32\DriverStore\FileRepository\iigd_dch.inf_amd64_51f685305808e3a5\igdumdim64.dll
0x00007ffe9a840000 - 0x00007ffe9a96a000 	C:\Windows\System32\ole32.dll
0x00007ffe2c750000 - 0x00007ffe2f7f3000 	C:\Windows\System32\DriverStore\FileRepository\iigd_dch.inf_amd64_51f685305808e3a5\igd9dxva64.dll
0x00007ffe9adc0000 - 0x00007ffe9ae8d000 	C:\Windows\System32\OLEAUT32.dll
0x00007ffe9b0f0000 - 0x00007ffe9b558000 	C:\Windows\System32\SETUPAPI.dll
0x00007ffe99e90000 - 0x00007ffe99ede000 	C:\Windows\System32\cfgmgr32.dll
0x00007ffe99ee0000 - 0x00007ffe99f07000 	C:\Windows\System32\bcrypt.dll
0x00007ffe8e270000 - 0x00007ffe8e679000 	C:\Windows\System32\DriverStore\FileRepository\iigd_dch.inf_amd64_51f685305808e3a5\igdgmm64.dll
0x00007ffe85330000 - 0x00007ffe85372000 	C:\Users\DELL\.openjfx\cache\17.0.6\glass.dll
0x00007ffe9bd10000 - 0x00007ffe9bdea000 	C:\Windows\System32\COMDLG32.dll
0x00007ffe9bed0000 - 0x00007ffe9bfe5000 	C:\Windows\System32\MSCTF.dll
0x00007ffe95a10000 - 0x00007ffe95a37000 	C:\Windows\System32\DriverStore\FileRepository\iigd_dch.inf_amd64_51f685305808e3a5\igdinfo64.dll
0x00007ffe66400000 - 0x00007ffe69b94000 	C:\Windows\System32\DriverStore\FileRepository\iigd_dch.inf_amd64_51f685305808e3a5\igc64.dll
0x00007ffe91200000 - 0x00007ffe9123b000 	C:\Windows\SYSTEM32\dxcore.dll
0x00007ffe85490000 - 0x00007ffe854bd000 	C:\Users\DELL\.openjfx\cache\17.0.6\javafx_iio.dll
0x00007ffe8cdc0000 - 0x00007ffe8cdd4000 	C:\Users\DELL\.openjfx\cache\17.0.6\javafx_font.dll
0x00007ffe7f940000 - 0x00007ffe7fbbf000 	C:\Windows\SYSTEM32\dwrite.dll
0x00007ffe99260000 - 0x00007ffe9932a000 	C:\Windows\SYSTEM32\DNSAPI.dll
0x00007ffe99220000 - 0x00007ffe9925b000 	C:\Windows\SYSTEM32\IPHLPAPI.DLL
0x00007ffe9c740000 - 0x00007ffe9c748000 	C:\Windows\System32\NSI.dll
0x00007ffe91eb0000 - 0x00007ffe91eba000 	C:\Windows\System32\rasadhlp.dll
0x00007ffe8f610000 - 0x00007ffe8f690000 	C:\Windows\System32\fwpuclnt.dll
0x00007ffe8c810000 - 0x00007ffe8c81e000 	C:\Program Files\Java\jdk-18.0.2.1\bin\sunmscapi.dll
0x00007ffe9a570000 - 0x00007ffe9a6c6000 	C:\Windows\System32\CRYPT32.dll
0x00007ffe99880000 - 0x00007ffe998a7000 	C:\Windows\SYSTEM32\ncrypt.dll
0x00007ffe99840000 - 0x00007ffe9987b000 	C:\Windows\SYSTEM32\NTASN1.dll
0x00007ffe99770000 - 0x00007ffe99788000 	C:\Windows\SYSTEM32\CRYPTSP.dll
0x00007ffe98e50000 - 0x00007ffe98e84000 	C:\Windows\system32\rsaenh.dll
0x00007ffe99d50000 - 0x00007ffe99d7e000 	C:\Windows\SYSTEM32\USERENV.dll
0x00007ffe996a0000 - 0x00007ffe996ac000 	C:\Windows\SYSTEM32\CRYPTBASE.dll

dbghelp: loaded successfully - version: 4.0.5 - missing functions: none
symbol engine: initialized successfully - sym options: 0x614 - pdb path: .;C:\Program Files\Java\jdk-18.0.2.1\bin;C:\Windows\SYSTEM32;C:\Windows\WinSxS\amd64_microsoft.windows.common-controls_6595b64144ccf1df_6.0.19041.1110_none_60b5254171f9507e;C:\Program Files\Java\jdk-18.0.2.1\bin\server;E:\IntelliJ IDEA Community Edition 2021.3.2\bin;C:\Users\DELL\.openjfx\cache\17.0.6;C:\Windows\System32\DriverStore\FileRepository\iigd_dch.inf_amd64_51f685305808e3a5;C:\Program Files\Common Files\Microsoft Shared\Ink

VM Arguments:
jvm_args: -javaagent:E:\IntelliJ IDEA Community Edition 2021.3.2\lib\idea_rt.jar=64111:E:\IntelliJ IDEA Community Edition 2021.3.2\bin -Dfile.encoding=UTF-8 --module-path=C:\Users\DELL\.m2\repository\com\dlsc\formsfx\formsfx-core\11.6.0\formsfx-core-11.6.0.jar;C:\Users\DELL\.m2\repository\org\openjfx\javafx-controls\17.0.6\javafx-controls-17.0.6-win.jar;C:\Users\DELL\.m2\repository\org\controlsfx\controlsfx\11.1.2\controlsfx-11.1.2.jar;D:\CodeCamp\elementarium\target\classes;C:\Users\DELL\.m2\repository\org\openjfx\javafx-media\18.0.1\javafx-media-18.0.1-win.jar;C:\Users\DELL\.m2\repository\org\kordamp\bootstrapfx\bootstrapfx-core\0.4.0\bootstrapfx-core-0.4.0.jar;C:\Users\DELL\.m2\repository\org\openjfx\javafx-graphics\17.0.6\javafx-graphics-17.0.6-win.jar;C:\Users\DELL\.m2\repository\org\openjfx\javafx-fxml\17.0.6\javafx-fxml-17.0.6-win.jar;C:\Users\DELL\.m2\repository\org\openjfx\javafx-base\17.0.6\javafx-base-17.0.6-win.jar -Djdk.module.main=elementarium 
java_command: elementarium/play.Main
java_class_path (initial): C:\Users\DELL\.m2\repository\org\openjfx\javafx-controls\17.0.6\javafx-controls-17.0.6.jar;C:\Users\DELL\.m2\repository\org\openjfx\javafx-graphics\17.0.6\javafx-graphics-17.0.6.jar;C:\Users\DELL\.m2\repository\org\openjfx\javafx-base\17.0.6\javafx-base-17.0.6.jar;C:\Users\DELL\.m2\repository\org\openjfx\javafx-fxml\17.0.6\javafx-fxml-17.0.6.jar;C:\Users\DELL\.m2\repository\com\mysql\mysql-connector-j\8.0.32\mysql-connector-j-8.0.32.jar;C:\Users\DELL\.m2\repository\com\google\protobuf\protobuf-java\3.21.9\protobuf-java-3.21.9.jar;C:\Users\DELL\.m2\repository\org\openjfx\javafx-media\18.0.1\javafx-media-18.0.1.jar
Launcher Type: SUN_STANDARD

[Global flags]
     intx CICompilerCount                          = 3                                         {product} {ergonomic}
     uint ConcGCThreads                            = 1                                         {product} {ergonomic}
     uint G1ConcRefinementThreads                  = 4                                         {product} {ergonomic}
   size_t G1HeapRegionSize                         = 1048576                                   {product} {ergonomic}
    uintx GCDrainStackTargetSize                   = 64                                        {product} {ergonomic}
   size_t InitialHeapSize                          = 132120576                                 {product} {ergonomic}
   size_t MarkStackSize                            = 4194304                                   {product} {ergonomic}
   size_t MaxHeapSize                              = 2113929216                                {product} {ergonomic}
   size_t MaxNewSize                               = 1267728384                                {product} {ergonomic}
   size_t MinHeapDeltaBytes                        = 1048576                                   {product} {ergonomic}
   size_t MinHeapSize                              = 8388608                                   {product} {ergonomic}
    uintx NonNMethodCodeHeapSize                   = 5832780                                {pd product} {ergonomic}
    uintx NonProfiledCodeHeapSize                  = 122912730                              {pd product} {ergonomic}
    uintx ProfiledCodeHeapSize                     = 122912730                              {pd product} {ergonomic}
    uintx ReservedCodeCacheSize                    = 251658240                              {pd product} {ergonomic}
     bool SegmentedCodeCache                       = true                                      {product} {ergonomic}
   size_t SoftMaxHeapSize                          = 2113929216                             {manageable} {ergonomic}
     bool UseCompressedClassPointers               = true                           {product lp64_product} {ergonomic}
     bool UseCompressedOops                        = true                           {product lp64_product} {ergonomic}
     bool UseG1GC                                  = true                                      {product} {ergonomic}
     bool UseLargePagesIndividualAllocation        = false                                  {pd product} {ergonomic}

Logging:
Log output configuration:
 #0: stdout all=warning uptime,level,tags foldmultilines=false
 #1: stderr all=off uptime,level,tags foldmultilines=false

Environment Variables:
PATH=C:\Program Files\Common Files\Oracle\Java\javapath;C:\Program Files (x86)\Common Files\Oracle\Java\javapath;C:\Windows\system32;C:\Windows;C:\Windows\System32\Wbem;C:\Windows\System32\WindowsPowerShell\v1.0\;C:\Program Files\Git\cmd;E:\Yarn\bin\;E:\nodejs\;%JAVA_HOME%\bin;C:\Windows\System32\OpenSSH\;C:\Program Files (x86)\Microsoft SQL Server\160\Tools\Binn\;C:\Program Files\Microsoft SQL Server\160\Tools\Binn\;C:\Program Files\Microsoft SQL Server\Client SDK\ODBC\170\Tools\Binn\;C:\Program Files\Microsoft SQL Server\160\DTS\Binn\;C:\Program Files (x86)\Microsoft SQL Server\160\DTS\Binn\;C:\Program Files\Azure Data Studio\bin;E:\Ruby30-x64\bin;E:\Ruby31-x64\bin;C:\Users\DELL\AppData\Local\Microsoft\WindowsApps;C:\Users\DELL\AppData\Local\GitHubDesktop\bin;C:\Users\DELL\AppData\Local\Yarn\bin;C:\Users\DELL\AppData\Roaming\npm;E:\Microsoft VS Code\bin;C:\ghcup\bin;C:\Program Files\MySQL\MySQL Server 8.0\bin;;C:\Program Files\Azure Data Studio\bin
USERNAME=DELL
OS=Windows_NT
PROCESSOR_IDENTIFIER=Intel64 Family 6 Model 142 Stepping 9, GenuineIntel



---------------  S Y S T E M  ---------------

OS:
 Windows 10 , 64 bit Build 19041 (10.0.19041.2251)
OS uptime: 18 days 8:54 hours
Hyper-V role detected

CPU: total 4 (initial active 4) (2 cores per cpu, 2 threads per core) family 6 model 142 stepping 9 microcode 0xb4, cx8, cmov, fxsr, ht, mmx, 3dnowpref, sse, sse2, sse3, ssse3, sse4.1, sse4.2, popcnt, lzcnt, tsc, tscinvbit, avx, avx2, aes, erms, clmul, bmi1, bmi2, adx, fma, vzeroupper, clflush, clflushopt, hv

Memory: 4k page, system-wide physical 8057M (743M free)
TotalPageFile size 10105M (AvailPageFile size 9M)
current process WorkingSet (physical memory assigned to process): 283M, peak: 298M
current process commit charge ("private bytes"): 370M, peak: 371M

vm_info: Java HotSpot(TM) 64-Bit Server VM (18.0.2.1+1-1) for windows-amd64 JRE (18.0.2.1+1-1), built on Aug 16 2022 01:46:33 by "mach5one" with MS VC++ 16.8 / 16.9 (VS2019)

END.
