#
# There is insufficient memory for the Java Runtime Environment to continue.
# Native memory allocation (malloc) failed to allocate 111504 bytes for Chunk::new
# Possible reasons:
#   The system is out of physical RAM or swap space
#   The process is running with CompressedOops enabled, and the Java Heap may be blocking the growth of the native heap
# Possible solutions:
#   Reduce memory load on the system
#   Increase physical memory or swap space
#   Check if swap backing store is full
#   Decrease Java heap size (-Xmx/-Xms)
#   Decrease number of Java threads
#   Decrease Java thread stack sizes (-Xss)
#   Set larger code cache with -XX:ReservedCodeCacheSize=
#   JVM is running with Unscaled Compressed Oops mode in which the Java heap is
#     placed in the first 4GB address space. The Java Heap base address is the
#     maximum limit for the native heap growth. Please use -XX:HeapBaseMinAddress
#     to set the Java Heap base and to place the Java Heap above 4GB virtual address.
# This output file may be truncated or incomplete.
#
#  Out of Memory Error (arena.cpp:184), pid=6372, tid=8548
#
# JRE version: Java(TM) SE Runtime Environment (18.0.2.1+1) (build 18.0.2.1+1-1)
# Java VM: Java HotSpot(TM) 64-Bit Server VM (18.0.2.1+1-1, mixed mode, sharing, tiered, compressed oops, compressed class ptrs, g1 gc, windows-amd64)
# No core dump will be written. Minidumps are not enabled by default on client versions of Windows
#

---------------  S U M M A R Y ------------

Command Line: -javaagent:E:\IntelliJ IDEA Community Edition 2021.3.2\lib\idea_rt.jar=63049:E:\IntelliJ IDEA Community Edition 2021.3.2\bin -Dfile.encoding=UTF-8 --module-path=C:\Users\DELL\.m2\repository\org\openjfx\javafx-controls\17.0.6\javafx-controls-17.0.6-win.jar;C:\Users\DELL\.m2\repository\com\dlsc\formsfx\formsfx-core\11.6.0\formsfx-core-11.6.0.jar;C:\Users\DELL\.m2\repository\org\kordamp\bootstrapfx\bootstrapfx-core\0.4.0\bootstrapfx-core-0.4.0.jar;C:\Users\DELL\.m2\repository\org\controlsfx\controlsfx\11.1.2\controlsfx-11.1.2.jar;C:\Users\DELL\.m2\repository\org\openjfx\javafx-media\18.0.1\javafx-media-18.0.1-win.jar;D:\CodeCamp\elementarium\target\classes;C:\Users\DELL\.m2\repository\org\openjfx\javafx-fxml\17.0.6\javafx-fxml-17.0.6-win.jar;C:\Users\DELL\.m2\repository\org\openjfx\javafx-graphics\17.0.6\javafx-graphics-17.0.6-win.jar;C:\Users\DELL\.m2\repository\org\openjfx\javafx-base\17.0.6\javafx-base-17.0.6-win.jar -Djdk.module.main=elementarium elementarium/play.Main

Host: Intel(R) Core(TM) i5-7200U CPU @ 2.50GHz, 4 cores, 7G,  Windows 10 , 64 bit Build 19041 (10.0.19041.2251)
Time: Sat Aug  5 15:10:03 2023 SE Asia Standard Time elapsed time: 74.870025 seconds (0d 0h 1m 14s)

---------------  T H R E A D  ---------------

Current thread (0x0000019d7671abc0):  JavaThread "C2 CompilerThread0" daemon [_thread_in_native, id=8548, stack(0x0000004755000000,0x0000004755100000)]


Current CompileTask:
C2:  74870 5363   !   4       java.util.concurrent.LinkedBlockingDeque::takeFirst (47 bytes)

Stack: [0x0000004755000000,0x0000004755100000]
Native frames: (J=compiled Java code, j=interpreted, Vv=VM code, C=native code)
V  [jvm.dll+0x6993aa]
V  [jvm.dll+0x7f46dd]
V  [jvm.dll+0x7f5fee]
V  [jvm.dll+0x7f66a3]
V  [jvm.dll+0x25cf1f]
V  [jvm.dll+0xb8c2f]
V  [jvm.dll+0xb8fa5]
V  [jvm.dll+0x1327ef]
V  [jvm.dll+0x626df2]
V  [jvm.dll+0x62b44c]
V  [jvm.dll+0x22ff78]
V  [jvm.dll+0x22f4d1]
V  [jvm.dll+0x1ba01c]
V  [jvm.dll+0x23ee0a]
V  [jvm.dll+0x23d0f5]
V  [jvm.dll+0x7a6dd1]
V  [jvm.dll+0x7a120a]
V  [jvm.dll+0x698255]
C  [ucrtbase.dll+0x21bb2]
C  [KERNEL32.DLL+0x174b4]
C  [ntdll.dll+0x526a1]


---------------  P R O C E S S  ---------------

Threads class SMR info:
_java_thread_list=0x0000019d7aea7930, length=49, elements={
0x0000019d58e90f40, 0x0000019d766f8800, 0x0000019d766f9c00, 0x0000019d76716180,
0x0000019d76717b30, 0x0000019d76718c70, 0x0000019d76719750, 0x0000019d7671abc0,
0x0000019d76720e40, 0x0000019d76724540, 0x0000019d7a9588c0, 0x0000019d7aca9970,
0x0000019d7aca9e30, 0x0000019d7b214060, 0x0000019d7b19a090, 0x0000019d7ad521c0,
0x0000019d7b626f30, 0x0000019d7b749020, 0x0000019d7b810880, 0x0000019d7b80e200,
0x0000019d7b80eba0, 0x0000019d7b80f070, 0x0000019d7ac81890, 0x0000019d7ac80080,
0x0000019d7ac7f6e0, 0x0000019d7ac7fbb0, 0x0000019d7ac81d60, 0x0000019d7ac80a20,
0x0000019d7c450010, 0x0000019d7c44cb20, 0x0000019d7c44ecd0, 0x0000019d7c44e800,
0x0000019d7c44cff0, 0x0000019d7c44f1a0, 0x0000019d7c44e330, 0x0000019d7c454370,
0x0000019d7c4521c0, 0x0000019d7c452b60, 0x0000019d7c4539d0, 0x0000019d7ac7ded0,
0x0000019d7ac82700, 0x0000019d7ac7ed40, 0x0000019d7ac848b0, 0x0000019d7b80fee0,
0x0000019d1b896360, 0x0000019d1b896830, 0x0000019d1b896d00, 0x0000019d1b8941b0,
0x0000019d1b899850
}

Java Threads: ( => current thread )
  0x0000019d58e90f40 JavaThread "main" [_thread_blocked, id=3496, stack(0x0000004754200000,0x0000004754300000)]
  0x0000019d766f8800 JavaThread "Reference Handler" daemon [_thread_blocked, id=1860, stack(0x0000004754900000,0x0000004754a00000)]
  0x0000019d766f9c00 JavaThread "Finalizer" daemon [_thread_blocked, id=16944, stack(0x0000004754a00000,0x0000004754b00000)]
  0x0000019d76716180 JavaThread "Signal Dispatcher" daemon [_thread_blocked, id=7868, stack(0x0000004754c00000,0x0000004754d00000)]
  0x0000019d76717b30 JavaThread "Attach Listener" daemon [_thread_blocked, id=9148, stack(0x0000004754d00000,0x0000004754e00000)]
  0x0000019d76718c70 JavaThread "Service Thread" daemon [_thread_blocked, id=4224, stack(0x0000004754e00000,0x0000004754f00000)]
  0x0000019d76719750 JavaThread "Monitor Deflation Thread" daemon [_thread_blocked, id=12884, stack(0x0000004754f00000,0x0000004755000000)]
=>0x0000019d7671abc0 JavaThread "C2 CompilerThread0" daemon [_thread_in_native, id=8548, stack(0x0000004755000000,0x0000004755100000)]
  0x0000019d76720e40 JavaThread "C1 CompilerThread0" daemon [_thread_blocked, id=1564, stack(0x0000004755100000,0x0000004755200000)]
  0x0000019d76724540 JavaThread "Sweeper thread" daemon [_thread_blocked, id=15424, stack(0x0000004755200000,0x0000004755300000)]
  0x0000019d7a9588c0 JavaThread "Common-Cleaner" daemon [_thread_blocked, id=13096, stack(0x0000004755300000,0x0000004755400000)]
  0x0000019d7aca9970 JavaThread "Monitor Ctrl-Break" daemon [_thread_in_native, id=11596, stack(0x0000004755500000,0x0000004755600000)]
  0x0000019d7aca9e30 JavaThread "Notification Thread" daemon [_thread_blocked, id=8844, stack(0x0000004755600000,0x0000004755700000)]
  0x0000019d7b214060 JavaThread "QuantumRenderer-0" daemon [_thread_blocked, id=17348, stack(0x0000004755a00000,0x0000004755b00000)]
  0x0000019d7b19a090 JavaThread "InvokeLaterDispatcher" daemon [_thread_blocked, id=6748, stack(0x0000004755b00000,0x0000004755c00000)]
  0x0000019d7ad521c0 JavaThread "JavaFX Application Thread" [_thread_in_native, id=14520, stack(0x0000004755c00000,0x0000004755d00000)]
  0x0000019d7b626f30 JavaThread "Thread-1" daemon [_thread_in_native, id=8708, stack(0x0000004756200000,0x0000004756300000)]
  0x0000019d7b749020 JavaThread "JavaFX-Launcher" [_thread_blocked, id=3340, stack(0x0000004756100000,0x0000004756200000)]
  0x0000019d7b810880 JavaThread "mysql-cj-abandoned-connection-cleanup" daemon [_thread_blocked, id=12312, stack(0x0000004756300000,0x0000004756400000)]
  0x0000019d7b80e200 JavaThread "Prism Font Disposer" daemon [_thread_blocked, id=6876, stack(0x0000004756600000,0x0000004756700000)]
  0x0000019d7b80eba0 JavaThread "Cleaner-0" daemon [_thread_blocked, id=8816, stack(0x0000004756700000,0x0000004756800000)]
  0x0000019d7b80f070 JavaThread "Media Resource Disposer" daemon [_thread_blocked, id=9052, stack(0x0000004756e00000,0x0000004756f00000)]
  0x0000019d7ac81890 JavaThread "JFXMedia Player EventQueueThread" daemon [_thread_blocked, id=13744, stack(0x0000004757b00000,0x0000004757c00000)]
  0x0000019d7ac80080 JavaThread "Timer-2" daemon [_thread_blocked, id=8312, stack(0x0000004757f00000,0x0000004758000000)]
  0x0000019d7ac7f6e0 JavaThread "JFXMedia Player EventQueueThread" daemon [_thread_blocked, id=11000, stack(0x0000004758000000,0x0000004758100000)]
  0x0000019d7ac7fbb0 JavaThread "JFXMedia Player EventQueueThread" daemon [_thread_blocked, id=1612, stack(0x0000004758300000,0x0000004758400000)]
  0x0000019d7ac81d60 JavaThread "Timer-3" daemon [_thread_blocked, id=9948, stack(0x0000004758b00000,0x0000004758c00000)]
  0x0000019d7ac80a20 JavaThread "Timer-4" daemon [_thread_blocked, id=8356, stack(0x0000004758c00000,0x0000004758d00000)]
  0x0000019d7c450010 JavaThread "Timer-10" daemon [_thread_blocked, id=14956, stack(0x000000475ac00000,0x000000475ad00000)]
  0x0000019d7c44cb20 JavaThread "Timer-11" daemon [_thread_blocked, id=15448, stack(0x000000475ad00000,0x000000475ae00000)]
  0x0000019d7c44ecd0 JavaThread "Timer-12" daemon [_thread_blocked, id=9808, stack(0x0000004756900000,0x0000004756a00000)]
  0x0000019d7c44e800 JavaThread "JFXMedia Player EventQueueThread" daemon [_thread_blocked, id=13884, stack(0x0000004756d00000,0x0000004756e00000)]
  0x0000019d7c44cff0 JavaThread "JFXMedia Player EventQueueThread" daemon [_thread_blocked, id=4276, stack(0x0000004756f00000,0x0000004757000000)]
  0x0000019d7c44f1a0 JavaThread "Timer-13" daemon [_thread_blocked, id=9396, stack(0x0000004759000000,0x0000004759100000)]
  0x0000019d7c44e330 JavaThread "Timer-14" daemon [_thread_blocked, id=11156, stack(0x0000004759100000,0x0000004759200000)]
  0x0000019d7c454370 JavaThread "Timer-15" daemon [_thread_blocked, id=17056, stack(0x0000004759800000,0x0000004759900000)]
  0x0000019d7c4521c0 JavaThread "JFXMedia Player EventQueueThread" daemon [_thread_blocked, id=15472, stack(0x0000004759d00000,0x0000004759e00000)]
  0x0000019d7c452b60 JavaThread "Timer-16" daemon [_thread_blocked, id=244, stack(0x000000475b400000,0x000000475b500000)]
  0x0000019d7c4539d0 JavaThread "Timer-17" daemon [_thread_blocked, id=312, stack(0x000000475b500000,0x000000475b600000)]
  0x0000019d7ac7ded0 JavaThread "Timer-18" daemon [_thread_blocked, id=7528, stack(0x000000475bb00000,0x000000475bc00000)]
  0x0000019d7ac82700 JavaThread "Timer-19" daemon [_thread_blocked, id=16764, stack(0x000000475c100000,0x000000475c200000)]
  0x0000019d7ac7ed40 JavaThread "Timer-20" daemon [_thread_blocked, id=6112, stack(0x000000475c800000,0x000000475c900000)]
  0x0000019d7ac848b0 JavaThread "Timer-21" daemon [_thread_blocked, id=16896, stack(0x000000475ce00000,0x000000475cf00000)]
  0x0000019d7b80fee0 JavaThread "JFXMedia Player EventQueueThread" daemon [_thread_blocked, id=16124, stack(0x000000475c200000,0x000000475c300000)]
  0x0000019d1b896360 JavaThread "Timer-22" daemon [_thread_blocked, id=10180, stack(0x000000475d300000,0x000000475d400000)]
  0x0000019d1b896830 JavaThread "JFXMedia Player EventQueueThread" daemon [_thread_blocked, id=888, stack(0x000000475d400000,0x000000475d500000)]
  0x0000019d1b896d00 JavaThread "JFXMedia Player EventQueueThread" daemon [_thread_blocked, id=9088, stack(0x000000475d700000,0x000000475d800000)]
  0x0000019d1b8941b0 JavaThread "Timer-23" daemon [_thread_blocked, id=10232, stack(0x0000004757300000,0x0000004757400000)]
  0x0000019d1b899850 JavaThread "Timer-24" daemon [_thread_blocked, id=13556, stack(0x0000004757600000,0x0000004757700000)]

Other Threads:
  0x0000019d766f4140 VMThread "VM Thread" [stack: 0x0000004754800000,0x0000004754900000] [id=13976]
  0x0000019d7ad3a720 WatcherThread "VM Periodic Task Thread" [stack: 0x0000004755700000,0x0000004755800000] [id=8508]
  0x0000019d58ef0a60 WorkerThread "GC Thread#0" [stack: 0x0000004754300000,0x0000004754400000] [id=12104]
  0x0000019d7b49f800 WorkerThread "GC Thread#1" [stack: 0x0000004755400000,0x0000004755500000] [id=11316]
  0x0000019d7b348380 WorkerThread "GC Thread#2" [stack: 0x0000004755800000,0x0000004755900000] [id=10480]
  0x0000019d7b4a1590 WorkerThread "GC Thread#3" [stack: 0x0000004755900000,0x0000004755a00000] [id=10664]
  0x0000019d58f01590 ConcurrentGCThread "G1 Main Marker" [stack: 0x0000004754400000,0x0000004754500000] [id=15796]
  0x0000019d58f01f80 WorkerThread "G1 Conc#0" [stack: 0x0000004754500000,0x0000004754600000] [id=14168]
  0x0000019d58f3f7d0 ConcurrentGCThread "G1 Refine#0" [stack: 0x0000004754600000,0x0000004754700000] [id=968]
  0x0000019d7bcd9ca0 ConcurrentGCThread "G1 Refine#1" [stack: 0x0000004758a00000,0x0000004758b00000] [id=17176]
  0x0000019d58f400e0 ConcurrentGCThread "G1 Service" [stack: 0x0000004754700000,0x0000004754800000] [id=17164]

Threads with active compile tasks:
C2 CompilerThread0    74927 5363   !   4       java.util.concurrent.LinkedBlockingDeque::takeFirst (47 bytes)

VM state: not at safepoint (normal execution)

VM Mutex/Monitor currently owned by a thread: None

Heap address: 0x0000000082000000, size: 2016 MB, Compressed Oops mode: 32-bit

CDS archive(s) mapped at: [0x0000000800000000-0x0000000800ba0000-0x0000000800ba0000), size 12189696, SharedBaseAddress: 0x0000000800000000, ArchiveRelocationMode: 0.
Compressed class space mapped at: 0x0000000800c00000-0x0000000840c00000, reserved size: 1073741824
Narrow klass base: 0x0000000800000000, Narrow klass shift: 0, Narrow klass range: 0x100000000

GC Precious Log:
 CardTable entry size: 512
 Card Set container configuration: InlinePtr #cards 5 size 8 Array Of Cards #cards 12 size 40 Howl #buckets 4 coarsen threshold 1843 Howl Bitmap #cards 512 size 80 coarsen threshold 460 Card regions per heap region 1 cards per card region 2048
 CPUs: 4 total, 4 available
 Memory: 8057M
 Large Page Support: Disabled
 NUMA Support: Disabled
 Compressed Oops: Enabled (32-bit)
 Heap Region Size: 1M
 Heap Min Capacity: 8M
 Heap Initial Capacity: 126M
 Heap Max Capacity: 2016M
 Pre-touch: Disabled
 Parallel Workers: 4
 Concurrent Workers: 1
 Concurrent Refinement Workers: 4
 Periodic GC: Disabled

Heap:
 garbage-first heap   total 278528K, used 180221K [0x0000000082000000, 0x0000000100000000)
  region size 1024K, 19 young (19456K), 3 survivors (3072K)
 Metaspace       used 27606K, committed 28032K, reserved 1114112K
  class space    used 3569K, committed 3776K, reserved 1048576K

Heap Regions: E=young(eden), S=young(survivor), O=old, HS=humongous(starts), HC=humongous(continues), CS=collection set, F=free, OA=open archive, CA=closed archive, TAMS=top-at-mark-start (previous, next)
|   0|0x0000000082000000, 0x0000000082100000, 0x0000000082100000|100%| O|  |TAMS 0x0000000082100000, 0x0000000082000000| Untracked 
|   1|0x0000000082100000, 0x0000000082200000, 0x0000000082200000|100%| O|  |TAMS 0x0000000082200000, 0x0000000082100000| Untracked 
|   2|0x0000000082200000, 0x0000000082300000, 0x0000000082300000|100%| O|  |TAMS 0x0000000082300000, 0x0000000082200000| Untracked 
|   3|0x0000000082300000, 0x0000000082300000, 0x0000000082400000|  0%| F|  |TAMS 0x0000000082300000, 0x0000000082300000| Untracked 
|   4|0x0000000082400000, 0x0000000082400000, 0x0000000082500000|  0%| F|  |TAMS 0x0000000082400000, 0x0000000082400000| Untracked 
|   5|0x0000000082500000, 0x0000000082600000, 0x0000000082600000|100%| O|  |TAMS 0x0000000082600000, 0x0000000082500000| Untracked 
|   6|0x0000000082600000, 0x0000000082700000, 0x0000000082700000|100%| O|  |TAMS 0x0000000082700000, 0x0000000082600000| Untracked 
|   7|0x0000000082700000, 0x0000000082800000, 0x0000000082800000|100%| O|  |TAMS 0x0000000082800000, 0x0000000082700000| Untracked 
|   8|0x0000000082800000, 0x0000000082800000, 0x0000000082900000|  0%| F|  |TAMS 0x0000000082800000, 0x0000000082800000| Untracked 
|   9|0x0000000082900000, 0x0000000082a00000, 0x0000000082a00000|100%| O|  |TAMS 0x0000000082a00000, 0x0000000082900000| Untracked 
|  10|0x0000000082a00000, 0x0000000082a00000, 0x0000000082b00000|  0%| F|  |TAMS 0x0000000082a00000, 0x0000000082a00000| Untracked 
|  11|0x0000000082b00000, 0x0000000082b00000, 0x0000000082c00000|  0%| F|  |TAMS 0x0000000082b00000, 0x0000000082b00000| Untracked 
|  12|0x0000000082c00000, 0x0000000082c00000, 0x0000000082d00000|  0%| F|  |TAMS 0x0000000082c00000, 0x0000000082c00000| Untracked 
|  13|0x0000000082d00000, 0x0000000082d00000, 0x0000000082e00000|  0%| F|  |TAMS 0x0000000082d00000, 0x0000000082d00000| Untracked 
|  14|0x0000000082e00000, 0x0000000082e00000, 0x0000000082f00000|  0%| F|  |TAMS 0x0000000082e00000, 0x0000000082e00000| Untracked 
|  15|0x0000000082f00000, 0x0000000082f00000, 0x0000000083000000|  0%| F|  |TAMS 0x0000000082f00000, 0x0000000082f00000| Untracked 
|  16|0x0000000083000000, 0x0000000083000000, 0x0000000083100000|  0%| F|  |TAMS 0x0000000083000000, 0x0000000083000000| Untracked 
|  17|0x0000000083100000, 0x0000000083100000, 0x0000000083200000|  0%| F|  |TAMS 0x0000000083100000, 0x0000000083100000| Untracked 
|  18|0x0000000083200000, 0x0000000083200000, 0x0000000083300000|  0%| F|  |TAMS 0x0000000083200000, 0x0000000083200000| Untracked 
|  19|0x0000000083300000, 0x0000000083300000, 0x0000000083400000|  0%| F|  |TAMS 0x0000000083300000, 0x0000000083300000| Untracked 
|  20|0x0000000083400000, 0x0000000083400000, 0x0000000083500000|  0%| F|  |TAMS 0x0000000083400000, 0x0000000083400000| Untracked 
|  21|0x0000000083500000, 0x0000000083500000, 0x0000000083600000|  0%| F|  |TAMS 0x0000000083500000, 0x0000000083500000| Untracked 
|  22|0x0000000083600000, 0x0000000083600000, 0x0000000083700000|  0%| F|  |TAMS 0x0000000083600000, 0x0000000083600000| Untracked 
|  23|0x0000000083700000, 0x0000000083700000, 0x0000000083800000|  0%| F|  |TAMS 0x0000000083700000, 0x0000000083700000| Untracked 
|  24|0x0000000083800000, 0x0000000083800000, 0x0000000083900000|  0%| F|  |TAMS 0x0000000083800000, 0x0000000083800000| Untracked 
|  25|0x0000000083900000, 0x0000000083900000, 0x0000000083a00000|  0%| F|  |TAMS 0x0000000083900000, 0x0000000083900000| Untracked 
|  26|0x0000000083a00000, 0x0000000083a00000, 0x0000000083b00000|  0%| F|  |TAMS 0x0000000083a00000, 0x0000000083a00000| Untracked 
|  27|0x0000000083b00000, 0x0000000083b00000, 0x0000000083c00000|  0%| F|  |TAMS 0x0000000083b00000, 0x0000000083b00000| Untracked 
|  28|0x0000000083c00000, 0x0000000083c00000, 0x0000000083d00000|  0%| F|  |TAMS 0x0000000083c00000, 0x0000000083c00000| Untracked 
|  29|0x0000000083d00000, 0x0000000083d00000, 0x0000000083e00000|  0%| F|  |TAMS 0x0000000083d00000, 0x0000000083d00000| Untracked 
|  30|0x0000000083e00000, 0x0000000083e00000, 0x0000000083f00000|  0%| F|  |TAMS 0x0000000083e00000, 0x0000000083e00000| Untracked 
|  31|0x0000000083f00000, 0x0000000084000000, 0x0000000084000000|100%| O|  |TAMS 0x0000000084000000, 0x0000000083f00000| Untracked 
|  32|0x0000000084000000, 0x0000000084100000, 0x0000000084100000|100%| O|  |TAMS 0x0000000084100000, 0x0000000084000000| Untracked 
|  33|0x0000000084100000, 0x0000000084200000, 0x0000000084200000|100%| O|  |TAMS 0x0000000084200000, 0x0000000084100000| Untracked 
|  34|0x0000000084200000, 0x0000000084300000, 0x0000000084300000|100%| O|  |TAMS 0x0000000084300000, 0x0000000084200000| Untracked 
|  35|0x0000000084300000, 0x0000000084400000, 0x0000000084400000|100%| O|  |TAMS 0x0000000084400000, 0x0000000084300000| Untracked 
|  36|0x0000000084400000, 0x0000000084500000, 0x0000000084500000|100%| O|  |TAMS 0x0000000084500000, 0x0000000084400000| Untracked 
|  37|0x0000000084500000, 0x0000000084600000, 0x0000000084600000|100%|HS|  |TAMS 0x0000000084600000, 0x0000000084500000| Complete 
|  38|0x0000000084600000, 0x0000000084700000, 0x0000000084700000|100%|HC|  |TAMS 0x0000000084700000, 0x0000000084600000| Complete 
|  39|0x0000000084700000, 0x0000000084800000, 0x0000000084800000|100%|HS|  |TAMS 0x0000000084800000, 0x0000000084700000| Complete 
|  40|0x0000000084800000, 0x0000000084900000, 0x0000000084900000|100%|HC|  |TAMS 0x0000000084900000, 0x0000000084800000| Complete 
|  41|0x0000000084900000, 0x0000000084900000, 0x0000000084a00000|  0%| F|  |TAMS 0x0000000084900000, 0x0000000084900000| Untracked 
|  42|0x0000000084a00000, 0x0000000084a00000, 0x0000000084b00000|  0%| F|  |TAMS 0x0000000084a00000, 0x0000000084a00000| Untracked 
|  43|0x0000000084b00000, 0x0000000084b00000, 0x0000000084c00000|  0%| F|  |TAMS 0x0000000084b00000, 0x0000000084b00000| Untracked 
|  44|0x0000000084c00000, 0x0000000084c00000, 0x0000000084d00000|  0%| F|  |TAMS 0x0000000084c00000, 0x0000000084c00000| Untracked 
|  45|0x0000000084d00000, 0x0000000084d00000, 0x0000000084e00000|  0%| F|  |TAMS 0x0000000084d00000, 0x0000000084d00000| Untracked 
|  46|0x0000000084e00000, 0x0000000084e00000, 0x0000000084f00000|  0%| F|  |TAMS 0x0000000084e00000, 0x0000000084e00000| Untracked 
|  47|0x0000000084f00000, 0x0000000085000000, 0x0000000085000000|100%|HS|  |TAMS 0x0000000085000000, 0x0000000084f00000| Complete 
|  48|0x0000000085000000, 0x0000000085100000, 0x0000000085100000|100%|HC|  |TAMS 0x0000000085100000, 0x0000000085000000| Complete 
|  49|0x0000000085100000, 0x0000000085200000, 0x0000000085200000|100%| O|  |TAMS 0x0000000085200000, 0x0000000085100000| Untracked 
|  50|0x0000000085200000, 0x0000000085278c00, 0x0000000085300000| 47%| O|  |TAMS 0x0000000085278c00, 0x0000000085200000| Untracked 
|  51|0x0000000085300000, 0x0000000085300000, 0x0000000085400000|  0%| F|  |TAMS 0x0000000085300000, 0x0000000085300000| Untracked 
|  52|0x0000000085400000, 0x0000000085400000, 0x0000000085500000|  0%| F|  |TAMS 0x0000000085400000, 0x0000000085400000| Untracked 
|  53|0x0000000085500000, 0x0000000085500000, 0x0000000085600000|  0%| F|  |TAMS 0x0000000085500000, 0x0000000085500000| Untracked 
|  54|0x0000000085600000, 0x0000000085600000, 0x0000000085700000|  0%| F|  |TAMS 0x0000000085600000, 0x0000000085600000| Untracked 
|  55|0x0000000085700000, 0x0000000085700000, 0x0000000085800000|  0%| F|  |TAMS 0x0000000085700000, 0x0000000085700000| Untracked 
|  56|0x0000000085800000, 0x0000000085800000, 0x0000000085900000|  0%| F|  |TAMS 0x0000000085800000, 0x0000000085800000| Untracked 
|  57|0x0000000085900000, 0x0000000085900000, 0x0000000085a00000|  0%| F|  |TAMS 0x0000000085900000, 0x0000000085900000| Untracked 
|  58|0x0000000085a00000, 0x0000000085a00000, 0x0000000085b00000|  0%| F|  |TAMS 0x0000000085a00000, 0x0000000085a00000| Untracked 
|  59|0x0000000085b00000, 0x0000000085b00000, 0x0000000085c00000|  0%| F|  |TAMS 0x0000000085b00000, 0x0000000085b00000| Untracked 
|  60|0x0000000085c00000, 0x0000000085c00000, 0x0000000085d00000|  0%| F|  |TAMS 0x0000000085c00000, 0x0000000085c00000| Untracked 
|  61|0x0000000085d00000, 0x0000000085d00000, 0x0000000085e00000|  0%| F|  |TAMS 0x0000000085d00000, 0x0000000085d00000| Untracked 
|  62|0x0000000085e00000, 0x0000000085e00000, 0x0000000085f00000|  0%| F|  |TAMS 0x0000000085e00000, 0x0000000085e00000| Untracked 
|  63|0x0000000085f00000, 0x0000000085f00000, 0x0000000086000000|  0%| F|  |TAMS 0x0000000085f00000, 0x0000000085f00000| Untracked 
|  64|0x0000000086000000, 0x0000000086000000, 0x0000000086100000|  0%| F|  |TAMS 0x0000000086000000, 0x0000000086000000| Untracked 
|  65|0x0000000086100000, 0x0000000086100000, 0x0000000086200000|  0%| F|  |TAMS 0x0000000086100000, 0x0000000086100000| Untracked 
|  66|0x0000000086200000, 0x0000000086200000, 0x0000000086300000|  0%| F|  |TAMS 0x0000000086200000, 0x0000000086200000| Untracked 
|  67|0x0000000086300000, 0x0000000086300000, 0x0000000086400000|  0%| F|  |TAMS 0x0000000086300000, 0x0000000086300000| Untracked 
|  68|0x0000000086400000, 0x0000000086400000, 0x0000000086500000|  0%| F|  |TAMS 0x0000000086400000, 0x0000000086400000| Untracked 
|  69|0x0000000086500000, 0x0000000086500000, 0x0000000086600000|  0%| F|  |TAMS 0x0000000086500000, 0x0000000086500000| Untracked 
|  70|0x0000000086600000, 0x0000000086600000, 0x0000000086700000|  0%| F|  |TAMS 0x0000000086600000, 0x0000000086600000| Untracked 
|  71|0x0000000086700000, 0x0000000086700000, 0x0000000086800000|  0%| F|  |TAMS 0x0000000086700000, 0x0000000086700000| Untracked 
|  72|0x0000000086800000, 0x0000000086800000, 0x0000000086900000|  0%| F|  |TAMS 0x0000000086800000, 0x0000000086800000| Untracked 
|  73|0x0000000086900000, 0x0000000086900000, 0x0000000086a00000|  0%| F|  |TAMS 0x0000000086900000, 0x0000000086900000| Untracked 
|  74|0x0000000086a00000, 0x0000000086a00000, 0x0000000086b00000|  0%| F|  |TAMS 0x0000000086a00000, 0x0000000086a00000| Untracked 
|  75|0x0000000086b00000, 0x0000000086b00000, 0x0000000086c00000|  0%| F|  |TAMS 0x0000000086b00000, 0x0000000086b00000| Untracked 
|  76|0x0000000086c00000, 0x0000000086c00000, 0x0000000086d00000|  0%| F|  |TAMS 0x0000000086c00000, 0x0000000086c00000| Untracked 
|  77|0x0000000086d00000, 0x0000000086d00000, 0x0000000086e00000|  0%| F|  |TAMS 0x0000000086d00000, 0x0000000086d00000| Untracked 
|  78|0x0000000086e00000, 0x0000000086e00000, 0x0000000086f00000|  0%| F|  |TAMS 0x0000000086e00000, 0x0000000086e00000| Untracked 
|  79|0x0000000086f00000, 0x0000000086f00000, 0x0000000087000000|  0%| F|  |TAMS 0x0000000086f00000, 0x0000000086f00000| Untracked 
|  80|0x0000000087000000, 0x0000000087000000, 0x0000000087100000|  0%| F|  |TAMS 0x0000000087000000, 0x0000000087000000| Untracked 
|  81|0x0000000087100000, 0x0000000087186880, 0x0000000087200000| 52%| S|CS|TAMS 0x0000000087100000, 0x0000000087100000| Complete 
|  82|0x0000000087200000, 0x0000000087300000, 0x0000000087300000|100%| S|CS|TAMS 0x0000000087200000, 0x0000000087200000| Complete 
|  83|0x0000000087300000, 0x0000000087400000, 0x0000000087400000|100%| S|CS|TAMS 0x0000000087300000, 0x0000000087300000| Complete 
|  84|0x0000000087400000, 0x0000000087400000, 0x0000000087500000|  0%| F|  |TAMS 0x0000000087400000, 0x0000000087400000| Untracked 
|  85|0x0000000087500000, 0x0000000087500000, 0x0000000087600000|  0%| F|  |TAMS 0x0000000087500000, 0x0000000087500000| Untracked 
|  86|0x0000000087600000, 0x0000000087600000, 0x0000000087700000|  0%| F|  |TAMS 0x0000000087600000, 0x0000000087600000| Untracked 
|  87|0x0000000087700000, 0x0000000087700000, 0x0000000087800000|  0%| F|  |TAMS 0x0000000087700000, 0x0000000087700000| Untracked 
|  88|0x0000000087800000, 0x0000000087900000, 0x0000000087900000|100%|HS|  |TAMS 0x0000000087900000, 0x0000000087800000| Complete 
|  89|0x0000000087900000, 0x0000000087a00000, 0x0000000087a00000|100%|HC|  |TAMS 0x0000000087a00000, 0x0000000087900000| Complete 
|  90|0x0000000087a00000, 0x0000000087b00000, 0x0000000087b00000|100%|HC|  |TAMS 0x0000000087b00000, 0x0000000087a00000| Complete 
|  91|0x0000000087b00000, 0x0000000087c00000, 0x0000000087c00000|100%|HC|  |TAMS 0x0000000087c00000, 0x0000000087b00000| Complete 
|  92|0x0000000087c00000, 0x0000000087d00000, 0x0000000087d00000|100%|HC|  |TAMS 0x0000000087d00000, 0x0000000087c00000| Complete 
|  93|0x0000000087d00000, 0x0000000087e00000, 0x0000000087e00000|100%|HC|  |TAMS 0x0000000087e00000, 0x0000000087d00000| Complete 
|  94|0x0000000087e00000, 0x0000000087f00000, 0x0000000087f00000|100%|HC|  |TAMS 0x0000000087f00000, 0x0000000087e00000| Complete 
|  95|0x0000000087f00000, 0x0000000088000000, 0x0000000088000000|100%|HC|  |TAMS 0x0000000088000000, 0x0000000087f00000| Complete 
|  96|0x0000000088000000, 0x0000000088100000, 0x0000000088100000|100%|HC|  |TAMS 0x0000000088100000, 0x0000000088000000| Complete 
|  97|0x0000000088100000, 0x0000000088200000, 0x0000000088200000|100%|HC|  |TAMS 0x0000000088200000, 0x0000000088100000| Complete 
|  98|0x0000000088200000, 0x0000000088300000, 0x0000000088300000|100%|HC|  |TAMS 0x0000000088300000, 0x0000000088200000| Complete 
|  99|0x0000000088300000, 0x0000000088400000, 0x0000000088400000|100%|HC|  |TAMS 0x0000000088400000, 0x0000000088300000| Complete 
| 100|0x0000000088400000, 0x0000000088500000, 0x0000000088500000|100%|HC|  |TAMS 0x0000000088500000, 0x0000000088400000| Complete 
| 101|0x0000000088500000, 0x0000000088600000, 0x0000000088600000|100%|HC|  |TAMS 0x0000000088600000, 0x0000000088500000| Complete 
| 102|0x0000000088600000, 0x0000000088700000, 0x0000000088700000|100%|HC|  |TAMS 0x0000000088700000, 0x0000000088600000| Complete 
| 103|0x0000000088700000, 0x0000000088800000, 0x0000000088800000|100%|HC|  |TAMS 0x0000000088800000, 0x0000000088700000| Complete 
| 104|0x0000000088800000, 0x0000000088900000, 0x0000000088900000|100%|HC|  |TAMS 0x0000000088900000, 0x0000000088800000| Complete 
| 105|0x0000000088900000, 0x0000000088a00000, 0x0000000088a00000|100%|HC|  |TAMS 0x0000000088a00000, 0x0000000088900000| Complete 
| 106|0x0000000088a00000, 0x0000000088b00000, 0x0000000088b00000|100%|HC|  |TAMS 0x0000000088b00000, 0x0000000088a00000| Complete 
| 107|0x0000000088b00000, 0x0000000088c00000, 0x0000000088c00000|100%|HC|  |TAMS 0x0000000088c00000, 0x0000000088b00000| Complete 
| 108|0x0000000088c00000, 0x0000000088d00000, 0x0000000088d00000|100%|HC|  |TAMS 0x0000000088d00000, 0x0000000088c00000| Complete 
| 109|0x0000000088d00000, 0x0000000088e00000, 0x0000000088e00000|100%|HC|  |TAMS 0x0000000088e00000, 0x0000000088d00000| Complete 
| 110|0x0000000088e00000, 0x0000000088f00000, 0x0000000088f00000|100%|HC|  |TAMS 0x0000000088f00000, 0x0000000088e00000| Complete 
| 111|0x0000000088f00000, 0x0000000089000000, 0x0000000089000000|100%|HC|  |TAMS 0x0000000089000000, 0x0000000088f00000| Complete 
| 112|0x0000000089000000, 0x0000000089100000, 0x0000000089100000|100%|HC|  |TAMS 0x0000000089100000, 0x0000000089000000| Complete 
| 113|0x0000000089100000, 0x0000000089200000, 0x0000000089200000|100%|HC|  |TAMS 0x0000000089200000, 0x0000000089100000| Complete 
| 114|0x0000000089200000, 0x0000000089300000, 0x0000000089300000|100%|HC|  |TAMS 0x0000000089300000, 0x0000000089200000| Complete 
| 115|0x0000000089300000, 0x0000000089400000, 0x0000000089400000|100%|HC|  |TAMS 0x0000000089400000, 0x0000000089300000| Complete 
| 116|0x0000000089400000, 0x0000000089500000, 0x0000000089500000|100%|HC|  |TAMS 0x0000000089500000, 0x0000000089400000| Complete 
| 117|0x0000000089500000, 0x0000000089600000, 0x0000000089600000|100%|HC|  |TAMS 0x0000000089600000, 0x0000000089500000| Complete 
| 118|0x0000000089600000, 0x0000000089700000, 0x0000000089700000|100%|HC|  |TAMS 0x0000000089700000, 0x0000000089600000| Complete 
| 119|0x0000000089700000, 0x0000000089800000, 0x0000000089800000|100%|HC|  |TAMS 0x0000000089800000, 0x0000000089700000| Complete 
| 120|0x0000000089800000, 0x0000000089900000, 0x0000000089900000|100%|HC|  |TAMS 0x0000000089900000, 0x0000000089800000| Complete 
| 121|0x0000000089900000, 0x0000000089a00000, 0x0000000089a00000|100%|HC|  |TAMS 0x0000000089a00000, 0x0000000089900000| Complete 
| 122|0x0000000089a00000, 0x0000000089b00000, 0x0000000089b00000|100%|HC|  |TAMS 0x0000000089b00000, 0x0000000089a00000| Complete 
| 123|0x0000000089b00000, 0x0000000089c00000, 0x0000000089c00000|100%|HC|  |TAMS 0x0000000089c00000, 0x0000000089b00000| Complete 
| 124|0x0000000089c00000, 0x0000000089d00000, 0x0000000089d00000|100%|HC|  |TAMS 0x0000000089d00000, 0x0000000089c00000| Complete 
| 125|0x0000000089d00000, 0x0000000089e00000, 0x0000000089e00000|100%|HC|  |TAMS 0x0000000089e00000, 0x0000000089d00000| Complete 
| 126|0x0000000089e00000, 0x0000000089f00000, 0x0000000089f00000|100%|HC|  |TAMS 0x0000000089f00000, 0x0000000089e00000| Complete 
| 127|0x0000000089f00000, 0x000000008a000000, 0x000000008a000000|100%|HC|  |TAMS 0x000000008a000000, 0x0000000089f00000| Complete 
| 128|0x000000008a000000, 0x000000008a100000, 0x000000008a100000|100%|HC|  |TAMS 0x000000008a100000, 0x000000008a000000| Complete 
| 129|0x000000008a100000, 0x000000008a200000, 0x000000008a200000|100%|HC|  |TAMS 0x000000008a200000, 0x000000008a100000| Complete 
| 130|0x000000008a200000, 0x000000008a300000, 0x000000008a300000|100%|HC|  |TAMS 0x000000008a300000, 0x000000008a200000| Complete 
| 131|0x000000008a300000, 0x000000008a400000, 0x000000008a400000|100%|HC|  |TAMS 0x000000008a400000, 0x000000008a300000| Complete 
| 132|0x000000008a400000, 0x000000008a500000, 0x000000008a500000|100%|HC|  |TAMS 0x000000008a500000, 0x000000008a400000| Complete 
| 133|0x000000008a500000, 0x000000008a600000, 0x000000008a600000|100%|HC|  |TAMS 0x000000008a600000, 0x000000008a500000| Complete 
| 134|0x000000008a600000, 0x000000008a700000, 0x000000008a700000|100%|HC|  |TAMS 0x000000008a700000, 0x000000008a600000| Complete 
| 135|0x000000008a700000, 0x000000008a800000, 0x000000008a800000|100%|HC|  |TAMS 0x000000008a800000, 0x000000008a700000| Complete 
| 136|0x000000008a800000, 0x000000008a900000, 0x000000008a900000|100%|HC|  |TAMS 0x000000008a900000, 0x000000008a800000| Complete 
| 137|0x000000008a900000, 0x000000008aa00000, 0x000000008aa00000|100%|HC|  |TAMS 0x000000008aa00000, 0x000000008a900000| Complete 
| 138|0x000000008aa00000, 0x000000008ab00000, 0x000000008ab00000|100%|HC|  |TAMS 0x000000008ab00000, 0x000000008aa00000| Complete 
| 139|0x000000008ab00000, 0x000000008ac00000, 0x000000008ac00000|100%|HC|  |TAMS 0x000000008ac00000, 0x000000008ab00000| Complete 
| 140|0x000000008ac00000, 0x000000008ad00000, 0x000000008ad00000|100%|HC|  |TAMS 0x000000008ad00000, 0x000000008ac00000| Complete 
| 141|0x000000008ad00000, 0x000000008ae00000, 0x000000008ae00000|100%|HC|  |TAMS 0x000000008ae00000, 0x000000008ad00000| Complete 
| 142|0x000000008ae00000, 0x000000008af00000, 0x000000008af00000|100%|HC|  |TAMS 0x000000008af00000, 0x000000008ae00000| Complete 
| 143|0x000000008af00000, 0x000000008b000000, 0x000000008b000000|100%|HC|  |TAMS 0x000000008b000000, 0x000000008af00000| Complete 
| 144|0x000000008b000000, 0x000000008b100000, 0x000000008b100000|100%|HC|  |TAMS 0x000000008b100000, 0x000000008b000000| Complete 
| 145|0x000000008b100000, 0x000000008b200000, 0x000000008b200000|100%|HC|  |TAMS 0x000000008b200000, 0x000000008b100000| Complete 
| 146|0x000000008b200000, 0x000000008b300000, 0x000000008b300000|100%|HC|  |TAMS 0x000000008b300000, 0x000000008b200000| Complete 
| 147|0x000000008b300000, 0x000000008b400000, 0x000000008b400000|100%|HC|  |TAMS 0x000000008b400000, 0x000000008b300000| Complete 
| 148|0x000000008b400000, 0x000000008b500000, 0x000000008b500000|100%|HC|  |TAMS 0x000000008b500000, 0x000000008b400000| Complete 
| 149|0x000000008b500000, 0x000000008b600000, 0x000000008b600000|100%|HC|  |TAMS 0x000000008b600000, 0x000000008b500000| Complete 
| 150|0x000000008b600000, 0x000000008b700000, 0x000000008b700000|100%|HC|  |TAMS 0x000000008b700000, 0x000000008b600000| Complete 
| 151|0x000000008b700000, 0x000000008b800000, 0x000000008b800000|100%|HC|  |TAMS 0x000000008b800000, 0x000000008b700000| Complete 
| 152|0x000000008b800000, 0x000000008b900000, 0x000000008b900000|100%|HC|  |TAMS 0x000000008b900000, 0x000000008b800000| Complete 
| 153|0x000000008b900000, 0x000000008ba00000, 0x000000008ba00000|100%|HC|  |TAMS 0x000000008ba00000, 0x000000008b900000| Complete 
| 154|0x000000008ba00000, 0x000000008bb00000, 0x000000008bb00000|100%|HC|  |TAMS 0x000000008bb00000, 0x000000008ba00000| Complete 
| 155|0x000000008bb00000, 0x000000008bc00000, 0x000000008bc00000|100%|HC|  |TAMS 0x000000008bc00000, 0x000000008bb00000| Complete 
| 156|0x000000008bc00000, 0x000000008bd00000, 0x000000008bd00000|100%|HC|  |TAMS 0x000000008bd00000, 0x000000008bc00000| Complete 
| 157|0x000000008bd00000, 0x000000008bd00000, 0x000000008be00000|  0%| F|  |TAMS 0x000000008bd00000, 0x000000008bd00000| Untracked 
| 158|0x000000008be00000, 0x000000008be00000, 0x000000008bf00000|  0%| F|  |TAMS 0x000000008be00000, 0x000000008be00000| Untracked 
| 159|0x000000008bf00000, 0x000000008bf00000, 0x000000008c000000|  0%| F|  |TAMS 0x000000008bf00000, 0x000000008bf00000| Untracked 
| 160|0x000000008c000000, 0x000000008c000000, 0x000000008c100000|  0%| F|  |TAMS 0x000000008c000000, 0x000000008c000000| Untracked 
| 161|0x000000008c100000, 0x000000008c100000, 0x000000008c200000|  0%| F|  |TAMS 0x000000008c100000, 0x000000008c100000| Untracked 
| 162|0x000000008c200000, 0x000000008c200000, 0x000000008c300000|  0%| F|  |TAMS 0x000000008c200000, 0x000000008c200000| Untracked 
| 163|0x000000008c300000, 0x000000008c300000, 0x000000008c400000|  0%| F|  |TAMS 0x000000008c300000, 0x000000008c300000| Untracked 
| 164|0x000000008c400000, 0x000000008c400000, 0x000000008c500000|  0%| F|  |TAMS 0x000000008c400000, 0x000000008c400000| Untracked 
| 165|0x000000008c500000, 0x000000008c500000, 0x000000008c600000|  0%| F|  |TAMS 0x000000008c500000, 0x000000008c500000| Untracked 
| 166|0x000000008c600000, 0x000000008c600000, 0x000000008c700000|  0%| F|  |TAMS 0x000000008c600000, 0x000000008c600000| Untracked 
| 167|0x000000008c700000, 0x000000008c700000, 0x000000008c800000|  0%| F|  |TAMS 0x000000008c700000, 0x000000008c700000| Untracked 
| 168|0x000000008c800000, 0x000000008c800000, 0x000000008c900000|  0%| F|  |TAMS 0x000000008c800000, 0x000000008c800000| Untracked 
| 169|0x000000008c900000, 0x000000008c900000, 0x000000008ca00000|  0%| F|  |TAMS 0x000000008c900000, 0x000000008c900000| Untracked 
| 170|0x000000008ca00000, 0x000000008ca00000, 0x000000008cb00000|  0%| F|  |TAMS 0x000000008ca00000, 0x000000008ca00000| Untracked 
| 171|0x000000008cb00000, 0x000000008cb00000, 0x000000008cc00000|  0%| F|  |TAMS 0x000000008cb00000, 0x000000008cb00000| Untracked 
| 172|0x000000008cc00000, 0x000000008cc00000, 0x000000008cd00000|  0%| F|  |TAMS 0x000000008cc00000, 0x000000008cc00000| Untracked 
| 173|0x000000008cd00000, 0x000000008cd00000, 0x000000008ce00000|  0%| F|  |TAMS 0x000000008cd00000, 0x000000008cd00000| Untracked 
| 174|0x000000008ce00000, 0x000000008ce00000, 0x000000008cf00000|  0%| F|  |TAMS 0x000000008ce00000, 0x000000008ce00000| Untracked 
| 175|0x000000008cf00000, 0x000000008cf00000, 0x000000008d000000|  0%| F|  |TAMS 0x000000008cf00000, 0x000000008cf00000| Untracked 
| 176|0x000000008d000000, 0x000000008d000000, 0x000000008d100000|  0%| F|  |TAMS 0x000000008d000000, 0x000000008d000000| Untracked 
| 177|0x000000008d100000, 0x000000008d100000, 0x000000008d200000|  0%| F|  |TAMS 0x000000008d100000, 0x000000008d100000| Untracked 
| 178|0x000000008d200000, 0x000000008d200000, 0x000000008d300000|  0%| F|  |TAMS 0x000000008d200000, 0x000000008d200000| Untracked 
| 179|0x000000008d300000, 0x000000008d300000, 0x000000008d400000|  0%| F|  |TAMS 0x000000008d300000, 0x000000008d300000| Untracked 
| 180|0x000000008d400000, 0x000000008d400000, 0x000000008d500000|  0%| F|  |TAMS 0x000000008d400000, 0x000000008d400000| Untracked 
| 181|0x000000008d500000, 0x000000008d500000, 0x000000008d600000|  0%| F|  |TAMS 0x000000008d500000, 0x000000008d500000| Untracked 
| 182|0x000000008d600000, 0x000000008d600000, 0x000000008d700000|  0%| F|  |TAMS 0x000000008d600000, 0x000000008d600000| Untracked 
| 183|0x000000008d700000, 0x000000008d700000, 0x000000008d800000|  0%| F|  |TAMS 0x000000008d700000, 0x000000008d700000| Untracked 
| 184|0x000000008d800000, 0x000000008d800000, 0x000000008d900000|  0%| F|  |TAMS 0x000000008d800000, 0x000000008d800000| Untracked 
| 185|0x000000008d900000, 0x000000008da00000, 0x000000008da00000|100%|HS|  |TAMS 0x000000008da00000, 0x000000008d900000| Complete 
| 186|0x000000008da00000, 0x000000008db00000, 0x000000008db00000|100%|HC|  |TAMS 0x000000008db00000, 0x000000008da00000| Complete 
| 187|0x000000008db00000, 0x000000008dc00000, 0x000000008dc00000|100%|HC|  |TAMS 0x000000008dc00000, 0x000000008db00000| Complete 
| 188|0x000000008dc00000, 0x000000008dd00000, 0x000000008dd00000|100%|HC|  |TAMS 0x000000008dd00000, 0x000000008dc00000| Complete 
| 189|0x000000008dd00000, 0x000000008de00000, 0x000000008de00000|100%|HC|  |TAMS 0x000000008de00000, 0x000000008dd00000| Complete 
| 190|0x000000008de00000, 0x000000008df00000, 0x000000008df00000|100%|HC|  |TAMS 0x000000008df00000, 0x000000008de00000| Complete 
| 191|0x000000008df00000, 0x000000008e000000, 0x000000008e000000|100%|HC|  |TAMS 0x000000008e000000, 0x000000008df00000| Complete 
| 192|0x000000008e000000, 0x000000008e100000, 0x000000008e100000|100%|HC|  |TAMS 0x000000008e100000, 0x000000008e000000| Complete 
| 193|0x000000008e100000, 0x000000008e200000, 0x000000008e200000|100%|HC|  |TAMS 0x000000008e200000, 0x000000008e100000| Complete 
| 194|0x000000008e200000, 0x000000008e300000, 0x000000008e300000|100%|HC|  |TAMS 0x000000008e300000, 0x000000008e200000| Complete 
| 195|0x000000008e300000, 0x000000008e400000, 0x000000008e400000|100%|HC|  |TAMS 0x000000008e400000, 0x000000008e300000| Complete 
| 196|0x000000008e400000, 0x000000008e500000, 0x000000008e500000|100%|HC|  |TAMS 0x000000008e500000, 0x000000008e400000| Complete 
| 197|0x000000008e500000, 0x000000008e600000, 0x000000008e600000|100%|HC|  |TAMS 0x000000008e600000, 0x000000008e500000| Complete 
| 198|0x000000008e600000, 0x000000008e700000, 0x000000008e700000|100%|HC|  |TAMS 0x000000008e700000, 0x000000008e600000| Complete 
| 199|0x000000008e700000, 0x000000008e800000, 0x000000008e800000|100%|HC|  |TAMS 0x000000008e800000, 0x000000008e700000| Complete 
| 200|0x000000008e800000, 0x000000008e900000, 0x000000008e900000|100%|HC|  |TAMS 0x000000008e900000, 0x000000008e800000| Complete 
| 201|0x000000008e900000, 0x000000008ea00000, 0x000000008ea00000|100%|HC|  |TAMS 0x000000008ea00000, 0x000000008e900000| Complete 
| 202|0x000000008ea00000, 0x000000008eb00000, 0x000000008eb00000|100%|HC|  |TAMS 0x000000008eb00000, 0x000000008ea00000| Complete 
| 203|0x000000008eb00000, 0x000000008ec00000, 0x000000008ec00000|100%|HC|  |TAMS 0x000000008ec00000, 0x000000008eb00000| Complete 
| 204|0x000000008ec00000, 0x000000008ed00000, 0x000000008ed00000|100%|HC|  |TAMS 0x000000008ed00000, 0x000000008ec00000| Complete 
| 205|0x000000008ed00000, 0x000000008ee00000, 0x000000008ee00000|100%|HC|  |TAMS 0x000000008ee00000, 0x000000008ed00000| Complete 
| 206|0x000000008ee00000, 0x000000008ef00000, 0x000000008ef00000|100%|HC|  |TAMS 0x000000008ef00000, 0x000000008ee00000| Complete 
| 207|0x000000008ef00000, 0x000000008f000000, 0x000000008f000000|100%|HC|  |TAMS 0x000000008f000000, 0x000000008ef00000| Complete 
| 208|0x000000008f000000, 0x000000008f100000, 0x000000008f100000|100%|HC|  |TAMS 0x000000008f100000, 0x000000008f000000| Complete 
| 209|0x000000008f100000, 0x000000008f200000, 0x000000008f200000|100%|HC|  |TAMS 0x000000008f200000, 0x000000008f100000| Complete 
| 210|0x000000008f200000, 0x000000008f300000, 0x000000008f300000|100%|HC|  |TAMS 0x000000008f300000, 0x000000008f200000| Complete 
| 211|0x000000008f300000, 0x000000008f400000, 0x000000008f400000|100%|HC|  |TAMS 0x000000008f400000, 0x000000008f300000| Complete 
| 212|0x000000008f400000, 0x000000008f500000, 0x000000008f500000|100%|HC|  |TAMS 0x000000008f500000, 0x000000008f400000| Complete 
| 213|0x000000008f500000, 0x000000008f600000, 0x000000008f600000|100%|HC|  |TAMS 0x000000008f600000, 0x000000008f500000| Complete 
| 214|0x000000008f600000, 0x000000008f700000, 0x000000008f700000|100%|HC|  |TAMS 0x000000008f700000, 0x000000008f600000| Complete 
| 215|0x000000008f700000, 0x000000008f800000, 0x000000008f800000|100%|HC|  |TAMS 0x000000008f800000, 0x000000008f700000| Complete 
| 216|0x000000008f800000, 0x000000008f900000, 0x000000008f900000|100%|HC|  |TAMS 0x000000008f900000, 0x000000008f800000| Complete 
| 217|0x000000008f900000, 0x000000008fa00000, 0x000000008fa00000|100%|HC|  |TAMS 0x000000008fa00000, 0x000000008f900000| Complete 
| 218|0x000000008fa00000, 0x000000008fb00000, 0x000000008fb00000|100%|HC|  |TAMS 0x000000008fb00000, 0x000000008fa00000| Complete 
| 219|0x000000008fb00000, 0x000000008fc00000, 0x000000008fc00000|100%|HC|  |TAMS 0x000000008fc00000, 0x000000008fb00000| Complete 
| 220|0x000000008fc00000, 0x000000008fd00000, 0x000000008fd00000|100%|HC|  |TAMS 0x000000008fd00000, 0x000000008fc00000| Complete 
| 221|0x000000008fd00000, 0x000000008fe00000, 0x000000008fe00000|100%|HC|  |TAMS 0x000000008fe00000, 0x000000008fd00000| Complete 
| 222|0x000000008fe00000, 0x000000008ff00000, 0x000000008ff00000|100%|HC|  |TAMS 0x000000008ff00000, 0x000000008fe00000| Complete 
| 223|0x000000008ff00000, 0x0000000090000000, 0x0000000090000000|100%|HC|  |TAMS 0x0000000090000000, 0x000000008ff00000| Complete 
| 224|0x0000000090000000, 0x0000000090100000, 0x0000000090100000|100%|HC|  |TAMS 0x0000000090100000, 0x0000000090000000| Complete 
| 225|0x0000000090100000, 0x0000000090200000, 0x0000000090200000|100%|HC|  |TAMS 0x0000000090200000, 0x0000000090100000| Complete 
| 226|0x0000000090200000, 0x0000000090300000, 0x0000000090300000|100%|HC|  |TAMS 0x0000000090300000, 0x0000000090200000| Complete 
| 227|0x0000000090300000, 0x0000000090400000, 0x0000000090400000|100%|HC|  |TAMS 0x0000000090400000, 0x0000000090300000| Complete 
| 228|0x0000000090400000, 0x0000000090500000, 0x0000000090500000|100%|HC|  |TAMS 0x0000000090500000, 0x0000000090400000| Complete 
| 229|0x0000000090500000, 0x0000000090600000, 0x0000000090600000|100%|HC|  |TAMS 0x0000000090600000, 0x0000000090500000| Complete 
| 230|0x0000000090600000, 0x0000000090700000, 0x0000000090700000|100%|HC|  |TAMS 0x0000000090700000, 0x0000000090600000| Complete 
| 231|0x0000000090700000, 0x0000000090800000, 0x0000000090800000|100%|HC|  |TAMS 0x0000000090800000, 0x0000000090700000| Complete 
| 232|0x0000000090800000, 0x0000000090900000, 0x0000000090900000|100%|HC|  |TAMS 0x0000000090900000, 0x0000000090800000| Complete 
| 233|0x0000000090900000, 0x0000000090a00000, 0x0000000090a00000|100%|HC|  |TAMS 0x0000000090a00000, 0x0000000090900000| Complete 
| 234|0x0000000090a00000, 0x0000000090b00000, 0x0000000090b00000|100%|HC|  |TAMS 0x0000000090b00000, 0x0000000090a00000| Complete 
| 235|0x0000000090b00000, 0x0000000090c00000, 0x0000000090c00000|100%|HC|  |TAMS 0x0000000090c00000, 0x0000000090b00000| Complete 
| 236|0x0000000090c00000, 0x0000000090d00000, 0x0000000090d00000|100%|HC|  |TAMS 0x0000000090d00000, 0x0000000090c00000| Complete 
| 237|0x0000000090d00000, 0x0000000090e00000, 0x0000000090e00000|100%|HC|  |TAMS 0x0000000090e00000, 0x0000000090d00000| Complete 
| 238|0x0000000090e00000, 0x0000000090f00000, 0x0000000090f00000|100%|HC|  |TAMS 0x0000000090f00000, 0x0000000090e00000| Complete 
| 239|0x0000000090f00000, 0x0000000091000000, 0x0000000091000000|100%|HC|  |TAMS 0x0000000091000000, 0x0000000090f00000| Complete 
| 240|0x0000000091000000, 0x0000000091100000, 0x0000000091100000|100%|HC|  |TAMS 0x0000000091100000, 0x0000000091000000| Complete 
| 241|0x0000000091100000, 0x0000000091200000, 0x0000000091200000|100%|HC|  |TAMS 0x0000000091200000, 0x0000000091100000| Complete 
| 242|0x0000000091200000, 0x0000000091300000, 0x0000000091300000|100%|HC|  |TAMS 0x0000000091300000, 0x0000000091200000| Complete 
| 243|0x0000000091300000, 0x0000000091400000, 0x0000000091400000|100%|HC|  |TAMS 0x0000000091400000, 0x0000000091300000| Complete 
| 244|0x0000000091400000, 0x0000000091500000, 0x0000000091500000|100%|HC|  |TAMS 0x0000000091500000, 0x0000000091400000| Complete 
| 245|0x0000000091500000, 0x0000000091600000, 0x0000000091600000|100%|HC|  |TAMS 0x0000000091600000, 0x0000000091500000| Complete 
| 246|0x0000000091600000, 0x0000000091700000, 0x0000000091700000|100%|HC|  |TAMS 0x0000000091700000, 0x0000000091600000| Complete 
| 247|0x0000000091700000, 0x0000000091800000, 0x0000000091800000|100%|HC|  |TAMS 0x0000000091800000, 0x0000000091700000| Complete 
| 248|0x0000000091800000, 0x0000000091900000, 0x0000000091900000|100%|HC|  |TAMS 0x0000000091900000, 0x0000000091800000| Complete 
| 249|0x0000000091900000, 0x0000000091a00000, 0x0000000091a00000|100%|HC|  |TAMS 0x0000000091a00000, 0x0000000091900000| Complete 
| 250|0x0000000091a00000, 0x0000000091b00000, 0x0000000091b00000|100%|HC|  |TAMS 0x0000000091b00000, 0x0000000091a00000| Complete 
| 251|0x0000000091b00000, 0x0000000091c00000, 0x0000000091c00000|100%|HC|  |TAMS 0x0000000091c00000, 0x0000000091b00000| Complete 
| 252|0x0000000091c00000, 0x0000000091d00000, 0x0000000091d00000|100%|HC|  |TAMS 0x0000000091d00000, 0x0000000091c00000| Complete 
| 253|0x0000000091d00000, 0x0000000091e00000, 0x0000000091e00000|100%|HC|  |TAMS 0x0000000091e00000, 0x0000000091d00000| Complete 
| 254|0x0000000091e00000, 0x0000000091e00000, 0x0000000091f00000|  0%| F|  |TAMS 0x0000000091e00000, 0x0000000091e00000| Untracked 
| 255|0x0000000091f00000, 0x0000000091f00000, 0x0000000092000000|  0%| F|  |TAMS 0x0000000091f00000, 0x0000000091f00000| Untracked 
| 256|0x0000000092000000, 0x0000000092035e88, 0x0000000092100000| 21%| E|  |TAMS 0x0000000092000000, 0x0000000092000000| Complete 
| 257|0x0000000092100000, 0x0000000092200000, 0x0000000092200000|100%| E|CS|TAMS 0x0000000092100000, 0x0000000092100000| Complete 
| 258|0x0000000092200000, 0x0000000092300000, 0x0000000092300000|100%| E|CS|TAMS 0x0000000092200000, 0x0000000092200000| Complete 
| 259|0x0000000092300000, 0x0000000092400000, 0x0000000092400000|100%| E|CS|TAMS 0x0000000092300000, 0x0000000092300000| Complete 
| 260|0x0000000092400000, 0x0000000092500000, 0x0000000092500000|100%| E|CS|TAMS 0x0000000092400000, 0x0000000092400000| Complete 
| 261|0x0000000092500000, 0x0000000092600000, 0x0000000092600000|100%| E|CS|TAMS 0x0000000092500000, 0x0000000092500000| Complete 
| 262|0x0000000092600000, 0x0000000092700000, 0x0000000092700000|100%| E|CS|TAMS 0x0000000092600000, 0x0000000092600000| Complete 
| 263|0x0000000092700000, 0x0000000092800000, 0x0000000092800000|100%| E|CS|TAMS 0x0000000092700000, 0x0000000092700000| Complete 
| 264|0x0000000092800000, 0x0000000092900000, 0x0000000092900000|100%| E|CS|TAMS 0x0000000092800000, 0x0000000092800000| Complete 
| 265|0x0000000092900000, 0x0000000092a00000, 0x0000000092a00000|100%| E|CS|TAMS 0x0000000092900000, 0x0000000092900000| Complete 
| 266|0x0000000092a00000, 0x0000000092b00000, 0x0000000092b00000|100%| E|CS|TAMS 0x0000000092a00000, 0x0000000092a00000| Complete 
| 267|0x0000000092b00000, 0x0000000092c00000, 0x0000000092c00000|100%| E|CS|TAMS 0x0000000092b00000, 0x0000000092b00000| Complete 
| 268|0x0000000092c00000, 0x0000000092d00000, 0x0000000092d00000|100%| E|CS|TAMS 0x0000000092c00000, 0x0000000092c00000| Complete 
| 269|0x0000000092d00000, 0x0000000092e00000, 0x0000000092e00000|100%| E|CS|TAMS 0x0000000092d00000, 0x0000000092d00000| Complete 
| 270|0x0000000092e00000, 0x0000000092f00000, 0x0000000092f00000|100%| E|CS|TAMS 0x0000000092e00000, 0x0000000092e00000| Complete 
| 271|0x0000000092f00000, 0x0000000093000000, 0x0000000093000000|100%| E|CS|TAMS 0x0000000092f00000, 0x0000000092f00000| Complete 

Card table byte_map: [0x0000019d6fbc0000,0x0000019d6ffb0000] _byte_map_base: 0x0000019d6f7b0000

Marking Bits (Prev, Next): (CMBitMap*) 0x0000019d58ef10a0, (CMBitMap*) 0x0000019d58ef1060
 Prev Bits: [0x0000019d72320000, 0x0000019d742a0000)
 Next Bits: [0x0000019d703a0000, 0x0000019d72320000)

Polling page: 0x0000019d56e70000

Metaspace:

Usage:
  Non-class:     23.47 MB used.
      Class:      3.49 MB used.
       Both:     26.96 MB used.

Virtual space:
  Non-class space:       64.00 MB reserved,      23.69 MB ( 37%) committed,  1 nodes.
      Class space:        1.00 GB reserved,       3.69 MB ( <1%) committed,  1 nodes.
             Both:        1.06 GB reserved,      27.38 MB (  3%) committed. 

Chunk freelists:
   Non-Class:  3.72 MB
       Class:  172.00 KB
        Both:  3.89 MB

MaxMetaspaceSize: unlimited
CompressedClassSpaceSize: 1.00 GB
Initial GC threshold: 21.00 MB
Current GC threshold: 44.94 MB
CDS: on
MetaspaceReclaimPolicy: balanced
 - commit_granule_bytes: 65536.
 - commit_granule_words: 8192.
 - virtual_space_node_default_size: 8388608.
 - enlarge_chunks_in_place: 1.
 - new_chunks_are_fully_committed: 0.
 - uncommit_free_chunks: 1.
 - use_allocation_guard: 0.


Internal statistics:

num_allocs_failed_limit: 0.
num_arena_births: 412.
num_arena_deaths: 0.
num_vsnodes_births: 2.
num_vsnodes_deaths: 0.
num_space_committed: 438.
num_space_uncommitted: 0.
num_chunks_returned_to_freelist: 0.
num_chunks_taken_from_freelist: 1184.
num_chunk_merges: 0.
num_chunk_splits: 826.
num_chunks_enlarged: 635.
num_inconsistent_stats: 0.

CodeHeap 'non-profiled nmethods': size=120000Kb used=2240Kb max_used=2240Kb free=117760Kb
 bounds [0x0000019d682a0000, 0x0000019d68510000, 0x0000019d6f7d0000]
CodeHeap 'profiled nmethods': size=120000Kb used=11417Kb max_used=11417Kb free=108582Kb
 bounds [0x0000019d60d70000, 0x0000019d618a0000, 0x0000019d682a0000]
CodeHeap 'non-nmethods': size=5760Kb used=1547Kb max_used=1608Kb free=4212Kb
 bounds [0x0000019d607d0000, 0x0000019d60a40000, 0x0000019d60d70000]
 total_blobs=6273 nmethods=5358 adapters=824
 compilation: enabled
              stopped_count=0, restarted_count=0
 full_count=0

Compilation events (20 events):
Event: 63.768 Thread 0x0000019d76720e40 nmethod 5353 0x0000019d61892f90 code [0x0000019d618931a0, 0x0000019d61893a58]
Event: 63.976 Thread 0x0000019d76720e40 5354       3       com.sun.glass.ui.View::checkNotClosed (20 bytes)
Event: 63.978 Thread 0x0000019d76720e40 nmethod 5354 0x0000019d61893c90 code [0x0000019d61893e40, 0x0000019d61894068]
Event: 63.978 Thread 0x0000019d76720e40 5355       3       com.sun.javafx.sg.prism.NGNode::checkBoundsInQuad (266 bytes)
Event: 63.983 Thread 0x0000019d76720e40 nmethod 5355 0x0000019d61894110 code [0x0000019d61894400, 0x0000019d61895218]
Event: 63.983 Thread 0x0000019d76720e40 5358       3       java.util.ArrayList::equalsRange (85 bytes)
Event: 63.987 Thread 0x0000019d76720e40 nmethod 5358 0x0000019d61895710 code [0x0000019d61895940, 0x0000019d61896278]
Event: 63.987 Thread 0x0000019d76720e40 5356       1       com.sun.javafx.tk.quantum.GlassScene::getDepthBuffer (5 bytes)
Event: 63.988 Thread 0x0000019d76720e40 nmethod 5356 0x0000019d684cda10 code [0x0000019d684cdba0, 0x0000019d684cdc78]
Event: 63.988 Thread 0x0000019d76720e40 5357       1       com.sun.javafx.tk.quantum.SceneState::getCamera (5 bytes)
Event: 63.989 Thread 0x0000019d76720e40 nmethod 5357 0x0000019d684cdd10 code [0x0000019d684cdea0, 0x0000019d684cdf78]
Event: 64.294 Thread 0x0000019d76720e40 5359       1       javafx.scene.control.SkinBase::computeMaxWidth (4 bytes)
Event: 64.294 Thread 0x0000019d76720e40 nmethod 5359 0x0000019d684ce010 code [0x0000019d684ce1c0, 0x0000019d684ce298]
Event: 64.296 Thread 0x0000019d7671abc0 5360       4       com.sun.prism.impl.BaseResourcePool$WeakLinkedList::getResource (11 bytes)
Event: 64.300 Thread 0x0000019d7671abc0 nmethod 5360 0x0000019d684ce310 code [0x0000019d684ce480, 0x0000019d684ce578]
Event: 72.052 Thread 0x0000019d7671abc0 5361   !   4       java.util.concurrent.LinkedBlockingDeque::offerLast (53 bytes)
Event: 72.078 Thread 0x0000019d7671abc0 nmethod 5361 0x0000019d684ce690 code [0x0000019d684ce860, 0x0000019d684cf718]
Event: 72.078 Thread 0x0000019d7671abc0 5362       4       com.sun.glass.ui.win.WinApplication::submitForLaterInvocation (6 bytes)
Event: 72.078 Thread 0x0000019d7671abc0 nmethod 5362 0x0000019d684cfd10 code [0x0000019d684cfea0, 0x0000019d684cff48]
Event: 74.835 Thread 0x0000019d7671abc0 5363   !   4       java.util.concurrent.LinkedBlockingDeque::takeFirst (47 bytes)

GC Heap History (18 events):
Event: 0.776 GC heap before
{Heap before GC invocations=0 (full 0):
 garbage-first heap   total 129024K, used 12288K [0x0000000082000000, 0x0000000100000000)
  region size 1024K, 13 young (13312K), 0 survivors (0K)
 Metaspace       used 2323K, committed 2496K, reserved 1114112K
  class space    used 234K, committed 320K, reserved 1048576K
}
Event: 0.779 GC heap after
{Heap after GC invocations=1 (full 0):
 garbage-first heap   total 129024K, used 2021K [0x0000000082000000, 0x0000000100000000)
  region size 1024K, 2 young (2048K), 2 survivors (2048K)
 Metaspace       used 2323K, committed 2496K, reserved 1114112K
  class space    used 234K, committed 320K, reserved 1048576K
}
Event: 1.363 GC heap before
{Heap before GC invocations=1 (full 0):
 garbage-first heap   total 129024K, used 24549K [0x0000000082000000, 0x0000000100000000)
  region size 1024K, 19 young (19456K), 2 survivors (2048K)
 Metaspace       used 8122K, committed 8320K, reserved 1114112K
  class space    used 992K, committed 1088K, reserved 1048576K
}
Event: 1.368 GC heap after
{Heap after GC invocations=2 (full 0):
 garbage-first heap   total 129024K, used 10984K [0x0000000082000000, 0x0000000100000000)
  region size 1024K, 3 young (3072K), 3 survivors (3072K)
 Metaspace       used 8122K, committed 8320K, reserved 1114112K
  class space    used 992K, committed 1088K, reserved 1048576K
}
Event: 9.545 GC heap before
{Heap before GC invocations=2 (full 0):
 garbage-first heap   total 129024K, used 69352K [0x0000000082000000, 0x0000000100000000)
  region size 1024K, 38 young (38912K), 3 survivors (3072K)
 Metaspace       used 21098K, committed 21376K, reserved 1114112K
  class space    used 2628K, committed 2752K, reserved 1048576K
}
Event: 9.555 GC heap after
{Heap after GC invocations=3 (full 0):
 garbage-first heap   total 129024K, used 37543K [0x0000000082000000, 0x0000000100000000)
  region size 1024K, 8 young (8192K), 8 survivors (8192K)
 Metaspace       used 21098K, committed 21376K, reserved 1114112K
  class space    used 2628K, committed 2752K, reserved 1048576K
}
Event: 9.795 GC heap before
{Heap before GC invocations=3 (full 0):
 garbage-first heap   total 160768K, used 109223K [0x0000000082000000, 0x0000000100000000)
  region size 1024K, 10 young (10240K), 8 survivors (8192K)
 Metaspace       used 21201K, committed 21504K, reserved 1114112K
  class space    used 2644K, committed 2752K, reserved 1048576K
}
Event: 9.802 GC heap after
{Heap after GC invocations=4 (full 0):
 garbage-first heap   total 160768K, used 109229K [0x0000000082000000, 0x0000000100000000)
  region size 1024K, 2 young (2048K), 2 survivors (2048K)
 Metaspace       used 21201K, committed 21504K, reserved 1114112K
  class space    used 2644K, committed 2752K, reserved 1048576K
}
Event: 10.382 GC heap before
{Heap before GC invocations=5 (full 0):
 garbage-first heap   total 189440K, used 129709K [0x0000000082000000, 0x0000000100000000)
  region size 1024K, 21 young (21504K), 2 survivors (2048K)
 Metaspace       used 24755K, committed 25088K, reserved 1114112K
  class space    used 3360K, committed 3520K, reserved 1048576K
}
Event: 10.387 GC heap after
{Heap after GC invocations=6 (full 0):
 garbage-first heap   total 189440K, used 113664K [0x0000000082000000, 0x0000000100000000)
  region size 1024K, 3 young (3072K), 3 survivors (3072K)
 Metaspace       used 24755K, committed 25088K, reserved 1114112K
  class space    used 3360K, committed 3520K, reserved 1048576K
}
Event: 16.213 GC heap before
{Heap before GC invocations=7 (full 0):
 garbage-first heap   total 189440K, used 122880K [0x0000000082000000, 0x0000000100000000)
  region size 1024K, 37 young (37888K), 3 survivors (3072K)
 Metaspace       used 26422K, committed 26816K, reserved 1114112K
  class space    used 3554K, committed 3776K, reserved 1048576K
}
Event: 16.227 GC heap after
{Heap after GC invocations=8 (full 0):
 garbage-first heap   total 189440K, used 89560K [0x0000000082000000, 0x0000000100000000)
  region size 1024K, 2 young (2048K), 2 survivors (2048K)
 Metaspace       used 26422K, committed 26816K, reserved 1114112K
  class space    used 3554K, committed 3776K, reserved 1048576K
}
Event: 26.656 GC heap before
{Heap before GC invocations=8 (full 0):
 garbage-first heap   total 260096K, used 198104K [0x0000000082000000, 0x0000000100000000)
  region size 1024K, 9 young (9216K), 2 survivors (2048K)
 Metaspace       used 26884K, committed 27328K, reserved 1114112K
  class space    used 3560K, committed 3776K, reserved 1048576K
}
Event: 26.661 GC heap after
{Heap after GC invocations=9 (full 0):
 garbage-first heap   total 260096K, used 191834K [0x0000000082000000, 0x0000000100000000)
  region size 1024K, 2 young (2048K), 2 survivors (2048K)
 Metaspace       used 26884K, committed 27328K, reserved 1114112K
  class space    used 3560K, committed 3776K, reserved 1048576K
}
Event: 37.126 GC heap before
{Heap before GC invocations=9 (full 0):
 garbage-first heap   total 260096K, used 219482K [0x0000000082000000, 0x0000000100000000)
  region size 1024K, 29 young (29696K), 2 survivors (2048K)
 Metaspace       used 27205K, committed 27584K, reserved 1114112K
  class space    used 3560K, committed 3776K, reserved 1048576K
}
Event: 37.134 GC heap after
{Heap after GC invocations=10 (full 0):
 garbage-first heap   total 260096K, used 164710K [0x0000000082000000, 0x0000000100000000)
  region size 1024K, 3 young (3072K), 3 survivors (3072K)
 Metaspace       used 27205K, committed 27584K, reserved 1114112K
  class space    used 3560K, committed 3776K, reserved 1048576K
}
Event: 58.637 GC heap before
{Heap before GC invocations=11 (full 0):
 garbage-first heap   total 278528K, used 212838K [0x0000000082000000, 0x0000000100000000)
  region size 1024K, 50 young (51200K), 3 survivors (3072K)
 Metaspace       used 27463K, committed 27840K, reserved 1114112K
  class space    used 3561K, committed 3776K, reserved 1048576K
}
Event: 58.641 GC heap after
{Heap after GC invocations=12 (full 0):
 garbage-first heap   total 278528K, used 164861K [0x0000000082000000, 0x0000000100000000)
  region size 1024K, 3 young (3072K), 3 survivors (3072K)
 Metaspace       used 27463K, committed 27840K, reserved 1114112K
  class space    used 3561K, committed 3776K, reserved 1048576K
}

Deoptimization events (20 events):
Event: 63.290 Thread 0x0000019d7b214060 DEOPT PACKING pc=0x0000019d618744da sp=0x0000004755afce50
Event: 63.290 Thread 0x0000019d7b214060 DEOPT UNPACKING pc=0x0000019d60822b43 sp=0x0000004755afc288 mode 0
Event: 63.309 Thread 0x0000019d7b214060 DEOPT PACKING pc=0x0000019d618744da sp=0x0000004755afce50
Event: 63.309 Thread 0x0000019d7b214060 DEOPT UNPACKING pc=0x0000019d60822b43 sp=0x0000004755afc288 mode 0
Event: 63.311 Thread 0x0000019d7b214060 DEOPT PACKING pc=0x0000019d618744da sp=0x0000004755afce50
Event: 63.311 Thread 0x0000019d7b214060 DEOPT UNPACKING pc=0x0000019d60822b43 sp=0x0000004755afc288 mode 0
Event: 63.313 Thread 0x0000019d7b214060 DEOPT PACKING pc=0x0000019d618744da sp=0x0000004755afce50
Event: 63.313 Thread 0x0000019d7b214060 DEOPT UNPACKING pc=0x0000019d60822b43 sp=0x0000004755afc288 mode 0
Event: 63.495 Thread 0x0000019d7b214060 DEOPT PACKING pc=0x0000019d618749e9 sp=0x0000004755afce50
Event: 63.495 Thread 0x0000019d7b214060 DEOPT UNPACKING pc=0x0000019d60822b43 sp=0x0000004755afc288 mode 0
Event: 63.500 Thread 0x0000019d7b214060 DEOPT PACKING pc=0x0000019d618744da sp=0x0000004755afce50
Event: 63.500 Thread 0x0000019d7b214060 DEOPT UNPACKING pc=0x0000019d60822b43 sp=0x0000004755afc288 mode 0
Event: 63.501 Thread 0x0000019d7b214060 DEOPT PACKING pc=0x0000019d618744da sp=0x0000004755afce50
Event: 63.501 Thread 0x0000019d7b214060 DEOPT UNPACKING pc=0x0000019d60822b43 sp=0x0000004755afc288 mode 0
Event: 63.507 Thread 0x0000019d7b214060 DEOPT PACKING pc=0x0000019d618744da sp=0x0000004755afce50
Event: 63.507 Thread 0x0000019d7b214060 DEOPT UNPACKING pc=0x0000019d60822b43 sp=0x0000004755afc288 mode 0
Event: 63.508 Thread 0x0000019d7b214060 DEOPT PACKING pc=0x0000019d618744da sp=0x0000004755afce50
Event: 63.508 Thread 0x0000019d7b214060 DEOPT UNPACKING pc=0x0000019d60822b43 sp=0x0000004755afc288 mode 0
Event: 63.510 Thread 0x0000019d7b214060 DEOPT PACKING pc=0x0000019d618744da sp=0x0000004755afce50
Event: 63.510 Thread 0x0000019d7b214060 DEOPT UNPACKING pc=0x0000019d60822b43 sp=0x0000004755afc288 mode 0

Classes loaded (20 events):
Event: 13.707 Loading class java/util/TimerThread
Event: 13.707 Loading class java/util/TimerThread done
Event: 13.708 Loading class java/util/Timer$ThreadReaper
Event: 13.708 Loading class java/util/Timer$ThreadReaper done
Event: 58.643 Loading class java/util/Spliterators$IntArraySpliterator
Event: 58.643 Loading class java/util/Spliterators$IntArraySpliterator done
Event: 58.644 Loading class java/util/stream/ReduceOps$9
Event: 58.644 Loading class java/util/stream/ReduceOps$9 done
Event: 58.644 Loading class java/util/stream/ReduceOps$CountingSink$OfInt
Event: 58.644 Loading class java/util/stream/ReduceOps$CountingSink
Event: 58.645 Loading class java/util/stream/ReduceOps$CountingSink done
Event: 58.645 Loading class java/util/stream/ReduceOps$CountingSink$OfInt done
Event: 58.646 Loading class java/util/stream/Nodes$IntSpinedNodeBuilder
Event: 58.646 Loading class java/util/stream/Node$Builder$OfInt
Event: 58.646 Loading class java/util/stream/Node$Builder$OfInt done
Event: 58.646 Loading class java/util/stream/SpinedBuffer$OfInt
Event: 58.647 Loading class java/util/stream/SpinedBuffer$OfPrimitive
Event: 58.647 Loading class java/util/stream/SpinedBuffer$OfPrimitive done
Event: 58.647 Loading class java/util/stream/SpinedBuffer$OfInt done
Event: 58.647 Loading class java/util/stream/Nodes$IntSpinedNodeBuilder done

Classes unloaded (0 events):
No events

Classes redefined (0 events):
No events

Internal exceptions (20 events):
Event: 12.872 Thread 0x0000019d7ad521c0 Exception <a 'java/lang/NoSuchMethodError'{0x000000008d8eaf10}: 'java.lang.Object java.lang.invoke.Invokers$Holder.linkToTargetMethod(java.lang.Object, java.lang.Object, int, int, int, int, int, java.lang.Object)'> (0x000000008d8eaf10) 
thrown [s\open\src\hotspot\share\interpreter\linkResolver.cpp, line 759]
Event: 12.943 Thread 0x0000019d7ad521c0 Exception <a 'java/lang/NoSuchMethodError'{0x000000008d61f0b0}: 'long java.lang.invoke.DirectMethodHandle$Holder.invokeVirtual(java.lang.Object, java.lang.Object)'> (0x000000008d61f0b0) 
thrown [s\open\src\hotspot\share\interpreter\linkResolver.cpp, line 759]
Event: 12.943 Thread 0x0000019d7ad521c0 Exception <a 'java/lang/NoSuchMethodError'{0x000000008d622ac8}: 'long java.lang.invoke.DelegatingMethodHandle$Holder.reinvoke_L(java.lang.Object, java.lang.Object)'> (0x000000008d622ac8) 
thrown [s\open\src\hotspot\share\interpreter\linkResolver.cpp, line 759]
Event: 12.946 Thread 0x0000019d7ad521c0 Implicit null exception at 0x0000019d682ec1d2 to 0x0000019d682ec730
Event: 12.946 Thread 0x0000019d7ad521c0 Implicit null exception at 0x0000019d682f8a52 to 0x0000019d682f8f80
Event: 12.969 Thread 0x0000019d7ad521c0 Exception <a 'sun/nio/fs/WindowsException'{0x000000008d686480}> (0x000000008d686480) 
thrown [s\open\src\hotspot\share\prims\jni.cpp, line 516]
Event: 12.969 Thread 0x0000019d7ad521c0 Exception <a 'sun/nio/fs/WindowsException'{0x000000008d6aab88}> (0x000000008d6aab88) 
thrown [s\open\src\hotspot\share\prims\jni.cpp, line 516]
Event: 12.969 Thread 0x0000019d7ad521c0 Exception <a 'sun/nio/fs/WindowsException'{0x000000008d6ac338}> (0x000000008d6ac338) 
thrown [s\open\src\hotspot\share\prims\jni.cpp, line 516]
Event: 13.010 Thread 0x0000019d7ad521c0 Exception <a 'java/lang/NoSuchMethodError'{0x000000008d3803d0}: 'long java.lang.invoke.DirectMethodHandle$Holder.invokeSpecial(java.lang.Object, java.lang.Object)'> (0x000000008d3803d0) 
thrown [s\open\src\hotspot\share\interpreter\linkResolver.cpp, line 759]
Event: 13.010 Thread 0x0000019d7ad521c0 Exception <a 'java/lang/NoSuchMethodError'{0x000000008d383b10}: 'long java.lang.invoke.Invokers$Holder.invokeExact_MT(java.lang.Object, java.lang.Object)'> (0x000000008d383b10) 
thrown [s\open\src\hotspot\share\interpreter\linkResolver.cpp, line 759]
Event: 13.023 Thread 0x0000019d7ad521c0 Exception <a 'java/lang/NoSuchMethodError'{0x000000008d3fbda8}: 'java.lang.Object java.lang.invoke.DirectMethodHandle$Holder.newInvokeSpecial(java.lang.Object, java.lang.Object, java.lang.Object, int, int, int, int, java.lang.Object)'> (0x000000008d3fbda8) 
thrown [s\open\src\hotspot\share\interpreter\linkResolver.cpp, line 759]
Event: 13.027 Thread 0x0000019d7ad521c0 Exception <a 'java/lang/NoSuchMethodError'{0x000000008d211ff8}: 'java.lang.Object java.lang.invoke.DirectMethodHandle$Holder.invokeSpecial(java.lang.Object, java.lang.Object, int, int, int, int, java.lang.Object)'> (0x000000008d211ff8) 
thrown [s\open\src\hotspot\share\interpreter\linkResolver.cpp, line 759]
Event: 13.027 Thread 0x0000019d7ad521c0 Exception <a 'java/lang/NoSuchMethodError'{0x000000008d219af0}: 'java.lang.Object java.lang.invoke.DirectMethodHandle$Holder.newInvokeSpecial(java.lang.Object, java.lang.Object, int, int, int, int, java.lang.Object)'> (0x000000008d219af0) 
thrown [s\open\src\hotspot\share\interpreter\linkResolver.cpp, line 759]
Event: 13.030 Thread 0x0000019d7ad521c0 Exception <a 'java/lang/NoSuchMethodError'{0x000000008d232ac8}: 'java.lang.Object java.lang.invoke.DirectMethodHandle$Holder.newInvokeSpecial(java.lang.Object, java.lang.Object, double)'> (0x000000008d232ac8) 
thrown [s\open\src\hotspot\share\interpreter\linkResolver.cpp, line 759]
Event: 13.030 Thread 0x0000019d7ad521c0 Exception <a 'java/lang/NoSuchMethodError'{0x000000008d236a30}: 'java.lang.Object java.lang.invoke.DirectMethodHandle$Holder.invokeSpecial(java.lang.Object, java.lang.Object, java.lang.Object, double)'> (0x000000008d236a30) 
thrown [s\open\src\hotspot\share\interpreter\linkResolver.cpp, line 759]
Event: 15.365 Thread 0x0000019d7b214060 Exception <a 'java/lang/NoSuchMethodError'{0x0000000087617b48}: 'java.lang.Object java.lang.invoke.DirectMethodHandle$Holder.invokeStaticInit(java.lang.Object, int)'> (0x0000000087617b48) 
thrown [s\open\src\hotspot\share\interpreter\linkResolver.cpp, line 759]
Event: 16.553 Thread 0x0000019d7ad521c0 Exception <a 'java/lang/NoSuchMethodError'{0x000000008d86c7a8}: 'java.lang.Object java.lang.invoke.DirectMethodHandle$Holder.newInvokeSpecial(java.lang.Object, java.lang.Object, java.lang.Object, double, double, double, double, int, int, int, int, int, int, int, int, int)'> (0x000000008d86c7a8) 
thrown [s\open\src\hotspot\share\interpreter\linkResolver.cpp, line 759]
Event: 37.929 Thread 0x0000019d7ad521c0 Implicit null exception at 0x0000019d68411b8d to 0x0000019d68412130
Event: 39.116 Thread 0x0000019d7ad521c0 Implicit null exception at 0x0000019d6843852c to 0x0000019d6843857c
Event: 45.365 Thread 0x0000019d7ad521c0 Implicit null exception at 0x0000019d6841b26a to 0x0000019d6841c6e0

VM Operations (20 events):
Event: 44.196 Executing VM operation: Cleanup
Event: 44.196 Executing VM operation: Cleanup done
Event: 46.196 Executing VM operation: Cleanup
Event: 46.196 Executing VM operation: Cleanup done
Event: 48.196 Executing VM operation: Cleanup
Event: 48.196 Executing VM operation: Cleanup done
Event: 49.196 Executing VM operation: Cleanup
Event: 49.197 Executing VM operation: Cleanup done
Event: 57.200 Executing VM operation: Cleanup
Event: 57.200 Executing VM operation: Cleanup done
Event: 58.200 Executing VM operation: Cleanup
Event: 58.201 Executing VM operation: Cleanup done
Event: 58.637 Executing VM operation: G1CollectForAllocation
Event: 58.641 Executing VM operation: G1CollectForAllocation done
Event: 60.642 Executing VM operation: Cleanup
Event: 60.642 Executing VM operation: Cleanup done
Event: 62.643 Executing VM operation: Cleanup
Event: 62.643 Executing VM operation: Cleanup done
Event: 63.644 Executing VM operation: Cleanup
Event: 63.644 Executing VM operation: Cleanup done

Events (20 events):
Event: 60.405 Thread 0x0000019d1b8959c0 Thread added: 0x0000019d1b8959c0
Event: 60.405 Thread 0x0000019d1b8959c0 Thread exited: 0x0000019d1b8959c0
Event: 60.406 Thread 0x0000019d1b899d20 Thread added: 0x0000019d1b899d20
Event: 60.406 Thread 0x0000019d1b899d20 Thread exited: 0x0000019d1b899d20
Event: 60.444 Thread 0x0000019d1b89ba00 Thread added: 0x0000019d1b89ba00
Event: 60.444 Thread 0x0000019d1b89ba00 Thread exited: 0x0000019d1b89ba00
Event: 60.445 Thread 0x0000019d1b8976a0 Thread added: 0x0000019d1b8976a0
Event: 60.445 Thread 0x0000019d1b8976a0 Thread exited: 0x0000019d1b8976a0
Event: 60.485 Thread 0x0000019d1b894b50 Thread added: 0x0000019d1b894b50
Event: 60.486 Thread 0x0000019d1b894b50 Thread exited: 0x0000019d1b894b50
Event: 60.486 Thread 0x0000019d1b8976a0 Thread added: 0x0000019d1b8976a0
Event: 60.486 Thread 0x0000019d1b8976a0 Thread exited: 0x0000019d1b8976a0
Event: 60.487 Thread 0x0000019d1b899d20 Thread added: 0x0000019d1b899d20
Event: 60.487 Thread 0x0000019d1b899d20 Thread exited: 0x0000019d1b899d20
Event: 60.488 Thread 0x0000019d1b8971d0 Thread added: 0x0000019d1b8971d0
Event: 60.488 Thread 0x0000019d1b8971d0 Thread exited: 0x0000019d1b8971d0
Event: 60.525 Thread 0x0000019d1b8971d0 Thread added: 0x0000019d1b8971d0
Event: 60.526 Thread 0x0000019d1b8971d0 Thread exited: 0x0000019d1b8971d0
Event: 61.211 Thread 0x0000019d1b8971d0 Thread added: 0x0000019d1b8971d0
Event: 61.212 Thread 0x0000019d1b8971d0 Thread exited: 0x0000019d1b8971d0


Dynamic libraries:
0x00007ff6ed9e0000 - 0x00007ff6ed9f0000 	C:\Program Files\Java\jdk-18.0.2.1\bin\java.exe
0x00007ffe9c790000 - 0x00007ffe9c988000 	C:\Windows\SYSTEM32\ntdll.dll
0x00007ffe9a970000 - 0x00007ffe9aa2f000 	C:\Windows\System32\KERNEL32.DLL
0x00007ffe9a120000 - 0x00007ffe9a3f2000 	C:\Windows\System32\KERNELBASE.dll
0x00007ffe99f10000 - 0x00007ffe9a010000 	C:\Windows\System32\ucrtbase.dll
0x00007ffe96750000 - 0x00007ffe9676a000 	C:\Program Files\Java\jdk-18.0.2.1\bin\VCRUNTIME140.dll
0x00007ffe97270000 - 0x00007ffe97288000 	C:\Program Files\Java\jdk-18.0.2.1\bin\jli.dll
0x00007ffe9ac70000 - 0x00007ffe9ad1e000 	C:\Windows\System32\ADVAPI32.dll
0x00007ffe9b970000 - 0x00007ffe9ba0e000 	C:\Windows\System32\msvcrt.dll
0x00007ffe9ad20000 - 0x00007ffe9adbc000 	C:\Windows\System32\sechost.dll
0x00007ffe9afc0000 - 0x00007ffe9b0e5000 	C:\Windows\System32\RPCRT4.dll
0x00007ffe9aa30000 - 0x00007ffe9abcd000 	C:\Windows\System32\USER32.dll
0x00007ffe9a400000 - 0x00007ffe9a422000 	C:\Windows\System32\win32u.dll
0x00007ffe9bea0000 - 0x00007ffe9becb000 	C:\Windows\System32\GDI32.dll
0x00007ffe9a010000 - 0x00007ffe9a11f000 	C:\Windows\System32\gdi32full.dll
0x00007ffe9a6d0000 - 0x00007ffe9a76d000 	C:\Windows\System32\msvcp_win.dll
0x00007ffe84810000 - 0x00007ffe84aaa000 	C:\Windows\WinSxS\amd64_microsoft.windows.common-controls_6595b64144ccf1df_6.0.19041.1110_none_60b5254171f9507e\COMCTL32.dll
0x00007ffe954f0000 - 0x00007ffe954fa000 	C:\Windows\SYSTEM32\VERSION.dll
0x00007ffe9af10000 - 0x00007ffe9af42000 	C:\Windows\System32\IMM32.DLL
0x00007ffe97520000 - 0x00007ffe9752c000 	C:\Program Files\Java\jdk-18.0.2.1\bin\vcruntime140_1.dll
0x00007ffe95b00000 - 0x00007ffe95b8d000 	C:\Program Files\Java\jdk-18.0.2.1\bin\msvcp140.dll
0x00007ffe3ce40000 - 0x00007ffe3da51000 	C:\Program Files\Java\jdk-18.0.2.1\bin\server\jvm.dll
0x00007ffe9af00000 - 0x00007ffe9af08000 	C:\Windows\System32\PSAPI.DLL
0x00007ffe941a0000 - 0x00007ffe941a9000 	C:\Windows\SYSTEM32\WSOCK32.dll
0x00007ffe9ae90000 - 0x00007ffe9aefb000 	C:\Windows\System32\WS2_32.dll
0x00007ffe84b00000 - 0x00007ffe84b27000 	C:\Windows\SYSTEM32\WINMM.dll
0x00007ffe986a0000 - 0x00007ffe986b2000 	C:\Windows\SYSTEM32\kernel.appcore.dll
0x00007ffe96740000 - 0x00007ffe9674a000 	C:\Program Files\Java\jdk-18.0.2.1\bin\jimage.dll
0x00007ffe97aa0000 - 0x00007ffe97c84000 	C:\Windows\SYSTEM32\DBGHELP.DLL
0x00007ffe85980000 - 0x00007ffe859ac000 	C:\Windows\SYSTEM32\dbgcore.DLL
0x00007ffe9a4e0000 - 0x00007ffe9a562000 	C:\Windows\System32\bcryptPrimitives.dll
0x00007ffe95af0000 - 0x00007ffe95afe000 	C:\Program Files\Java\jdk-18.0.2.1\bin\instrument.dll
0x00007ffe96710000 - 0x00007ffe96735000 	C:\Program Files\Java\jdk-18.0.2.1\bin\java.dll
0x00007ffe91ba0000 - 0x00007ffe91c76000 	C:\Program Files\Java\jdk-18.0.2.1\bin\jsvml.dll
0x00007ffe9bff0000 - 0x00007ffe9c733000 	C:\Windows\System32\SHELL32.dll
0x00007ffe97ef0000 - 0x00007ffe98682000 	C:\Windows\SYSTEM32\windows.storage.dll
0x00007ffe9b610000 - 0x00007ffe9b964000 	C:\Windows\System32\combase.dll
0x00007ffe99730000 - 0x00007ffe99760000 	C:\Windows\SYSTEM32\Wldp.dll
0x00007ffe9b560000 - 0x00007ffe9b60d000 	C:\Windows\System32\SHCORE.dll
0x00007ffe9af60000 - 0x00007ffe9afb5000 	C:\Windows\System32\shlwapi.dll
0x00007ffe99dd0000 - 0x00007ffe99def000 	C:\Windows\SYSTEM32\profapi.dll
0x00007ffe966e0000 - 0x00007ffe966f3000 	C:\Program Files\Java\jdk-18.0.2.1\bin\net.dll
0x00007ffe8fac0000 - 0x00007ffe8fbcc000 	C:\Windows\SYSTEM32\WINHTTP.dll
0x00007ffe99510000 - 0x00007ffe9957a000 	C:\Windows\system32\mswsock.dll
0x00007ffe95c30000 - 0x00007ffe95c46000 	C:\Program Files\Java\jdk-18.0.2.1\bin\nio.dll
0x00007ffe95c10000 - 0x00007ffe95c28000 	C:\Program Files\Java\jdk-18.0.2.1\bin\zip.dll
0x00007ffe95a90000 - 0x00007ffe95aaa000 	E:\IntelliJ IDEA Community Edition 2021.3.2\bin\breakgen64.dll
0x0000019d58e10000 - 0x0000019d58e13000 	C:\Users\DELL\.openjfx\cache\17.0.6\api-ms-win-core-console-l1-1-0.dll
0x0000019d58e20000 - 0x0000019d58e23000 	C:\Users\DELL\.openjfx\cache\17.0.6\api-ms-win-core-console-l1-2-0.dll
0x0000019d58e30000 - 0x0000019d58e33000 	C:\Users\DELL\.openjfx\cache\17.0.6\api-ms-win-core-datetime-l1-1-0.dll
0x0000019d58e40000 - 0x0000019d58e43000 	C:\Users\DELL\.openjfx\cache\17.0.6\api-ms-win-core-debug-l1-1-0.dll
0x0000019d58e50000 - 0x0000019d58e53000 	C:\Users\DELL\.openjfx\cache\17.0.6\api-ms-win-core-errorhandling-l1-1-0.dll
0x0000019d767d0000 - 0x0000019d767d4000 	C:\Users\DELL\.openjfx\cache\17.0.6\api-ms-win-core-file-l1-1-0.dll
0x0000019d767e0000 - 0x0000019d767e3000 	C:\Users\DELL\.openjfx\cache\17.0.6\api-ms-win-core-file-l1-2-0.dll
0x0000019d767f0000 - 0x0000019d767f3000 	C:\Users\DELL\.openjfx\cache\17.0.6\api-ms-win-core-file-l2-1-0.dll
0x0000019d7c4d0000 - 0x0000019d7c4d3000 	C:\Users\DELL\.openjfx\cache\17.0.6\api-ms-win-core-handle-l1-1-0.dll
0x0000019d7c4e0000 - 0x0000019d7c4e3000 	C:\Users\DELL\.openjfx\cache\17.0.6\api-ms-win-core-heap-l1-1-0.dll
0x0000019d7c4f0000 - 0x0000019d7c4f3000 	C:\Users\DELL\.openjfx\cache\17.0.6\api-ms-win-core-interlocked-l1-1-0.dll
0x0000019d7c500000 - 0x0000019d7c503000 	C:\Users\DELL\.openjfx\cache\17.0.6\api-ms-win-core-libraryloader-l1-1-0.dll
0x0000019d7c510000 - 0x0000019d7c513000 	C:\Users\DELL\.openjfx\cache\17.0.6\api-ms-win-core-localization-l1-2-0.dll
0x0000019d7c520000 - 0x0000019d7c523000 	C:\Users\DELL\.openjfx\cache\17.0.6\api-ms-win-core-memory-l1-1-0.dll
0x0000019d7c530000 - 0x0000019d7c533000 	C:\Users\DELL\.openjfx\cache\17.0.6\api-ms-win-core-namedpipe-l1-1-0.dll
0x0000019d7c540000 - 0x0000019d7c543000 	C:\Users\DELL\.openjfx\cache\17.0.6\api-ms-win-core-processenvironment-l1-1-0.dll
0x0000019d7c550000 - 0x0000019d7c553000 	C:\Users\DELL\.openjfx\cache\17.0.6\api-ms-win-core-processthreads-l1-1-0.dll
0x0000019d7c560000 - 0x0000019d7c563000 	C:\Users\DELL\.openjfx\cache\17.0.6\api-ms-win-core-processthreads-l1-1-1.dll
0x0000019d7c570000 - 0x0000019d7c573000 	C:\Users\DELL\.openjfx\cache\17.0.6\api-ms-win-core-profile-l1-1-0.dll
0x0000019d7c580000 - 0x0000019d7c583000 	C:\Users\DELL\.openjfx\cache\17.0.6\api-ms-win-core-rtlsupport-l1-1-0.dll
0x0000019d7c590000 - 0x0000019d7c593000 	C:\Users\DELL\.openjfx\cache\17.0.6\api-ms-win-core-string-l1-1-0.dll
0x0000019d7c5a0000 - 0x0000019d7c5a3000 	C:\Users\DELL\.openjfx\cache\17.0.6\api-ms-win-core-synch-l1-1-0.dll
0x0000019d7c5b0000 - 0x0000019d7c5b3000 	C:\Users\DELL\.openjfx\cache\17.0.6\api-ms-win-core-synch-l1-2-0.dll
0x0000019d7c5c0000 - 0x0000019d7c5c3000 	C:\Users\DELL\.openjfx\cache\17.0.6\api-ms-win-core-sysinfo-l1-1-0.dll
0x0000019d7c5d0000 - 0x0000019d7c5d3000 	C:\Users\DELL\.openjfx\cache\17.0.6\api-ms-win-core-timezone-l1-1-0.dll
0x0000019d7c5e0000 - 0x0000019d7c5e3000 	C:\Users\DELL\.openjfx\cache\17.0.6\api-ms-win-core-util-l1-1-0.dll
0x0000019d7c5f0000 - 0x0000019d7c5f3000 	C:\Users\DELL\.openjfx\cache\17.0.6\api-ms-win-crt-conio-l1-1-0.dll
0x0000019d7c600000 - 0x0000019d7c604000 	C:\Users\DELL\.openjfx\cache\17.0.6\api-ms-win-crt-convert-l1-1-0.dll
0x0000019d7c610000 - 0x0000019d7c613000 	C:\Users\DELL\.openjfx\cache\17.0.6\api-ms-win-crt-environment-l1-1-0.dll
0x0000019d7c620000 - 0x0000019d7c623000 	C:\Users\DELL\.openjfx\cache\17.0.6\api-ms-win-crt-filesystem-l1-1-0.dll
0x0000019d7c630000 - 0x0000019d7c633000 	C:\Users\DELL\.openjfx\cache\17.0.6\api-ms-win-crt-heap-l1-1-0.dll
0x0000019d7c640000 - 0x0000019d7c643000 	C:\Users\DELL\.openjfx\cache\17.0.6\api-ms-win-crt-locale-l1-1-0.dll
0x0000019d7c650000 - 0x0000019d7c655000 	C:\Users\DELL\.openjfx\cache\17.0.6\api-ms-win-crt-math-l1-1-0.dll
0x0000019d7c660000 - 0x0000019d7c665000 	C:\Users\DELL\.openjfx\cache\17.0.6\api-ms-win-crt-multibyte-l1-1-0.dll
0x0000019d7c670000 - 0x0000019d7c680000 	C:\Users\DELL\.openjfx\cache\17.0.6\api-ms-win-crt-private-l1-1-0.dll
0x0000019d7c680000 - 0x0000019d7c683000 	C:\Users\DELL\.openjfx\cache\17.0.6\api-ms-win-crt-process-l1-1-0.dll
0x0000019d7c690000 - 0x0000019d7c694000 	C:\Users\DELL\.openjfx\cache\17.0.6\api-ms-win-crt-runtime-l1-1-0.dll
0x0000019d7c6a0000 - 0x0000019d7c6a4000 	C:\Users\DELL\.openjfx\cache\17.0.6\api-ms-win-crt-stdio-l1-1-0.dll
0x0000019d7c6b0000 - 0x0000019d7c6b4000 	C:\Users\DELL\.openjfx\cache\17.0.6\api-ms-win-crt-string-l1-1-0.dll
0x0000019d7c6c0000 - 0x0000019d7c6c3000 	C:\Users\DELL\.openjfx\cache\17.0.6\api-ms-win-crt-time-l1-1-0.dll
0x0000019d7c6d0000 - 0x0000019d7c6d3000 	C:\Users\DELL\.openjfx\cache\17.0.6\api-ms-win-crt-utility-l1-1-0.dll
0x00007ffe74250000 - 0x00007ffe7434c000 	C:\Users\DELL\.openjfx\cache\17.0.6\ucrtbase.dll
0x00007ffe93880000 - 0x00007ffe9389a000 	C:\Users\DELL\.openjfx\cache\17.0.6\vcruntime140.dll
0x00007ffe93870000 - 0x00007ffe9387c000 	C:\Users\DELL\.openjfx\cache\17.0.6\vcruntime140_1.dll
0x00007ffe8e8f0000 - 0x00007ffe8e97d000 	C:\Users\DELL\.openjfx\cache\17.0.6\msvcp140.dll
0x00007ffe93840000 - 0x00007ffe93849000 	C:\Users\DELL\.openjfx\cache\17.0.6\msvcp140_1.dll
0x00007ffe8e8c0000 - 0x00007ffe8e8ef000 	C:\Users\DELL\.openjfx\cache\17.0.6\msvcp140_2.dll
0x00007ffe8c880000 - 0x00007ffe8c8aa000 	C:\Users\DELL\.openjfx\cache\17.0.6\prism_d3d.dll
0x00007ffe46f80000 - 0x00007ffe4714f000 	C:\Windows\system32\d3d9.dll
0x00007ffe97770000 - 0x00007ffe9779f000 	C:\Windows\SYSTEM32\dwmapi.dll
0x00007ffe97110000 - 0x00007ffe971ae000 	C:\Windows\system32\uxtheme.dll
0x00007ffe45f60000 - 0x00007ffe4610f000 	C:\Windows\System32\DriverStore\FileRepository\iigd_dch.inf_amd64_51f685305808e3a5\igdumdim64.dll
0x00007ffe9a840000 - 0x00007ffe9a96a000 	C:\Windows\System32\ole32.dll
0x00007ffe28170000 - 0x00007ffe2b213000 	C:\Windows\System32\DriverStore\FileRepository\iigd_dch.inf_amd64_51f685305808e3a5\igd9dxva64.dll
0x00007ffe9adc0000 - 0x00007ffe9ae8d000 	C:\Windows\System32\OLEAUT32.dll
0x00007ffe9b0f0000 - 0x00007ffe9b558000 	C:\Windows\System32\SETUPAPI.dll
0x00007ffe99e90000 - 0x00007ffe99ede000 	C:\Windows\System32\cfgmgr32.dll
0x00007ffe99ee0000 - 0x00007ffe99f07000 	C:\Windows\System32\bcrypt.dll
0x00007ffe8e270000 - 0x00007ffe8e679000 	C:\Windows\System32\DriverStore\FileRepository\iigd_dch.inf_amd64_51f685305808e3a5\igdgmm64.dll
0x00007ffe8c830000 - 0x00007ffe8c872000 	C:\Users\DELL\.openjfx\cache\17.0.6\glass.dll
0x00007ffe9bd10000 - 0x00007ffe9bdea000 	C:\Windows\System32\COMDLG32.dll
0x00007ffe9bed0000 - 0x00007ffe9bfe5000 	C:\Windows\System32\MSCTF.dll
0x00007ffe95a10000 - 0x00007ffe95a37000 	C:\Windows\System32\DriverStore\FileRepository\iigd_dch.inf_amd64_51f685305808e3a5\igdinfo64.dll
0x00007ffe66400000 - 0x00007ffe69b94000 	C:\Windows\System32\DriverStore\FileRepository\iigd_dch.inf_amd64_51f685305808e3a5\igc64.dll
0x00007ffe91200000 - 0x00007ffe9123b000 	C:\Windows\SYSTEM32\dxcore.dll
0x00007ffe8c800000 - 0x00007ffe8c82d000 	C:\Users\DELL\.openjfx\cache\17.0.6\javafx_iio.dll
0x00007ffe915c0000 - 0x00007ffe915d4000 	C:\Users\DELL\.openjfx\cache\17.0.6\javafx_font.dll
0x00007ffe7f940000 - 0x00007ffe7fbbf000 	C:\Windows\SYSTEM32\dwrite.dll
0x00007ffe99260000 - 0x00007ffe9932a000 	C:\Windows\SYSTEM32\DNSAPI.dll
0x00007ffe99220000 - 0x00007ffe9925b000 	C:\Windows\SYSTEM32\IPHLPAPI.DLL
0x00007ffe9c740000 - 0x00007ffe9c748000 	C:\Windows\System32\NSI.dll
0x00007ffe91eb0000 - 0x00007ffe91eba000 	C:\Windows\System32\rasadhlp.dll
0x00007ffe8f610000 - 0x00007ffe8f690000 	C:\Windows\System32\fwpuclnt.dll
0x00007ffe99770000 - 0x00007ffe99788000 	C:\Windows\SYSTEM32\CRYPTSP.dll
0x00007ffe98e50000 - 0x00007ffe98e84000 	C:\Windows\system32\rsaenh.dll
0x00007ffe99d50000 - 0x00007ffe99d7e000 	C:\Windows\SYSTEM32\USERENV.dll
0x00007ffe996a0000 - 0x00007ffe996ac000 	C:\Windows\SYSTEM32\CRYPTBASE.dll
0x00007ffe922a0000 - 0x00007ffe922b7000 	C:\Windows\SYSTEM32\dhcpcsvc6.DLL
0x00007ffe92280000 - 0x00007ffe9229d000 	C:\Windows\SYSTEM32\dhcpcsvc.DLL
0x00007ffe91b90000 - 0x00007ffe91b9e000 	C:\Program Files\Java\jdk-18.0.2.1\bin\sunmscapi.dll
0x00007ffe9a570000 - 0x00007ffe9a6c6000 	C:\Windows\System32\CRYPT32.dll

dbghelp: loaded successfully - version: 4.0.5 - missing functions: none
symbol engine: initialized successfully - sym options: 0x614 - pdb path: .;C:\Program Files\Java\jdk-18.0.2.1\bin;C:\Windows\SYSTEM32;C:\Windows\WinSxS\amd64_microsoft.windows.common-controls_6595b64144ccf1df_6.0.19041.1110_none_60b5254171f9507e;C:\Program Files\Java\jdk-18.0.2.1\bin\server;E:\IntelliJ IDEA Community Edition 2021.3.2\bin;C:\Users\DELL\.openjfx\cache\17.0.6;C:\Windows\System32\DriverStore\FileRepository\iigd_dch.inf_amd64_51f685305808e3a5;C:\Program Files\Common Files\Microsoft Shared\Ink

VM Arguments:
jvm_args: -javaagent:E:\IntelliJ IDEA Community Edition 2021.3.2\lib\idea_rt.jar=63049:E:\IntelliJ IDEA Community Edition 2021.3.2\bin -Dfile.encoding=UTF-8 --module-path=C:\Users\DELL\.m2\repository\org\openjfx\javafx-controls\17.0.6\javafx-controls-17.0.6-win.jar;C:\Users\DELL\.m2\repository\com\dlsc\formsfx\formsfx-core\11.6.0\formsfx-core-11.6.0.jar;C:\Users\DELL\.m2\repository\org\kordamp\bootstrapfx\bootstrapfx-core\0.4.0\bootstrapfx-core-0.4.0.jar;C:\Users\DELL\.m2\repository\org\controlsfx\controlsfx\11.1.2\controlsfx-11.1.2.jar;C:\Users\DELL\.m2\repository\org\openjfx\javafx-media\18.0.1\javafx-media-18.0.1-win.jar;D:\CodeCamp\elementarium\target\classes;C:\Users\DELL\.m2\repository\org\openjfx\javafx-fxml\17.0.6\javafx-fxml-17.0.6-win.jar;C:\Users\DELL\.m2\repository\org\openjfx\javafx-graphics\17.0.6\javafx-graphics-17.0.6-win.jar;C:\Users\DELL\.m2\repository\org\openjfx\javafx-base\17.0.6\javafx-base-17.0.6-win.jar -Djdk.module.main=elementarium 
java_command: elementarium/play.Main
java_class_path (initial): C:\Users\DELL\.m2\repository\org\openjfx\javafx-controls\17.0.6\javafx-controls-17.0.6.jar;C:\Users\DELL\.m2\repository\org\openjfx\javafx-graphics\17.0.6\javafx-graphics-17.0.6.jar;C:\Users\DELL\.m2\repository\org\openjfx\javafx-base\17.0.6\javafx-base-17.0.6.jar;C:\Users\DELL\.m2\repository\org\openjfx\javafx-fxml\17.0.6\javafx-fxml-17.0.6.jar;C:\Users\DELL\.m2\repository\com\mysql\mysql-connector-j\8.0.32\mysql-connector-j-8.0.32.jar;C:\Users\DELL\.m2\repository\com\google\protobuf\protobuf-java\3.21.9\protobuf-java-3.21.9.jar;C:\Users\DELL\.m2\repository\org\openjfx\javafx-media\18.0.1\javafx-media-18.0.1.jar
Launcher Type: SUN_STANDARD

[Global flags]
     intx CICompilerCount                          = 3                                         {product} {ergonomic}
     uint ConcGCThreads                            = 1                                         {product} {ergonomic}
     uint G1ConcRefinementThreads                  = 4                                         {product} {ergonomic}
   size_t G1HeapRegionSize                         = 1048576                                   {product} {ergonomic}
    uintx GCDrainStackTargetSize                   = 64                                        {product} {ergonomic}
   size_t InitialHeapSize                          = 132120576                                 {product} {ergonomic}
   size_t MarkStackSize                            = 4194304                                   {product} {ergonomic}
   size_t MaxHeapSize                              = 2113929216                                {product} {ergonomic}
   size_t MaxNewSize                               = 1267728384                                {product} {ergonomic}
   size_t MinHeapDeltaBytes                        = 1048576                                   {product} {ergonomic}
   size_t MinHeapSize                              = 8388608                                   {product} {ergonomic}
    uintx NonNMethodCodeHeapSize                   = 5832780                                {pd product} {ergonomic}
    uintx NonProfiledCodeHeapSize                  = 122912730                              {pd product} {ergonomic}
    uintx ProfiledCodeHeapSize                     = 122912730                              {pd product} {ergonomic}
    uintx ReservedCodeCacheSize                    = 251658240                              {pd product} {ergonomic}
     bool SegmentedCodeCache                       = true                                      {product} {ergonomic}
   size_t SoftMaxHeapSize                          = 2113929216                             {manageable} {ergonomic}
     bool UseCompressedClassPointers               = true                           {product lp64_product} {ergonomic}
     bool UseCompressedOops                        = true                           {product lp64_product} {ergonomic}
     bool UseG1GC                                  = true                                      {product} {ergonomic}
     bool UseLargePagesIndividualAllocation        = false                                  {pd product} {ergonomic}

Logging:
Log output configuration:
 #0: stdout all=warning uptime,level,tags foldmultilines=false
 #1: stderr all=off uptime,level,tags foldmultilines=false

Environment Variables:
PATH=C:\Program Files\Common Files\Oracle\Java\javapath;C:\Program Files (x86)\Common Files\Oracle\Java\javapath;C:\Windows\system32;C:\Windows;C:\Windows\System32\Wbem;C:\Windows\System32\WindowsPowerShell\v1.0\;C:\Program Files\Git\cmd;E:\Yarn\bin\;E:\nodejs\;%JAVA_HOME%\bin;C:\Windows\System32\OpenSSH\;C:\Program Files (x86)\Microsoft SQL Server\160\Tools\Binn\;C:\Program Files\Microsoft SQL Server\160\Tools\Binn\;C:\Program Files\Microsoft SQL Server\Client SDK\ODBC\170\Tools\Binn\;C:\Program Files\Microsoft SQL Server\160\DTS\Binn\;C:\Program Files (x86)\Microsoft SQL Server\160\DTS\Binn\;C:\Program Files\Azure Data Studio\bin;E:\Ruby30-x64\bin;E:\Ruby31-x64\bin;C:\Users\DELL\AppData\Local\Microsoft\WindowsApps;C:\Users\DELL\AppData\Local\GitHubDesktop\bin;C:\Users\DELL\AppData\Local\Yarn\bin;C:\Users\DELL\AppData\Roaming\npm;E:\Microsoft VS Code\bin;C:\ghcup\bin;C:\Program Files\MySQL\MySQL Server 8.0\bin;;C:\Program Files\Azure Data Studio\bin
USERNAME=DELL
OS=Windows_NT
PROCESSOR_IDENTIFIER=Intel64 Family 6 Model 142 Stepping 9, GenuineIntel



---------------  S Y S T E M  ---------------

OS:
 Windows 10 , 64 bit Build 19041 (10.0.19041.2251)
OS uptime: 18 days 6:10 hours
Hyper-V role detected

CPU: total 4 (initial active 4) (2 cores per cpu, 2 threads per core) family 6 model 142 stepping 9 microcode 0xb4, cx8, cmov, fxsr, ht, mmx, 3dnowpref, sse, sse2, sse3, ssse3, sse4.1, sse4.2, popcnt, lzcnt, tsc, tscinvbit, avx, avx2, aes, erms, clmul, bmi1, bmi2, adx, fma, vzeroupper, clflush, clflushopt, hv

Memory: 4k page, system-wide physical 8057M (611M free)
TotalPageFile size 10105M (AvailPageFile size 2M)
current process WorkingSet (physical memory assigned to process): 759M, peak: 829M
current process commit charge ("private bytes"): 831M, peak: 897M

vm_info: Java HotSpot(TM) 64-Bit Server VM (18.0.2.1+1-1) for windows-amd64 JRE (18.0.2.1+1-1), built on Aug 16 2022 01:46:33 by "mach5one" with MS VC++ 16.8 / 16.9 (VS2019)

END.
